<?xml version="1.0" encoding="utf-8"?><testsuites><testsuite name="pytest" errors="0" failures="0" skipped="0" tests="1058" time="122.377" timestamp="2021-04-13T14:14:00.418700" hostname="DESKTOP-R6JGIL5"><testcase classname="azext_iot.tests.central.test_iot_central_unit.TestCentralHelpers" name="test_get_iot_central_tokens" file="..\..\azure-iot-cli-extension-dev\azext_iot\tests\central\test_iot_central_unit.py" line="98" time="0.016" /><testcase classname="azext_iot.tests.central.test_iot_central_unit.TestCentralHelpers" name="test_get_aad_token" file="..\..\azure-iot-cli-extension-dev\azext_iot\tests\central\test_iot_central_unit.py" line="110" time="0.007" /><testcase classname="azext_iot.tests.central.test_iot_central_unit.TestDeviceTwinShow" name="test_device_twin_show_calls_get_twin" file="..\..\azure-iot-cli-extension-dev\azext_iot\tests\central\test_iot_central_unit.py" line="142" time="0.161" /><testcase classname="azext_iot.tests.central.test_iot_central_unit.TestMonitorEvents" name="test_monitor_events_invalid_args[-1-CLIError]" file="..\..\azure-iot-cli-extension-dev\azext_iot\tests\central\test_iot_central_unit.py" line="148" time="0.060" /><testcase classname="azext_iot.tests.central.test_iot_central_unit.TestCentralDeviceProvider" name="test_should_return_device" file="..\..\azure-iot-cli-extension-dev\azext_iot\tests\central\test_iot_central_unit.py" line="158" time="0.008" /><testcase classname="azext_iot.tests.central.test_iot_central_unit.TestCentralDeviceProvider" name="test_should_return_device_template" file="..\..\azure-iot-cli-extension-dev\azext_iot\tests\central\test_iot_central_unit.py" line="174" time="0.007" /><testcase classname="azext_iot.tests.central.test_iot_central_unit.TestCentralPropertyMonitor" name="test_should_return_updated_properties" file="..\..\azure-iot-cli-extension-dev\azext_iot\tests\central\test_iot_central_unit.py" line="203" time="0.065" /><testcase classname="azext_iot.tests.central.test_iot_central_unit.TestCentralPropertyMonitor" name="test_should_return_no_properties" file="..\..\azure-iot-cli-extension-dev\azext_iot\tests\central\test_iot_central_unit.py" line="246" time="0.014" /><testcase classname="azext_iot.tests.central.test_iot_central_unit.TestCentralPropertyMonitor" name="test_validate_properties_declared_multiple_interfaces" file="..\..\azure-iot-cli-extension-dev\azext_iot\tests\central\test_iot_central_unit.py" line="271" time="0.015" /><testcase classname="azext_iot.tests.central.test_iot_central_unit.TestCentralPropertyMonitor" name="test_validate_properties_name_miss_under_interface" file="..\..\azure-iot-cli-extension-dev\azext_iot\tests\central\test_iot_central_unit.py" line="312" time="0.016" /><testcase classname="azext_iot.tests.central.test_iot_central_unit.TestCentralPropertyMonitor" name="test_validate_properties_severity_level" file="..\..\azure-iot-cli-extension-dev\azext_iot\tests\central\test_iot_central_unit.py" line="349" time="0.011" /><testcase classname="azext_iot.tests.central.test_iot_central_unit.TestCentralPropertyMonitor" name="test_validate_properties_name_miss_under_component" file="..\..\azure-iot-cli-extension-dev\azext_iot\tests\central\test_iot_central_unit.py" line="394" time="0.005" /><testcase classname="azext_iot.tests.central.test_iot_central_validator_unit.TestTemplateValidations" name="test_template_interface_list" file="..\..\azure-iot-cli-extension-dev\azext_iot\tests\central\test_iot_central_validator_unit.py" line="17" time="0.004" /><testcase classname="azext_iot.tests.central.test_iot_central_validator_unit.TestTemplateValidations" name="test_template_component_list" file="..\..\azure-iot-cli-extension-dev\azext_iot\tests\central\test_iot_central_validator_unit.py" line="32" time="0.005" /><testcase classname="azext_iot.tests.central.test_iot_central_validator_unit.TestExtractSchemaType" name="test_extract_schema_type_component" file="..\..\azure-iot-cli-extension-dev\azext_iot\tests\central\test_iot_central_validator_unit.py" line="47" time="0.004" /><testcase classname="azext_iot.tests.central.test_iot_central_validator_unit.TestExtractSchemaType" name="test_extract_schema_type_component_identifier" file="..\..\azure-iot-cli-extension-dev\azext_iot\tests\central\test_iot_central_validator_unit.py" line="62" time="0.005" /><testcase classname="azext_iot.tests.central.test_iot_central_validator_unit.TestExtractSchemaType" name="test_extract_schema_type" file="..\..\azure-iot-cli-extension-dev\azext_iot\tests\central\test_iot_central_validator_unit.py" line="79" time="0.003" /><testcase classname="azext_iot.tests.central.test_iot_central_validator_unit.TestPrimitiveValidations" name="test_boolean[True-True]" file="..\..\azure-iot-cli-extension-dev\azext_iot\tests\central\test_iot_central_validator_unit.py" line="104" time="0.003" /><testcase classname="azext_iot.tests.central.test_iot_central_validator_unit.TestPrimitiveValidations" name="test_boolean[False-True]" file="..\..\azure-iot-cli-extension-dev\azext_iot\tests\central\test_iot_central_validator_unit.py" line="104" time="0.002" /><testcase classname="azext_iot.tests.central.test_iot_central_validator_unit.TestPrimitiveValidations" name="test_boolean[False-False]" file="..\..\azure-iot-cli-extension-dev\azext_iot\tests\central\test_iot_central_validator_unit.py" line="104" time="0.005" /><testcase classname="azext_iot.tests.central.test_iot_central_validator_unit.TestPrimitiveValidations" name="test_boolean[True-False]" file="..\..\azure-iot-cli-extension-dev\azext_iot\tests\central\test_iot_central_validator_unit.py" line="104" time="0.004" /><testcase classname="azext_iot.tests.central.test_iot_central_validator_unit.TestPrimitiveValidations" name="test_boolean[1-False]" file="..\..\azure-iot-cli-extension-dev\azext_iot\tests\central\test_iot_central_validator_unit.py" line="104" time="0.003" /><testcase classname="azext_iot.tests.central.test_iot_central_validator_unit.TestPrimitiveValidations" name="test_boolean[0-False]" file="..\..\azure-iot-cli-extension-dev\azext_iot\tests\central\test_iot_central_validator_unit.py" line="104" time="0.004" /><testcase classname="azext_iot.tests.central.test_iot_central_validator_unit.TestPrimitiveValidations" name="test_double_float_long[1-True]" file="..\..\azure-iot-cli-extension-dev\azext_iot\tests\central\test_iot_central_validator_unit.py" line="118" time="0.008" /><testcase classname="azext_iot.tests.central.test_iot_central_validator_unit.TestPrimitiveValidations" name="test_double_float_long[-1-True]" file="..\..\azure-iot-cli-extension-dev\azext_iot\tests\central\test_iot_central_validator_unit.py" line="118" time="0.003" /><testcase classname="azext_iot.tests.central.test_iot_central_validator_unit.TestPrimitiveValidations" name="test_double_float_long[1.1-True]" file="..\..\azure-iot-cli-extension-dev\azext_iot\tests\central\test_iot_central_validator_unit.py" line="118" time="0.009" /><testcase classname="azext_iot.tests.central.test_iot_central_validator_unit.TestPrimitiveValidations" name="test_double_float_long[1-False]" file="..\..\azure-iot-cli-extension-dev\azext_iot\tests\central\test_iot_central_validator_unit.py" line="118" time="0.004" /><testcase classname="azext_iot.tests.central.test_iot_central_validator_unit.TestPrimitiveValidations" name="test_double_float_long[1.1-False]" file="..\..\azure-iot-cli-extension-dev\azext_iot\tests\central\test_iot_central_validator_unit.py" line="118" time="0.014" /><testcase classname="azext_iot.tests.central.test_iot_central_validator_unit.TestPrimitiveValidations" name="test_int[1-True]" file="..\..\azure-iot-cli-extension-dev\azext_iot\tests\central\test_iot_central_validator_unit.py" line="127" time="0.007" /><testcase classname="azext_iot.tests.central.test_iot_central_validator_unit.TestPrimitiveValidations" name="test_int[-1-True]" file="..\..\azure-iot-cli-extension-dev\azext_iot\tests\central\test_iot_central_validator_unit.py" line="127" time="0.004" /><testcase classname="azext_iot.tests.central.test_iot_central_validator_unit.TestPrimitiveValidations" name="test_int[1.1-False0]" file="..\..\azure-iot-cli-extension-dev\azext_iot\tests\central\test_iot_central_validator_unit.py" line="127" time="0.004" /><testcase classname="azext_iot.tests.central.test_iot_central_validator_unit.TestPrimitiveValidations" name="test_int[1-False]" file="..\..\azure-iot-cli-extension-dev\azext_iot\tests\central\test_iot_central_validator_unit.py" line="127" time="0.005" /><testcase classname="azext_iot.tests.central.test_iot_central_validator_unit.TestPrimitiveValidations" name="test_int[1.1-False1]" file="..\..\azure-iot-cli-extension-dev\azext_iot\tests\central\test_iot_central_validator_unit.py" line="127" time="0.008" /><testcase classname="azext_iot.tests.central.test_iot_central_validator_unit.TestPrimitiveValidations" name="test_str[a-True]" file="..\..\azure-iot-cli-extension-dev\azext_iot\tests\central\test_iot_central_validator_unit.py" line="134" time="0.009" /><testcase classname="azext_iot.tests.central.test_iot_central_validator_unit.TestPrimitiveValidations" name="test_str[asd-True]" file="..\..\azure-iot-cli-extension-dev\azext_iot\tests\central\test_iot_central_validator_unit.py" line="134" time="0.004" /><testcase classname="azext_iot.tests.central.test_iot_central_validator_unit.TestPrimitiveValidations" name="test_str[1-False]" file="..\..\azure-iot-cli-extension-dev\azext_iot\tests\central\test_iot_central_validator_unit.py" line="134" time="0.009" /><testcase classname="azext_iot.tests.central.test_iot_central_validator_unit.TestPrimitiveValidations" name="test_str[True-False]" file="..\..\azure-iot-cli-extension-dev\azext_iot\tests\central\test_iot_central_validator_unit.py" line="134" time="0.004" /><testcase classname="azext_iot.tests.central.test_iot_central_validator_unit.TestPrimitiveValidations" name="test_empty" file="..\..\azure-iot-cli-extension-dev\azext_iot\tests\central\test_iot_central_validator_unit.py" line="142" time="0.004" /><testcase classname="azext_iot.tests.central.test_iot_central_validator_unit.TestDateTimeValidations" name="test_is_iso8601_date_pass[20200101]" file="..\..\azure-iot-cli-extension-dev\azext_iot\tests\central\test_iot_central_validator_unit.py" line="152" time="0.004" /><testcase classname="azext_iot.tests.central.test_iot_central_validator_unit.TestDateTimeValidations" name="test_is_iso8601_date_pass[20200101Z]" file="..\..\azure-iot-cli-extension-dev\azext_iot\tests\central\test_iot_central_validator_unit.py" line="152" time="0.008" /><testcase classname="azext_iot.tests.central.test_iot_central_validator_unit.TestDateTimeValidations" name="test_is_iso8601_date_pass[2020-01-01]" file="..\..\azure-iot-cli-extension-dev\azext_iot\tests\central\test_iot_central_validator_unit.py" line="152" time="0.007" /><testcase classname="azext_iot.tests.central.test_iot_central_validator_unit.TestDateTimeValidations" name="test_is_iso8601_date_pass[2020-01-01Z]" file="..\..\azure-iot-cli-extension-dev\azext_iot\tests\central\test_iot_central_validator_unit.py" line="152" time="0.004" /><testcase classname="azext_iot.tests.central.test_iot_central_validator_unit.TestDateTimeValidations" name="test_is_iso8601_datetime_pass[20200101T00:00:00]" file="..\..\azure-iot-cli-extension-dev\azext_iot\tests\central\test_iot_central_validator_unit.py" line="158" time="0.005" /><testcase classname="azext_iot.tests.central.test_iot_central_validator_unit.TestDateTimeValidations" name="test_is_iso8601_datetime_pass[20200101T000000]" file="..\..\azure-iot-cli-extension-dev\azext_iot\tests\central\test_iot_central_validator_unit.py" line="158" time="0.004" /><testcase classname="azext_iot.tests.central.test_iot_central_validator_unit.TestDateTimeValidations" name="test_is_iso8601_datetime_pass[2020-01-01T00:00:00]" file="..\..\azure-iot-cli-extension-dev\azext_iot\tests\central\test_iot_central_validator_unit.py" line="158" time="0.006" /><testcase classname="azext_iot.tests.central.test_iot_central_validator_unit.TestDateTimeValidations" name="test_is_iso8601_datetime_pass[2020-01-01T00:00:00Z]" file="..\..\azure-iot-cli-extension-dev\azext_iot\tests\central\test_iot_central_validator_unit.py" line="158" time="0.005" /><testcase classname="azext_iot.tests.central.test_iot_central_validator_unit.TestDateTimeValidations" name="test_is_iso8601_datetime_pass[2020-01-01T00:00:00.00]" file="..\..\azure-iot-cli-extension-dev\azext_iot\tests\central\test_iot_central_validator_unit.py" line="158" time="0.005" /><testcase classname="azext_iot.tests.central.test_iot_central_validator_unit.TestDateTimeValidations" name="test_is_iso8601_datetime_pass[2020-01-01T00:00:00.00Z]" file="..\..\azure-iot-cli-extension-dev\azext_iot\tests\central\test_iot_central_validator_unit.py" line="158" time="0.009" /><testcase classname="azext_iot.tests.central.test_iot_central_validator_unit.TestDateTimeValidations" name="test_is_iso8601_datetime_pass[2020-01-01T00:00:00.00+08:30]" file="..\..\azure-iot-cli-extension-dev\azext_iot\tests\central\test_iot_central_validator_unit.py" line="158" time="0.007" /><testcase classname="azext_iot.tests.central.test_iot_central_validator_unit.TestDateTimeValidations" name="test_is_iso8601_duration_pass[P32DT7.592380349524318S]" file="..\..\azure-iot-cli-extension-dev\azext_iot\tests\central\test_iot_central_validator_unit.py" line="173" time="0.004" /><testcase classname="azext_iot.tests.central.test_iot_central_validator_unit.TestDateTimeValidations" name="test_is_iso8601_duration_pass[P32DT7S]" file="..\..\azure-iot-cli-extension-dev\azext_iot\tests\central\test_iot_central_validator_unit.py" line="173" time="0.003" /><testcase classname="azext_iot.tests.central.test_iot_central_validator_unit.TestDateTimeValidations" name="test_is_iso8601_time_pass[00:00:00+08:30]" file="..\..\azure-iot-cli-extension-dev\azext_iot\tests\central\test_iot_central_validator_unit.py" line="177" time="0.007" /><testcase classname="azext_iot.tests.central.test_iot_central_validator_unit.TestDateTimeValidations" name="test_is_iso8601_time_pass[00:00:00Z]" file="..\..\azure-iot-cli-extension-dev\azext_iot\tests\central\test_iot_central_validator_unit.py" line="177" time="0.003" /><testcase classname="azext_iot.tests.central.test_iot_central_validator_unit.TestDateTimeValidations" name="test_is_iso8601_time_pass[00:00:00.123Z]" file="..\..\azure-iot-cli-extension-dev\azext_iot\tests\central\test_iot_central_validator_unit.py" line="177" time="0.006" /><testcase classname="azext_iot.tests.central.test_iot_central_validator_unit.TestDateTimeValidations" name="test_is_iso8601_date_fail[2020-13-35]" file="..\..\azure-iot-cli-extension-dev\azext_iot\tests\central\test_iot_central_validator_unit.py" line="184" time="0.005" /><testcase classname="azext_iot.tests.central.test_iot_central_validator_unit.TestDateTimeValidations" name="test_is_iso8601_date_fail[asd]" file="..\..\azure-iot-cli-extension-dev\azext_iot\tests\central\test_iot_central_validator_unit.py" line="184" time="0.005" /><testcase classname="azext_iot.tests.central.test_iot_central_validator_unit.TestDateTimeValidations" name="test_is_iso8601_date_fail[]" file="..\..\azure-iot-cli-extension-dev\azext_iot\tests\central\test_iot_central_validator_unit.py" line="184" time="0.006" /><testcase classname="azext_iot.tests.central.test_iot_central_validator_unit.TestDateTimeValidations" name="test_is_iso8601_date_fail[123.4]" file="..\..\azure-iot-cli-extension-dev\azext_iot\tests\central\test_iot_central_validator_unit.py" line="184" time="0.011" /><testcase classname="azext_iot.tests.central.test_iot_central_validator_unit.TestDateTimeValidations" name="test_is_iso8601_date_fail[123]" file="..\..\azure-iot-cli-extension-dev\azext_iot\tests\central\test_iot_central_validator_unit.py" line="184" time="0.009" /><testcase classname="azext_iot.tests.central.test_iot_central_validator_unit.TestDateTimeValidations" name="test_is_iso8601_date_fail[True]" file="..\..\azure-iot-cli-extension-dev\azext_iot\tests\central\test_iot_central_validator_unit.py" line="184" time="0.004" /><testcase classname="azext_iot.tests.central.test_iot_central_validator_unit.TestDateTimeValidations" name="test_is_iso8601_date_fail[False]" file="..\..\azure-iot-cli-extension-dev\azext_iot\tests\central\test_iot_central_validator_unit.py" line="184" time="0.009" /><testcase classname="azext_iot.tests.central.test_iot_central_validator_unit.TestDateTimeValidations" name="test_is_iso8601_datetime_fail[2020-13-35]" file="..\..\azure-iot-cli-extension-dev\azext_iot\tests\central\test_iot_central_validator_unit.py" line="190" time="0.009" /><testcase classname="azext_iot.tests.central.test_iot_central_validator_unit.TestDateTimeValidations" name="test_is_iso8601_datetime_fail[2020-00-00T]" file="..\..\azure-iot-cli-extension-dev\azext_iot\tests\central\test_iot_central_validator_unit.py" line="190" time="0.009" /><testcase classname="azext_iot.tests.central.test_iot_central_validator_unit.TestDateTimeValidations" name="test_is_iso8601_datetime_fail[asd]" file="..\..\azure-iot-cli-extension-dev\azext_iot\tests\central\test_iot_central_validator_unit.py" line="190" time="0.006" /><testcase classname="azext_iot.tests.central.test_iot_central_validator_unit.TestDateTimeValidations" name="test_is_iso8601_datetime_fail[]" file="..\..\azure-iot-cli-extension-dev\azext_iot\tests\central\test_iot_central_validator_unit.py" line="190" time="0.013" /><testcase classname="azext_iot.tests.central.test_iot_central_validator_unit.TestDateTimeValidations" name="test_is_iso8601_datetime_fail[123.4]" file="..\..\azure-iot-cli-extension-dev\azext_iot\tests\central\test_iot_central_validator_unit.py" line="190" time="0.006" /><testcase classname="azext_iot.tests.central.test_iot_central_validator_unit.TestDateTimeValidations" name="test_is_iso8601_datetime_fail[123]" file="..\..\azure-iot-cli-extension-dev\azext_iot\tests\central\test_iot_central_validator_unit.py" line="190" time="0.006" /><testcase classname="azext_iot.tests.central.test_iot_central_validator_unit.TestDateTimeValidations" name="test_is_iso8601_datetime_fail[True]" file="..\..\azure-iot-cli-extension-dev\azext_iot\tests\central\test_iot_central_validator_unit.py" line="190" time="0.004" /><testcase classname="azext_iot.tests.central.test_iot_central_validator_unit.TestDateTimeValidations" name="test_is_iso8601_datetime_fail[False]" file="..\..\azure-iot-cli-extension-dev\azext_iot\tests\central\test_iot_central_validator_unit.py" line="190" time="0.009" /><testcase classname="azext_iot.tests.central.test_iot_central_validator_unit.TestDateTimeValidations" name="test_is_iso8601_duration_fail[2020-01]" file="..\..\azure-iot-cli-extension-dev\azext_iot\tests\central\test_iot_central_validator_unit.py" line="194" time="0.007" /><testcase classname="azext_iot.tests.central.test_iot_central_validator_unit.TestDateTimeValidations" name="test_is_iso8601_duration_fail[asd]" file="..\..\azure-iot-cli-extension-dev\azext_iot\tests\central\test_iot_central_validator_unit.py" line="194" time="0.005" /><testcase classname="azext_iot.tests.central.test_iot_central_validator_unit.TestDateTimeValidations" name="test_is_iso8601_duration_fail[]" file="..\..\azure-iot-cli-extension-dev\azext_iot\tests\central\test_iot_central_validator_unit.py" line="194" time="0.014" /><testcase classname="azext_iot.tests.central.test_iot_central_validator_unit.TestDateTimeValidations" name="test_is_iso8601_duration_fail[123.4]" file="..\..\azure-iot-cli-extension-dev\azext_iot\tests\central\test_iot_central_validator_unit.py" line="194" time="0.004" /><testcase classname="azext_iot.tests.central.test_iot_central_validator_unit.TestDateTimeValidations" name="test_is_iso8601_duration_fail[123]" file="..\..\azure-iot-cli-extension-dev\azext_iot\tests\central\test_iot_central_validator_unit.py" line="194" time="0.005" /><testcase classname="azext_iot.tests.central.test_iot_central_validator_unit.TestDateTimeValidations" name="test_is_iso8601_duration_fail[True]" file="..\..\azure-iot-cli-extension-dev\azext_iot\tests\central\test_iot_central_validator_unit.py" line="194" time="0.008" /><testcase classname="azext_iot.tests.central.test_iot_central_validator_unit.TestDateTimeValidations" name="test_is_iso8601_duration_fail[False]" file="..\..\azure-iot-cli-extension-dev\azext_iot\tests\central\test_iot_central_validator_unit.py" line="194" time="0.008" /><testcase classname="azext_iot.tests.central.test_iot_central_validator_unit.TestDateTimeValidations" name="test_is_iso8601_time_fail[asd]" file="..\..\azure-iot-cli-extension-dev\azext_iot\tests\central\test_iot_central_validator_unit.py" line="198" time="0.007" /><testcase classname="azext_iot.tests.central.test_iot_central_validator_unit.TestDateTimeValidations" name="test_is_iso8601_time_fail[]" file="..\..\azure-iot-cli-extension-dev\azext_iot\tests\central\test_iot_central_validator_unit.py" line="198" time="0.008" /><testcase classname="azext_iot.tests.central.test_iot_central_validator_unit.TestDateTimeValidations" name="test_is_iso8601_time_fail[123.4]" file="..\..\azure-iot-cli-extension-dev\azext_iot\tests\central\test_iot_central_validator_unit.py" line="198" time="0.004" /><testcase classname="azext_iot.tests.central.test_iot_central_validator_unit.TestDateTimeValidations" name="test_is_iso8601_time_fail[123]" file="..\..\azure-iot-cli-extension-dev\azext_iot\tests\central\test_iot_central_validator_unit.py" line="198" time="0.006" /><testcase classname="azext_iot.tests.central.test_iot_central_validator_unit.TestDateTimeValidations" name="test_is_iso8601_time_fail[True]" file="..\..\azure-iot-cli-extension-dev\azext_iot\tests\central\test_iot_central_validator_unit.py" line="198" time="0.004" /><testcase classname="azext_iot.tests.central.test_iot_central_validator_unit.TestDateTimeValidations" name="test_is_iso8601_time_fail[False]" file="..\..\azure-iot-cli-extension-dev\azext_iot\tests\central\test_iot_central_validator_unit.py" line="198" time="0.004" /><testcase classname="azext_iot.tests.central.test_iot_central_validator_unit.TestPredefinedComplexType" name="test_geopoint[value0-True]" file="..\..\azure-iot-cli-extension-dev\azext_iot\tests\central\test_iot_central_validator_unit.py" line="204" time="0.014" /><testcase classname="azext_iot.tests.central.test_iot_central_validator_unit.TestPredefinedComplexType" name="test_geopoint[value1-True]" file="..\..\azure-iot-cli-extension-dev\azext_iot\tests\central\test_iot_central_validator_unit.py" line="204" time="0.007" /><testcase classname="azext_iot.tests.central.test_iot_central_validator_unit.TestPredefinedComplexType" name="test_geopoint[value2-True]" file="..\..\azure-iot-cli-extension-dev\azext_iot\tests\central\test_iot_central_validator_unit.py" line="204" time="0.004" /><testcase classname="azext_iot.tests.central.test_iot_central_validator_unit.TestPredefinedComplexType" name="test_geopoint[value3-False]" file="..\..\azure-iot-cli-extension-dev\azext_iot\tests\central\test_iot_central_validator_unit.py" line="204" time="0.004" /><testcase classname="azext_iot.tests.central.test_iot_central_validator_unit.TestPredefinedComplexType" name="test_geopoint[value4-False]" file="..\..\azure-iot-cli-extension-dev\azext_iot\tests\central\test_iot_central_validator_unit.py" line="204" time="0.004" /><testcase classname="azext_iot.tests.central.test_iot_central_validator_unit.TestPredefinedComplexType" name="test_geopoint[value5-False]" file="..\..\azure-iot-cli-extension-dev\azext_iot\tests\central\test_iot_central_validator_unit.py" line="204" time="0.005" /><testcase classname="azext_iot.tests.central.test_iot_central_validator_unit.TestPredefinedComplexType" name="test_geopoint[value6-False]" file="..\..\azure-iot-cli-extension-dev\azext_iot\tests\central\test_iot_central_validator_unit.py" line="204" time="0.004" /><testcase classname="azext_iot.tests.central.test_iot_central_validator_unit.TestPredefinedComplexType" name="test_geopoint[value7-False]" file="..\..\azure-iot-cli-extension-dev\azext_iot\tests\central\test_iot_central_validator_unit.py" line="204" time="0.008" /><testcase classname="azext_iot.tests.central.test_iot_central_validator_unit.TestPredefinedComplexType" name="test_geopoint[value8-False]" file="..\..\azure-iot-cli-extension-dev\azext_iot\tests\central\test_iot_central_validator_unit.py" line="204" time="0.006" /><testcase classname="azext_iot.tests.central.test_iot_central_validator_unit.TestPredefinedComplexType" name="test_vector[value0-True]" file="..\..\azure-iot-cli-extension-dev\azext_iot\tests\central\test_iot_central_validator_unit.py" line="221" time="0.010" /><testcase classname="azext_iot.tests.central.test_iot_central_validator_unit.TestPredefinedComplexType" name="test_vector[value1-True]" file="..\..\azure-iot-cli-extension-dev\azext_iot\tests\central\test_iot_central_validator_unit.py" line="221" time="0.009" /><testcase classname="azext_iot.tests.central.test_iot_central_validator_unit.TestPredefinedComplexType" name="test_vector[value2-False]" file="..\..\azure-iot-cli-extension-dev\azext_iot\tests\central\test_iot_central_validator_unit.py" line="221" time="0.011" /><testcase classname="azext_iot.tests.central.test_iot_central_validator_unit.TestPredefinedComplexType" name="test_vector[value3-False]" file="..\..\azure-iot-cli-extension-dev\azext_iot\tests\central\test_iot_central_validator_unit.py" line="221" time="0.005" /><testcase classname="azext_iot.tests.central.test_iot_central_validator_unit.TestPredefinedComplexType" name="test_vector[value4-False]" file="..\..\azure-iot-cli-extension-dev\azext_iot\tests\central\test_iot_central_validator_unit.py" line="221" time="0.006" /><testcase classname="azext_iot.tests.central.test_iot_central_validator_unit.TestPredefinedComplexType" name="test_vector[value5-False]" file="..\..\azure-iot-cli-extension-dev\azext_iot\tests\central\test_iot_central_validator_unit.py" line="221" time="0.004" /><testcase classname="azext_iot.tests.central.test_iot_central_validator_unit.TestPredefinedComplexType" name="test_vector[value6-False]" file="..\..\azure-iot-cli-extension-dev\azext_iot\tests\central\test_iot_central_validator_unit.py" line="221" time="0.008" /><testcase classname="azext_iot.tests.central.test_iot_central_validator_unit.TestPredefinedComplexType" name="test_vector[value7-False]" file="..\..\azure-iot-cli-extension-dev\azext_iot\tests\central\test_iot_central_validator_unit.py" line="221" time="0.008" /><testcase classname="azext_iot.tests.central.test_iot_central_validator_unit.TestPredefinedComplexType" name="test_vector[value8-False]" file="..\..\azure-iot-cli-extension-dev\azext_iot\tests\central\test_iot_central_validator_unit.py" line="221" time="0.008" /><testcase classname="azext_iot.tests.central.test_iot_central_validator_unit.TestComplexType" name="test_int_enum[1-True]" file="..\..\azure-iot-cli-extension-dev\azext_iot\tests\central\test_iot_central_validator_unit.py" line="240" time="0.007" /><testcase classname="azext_iot.tests.central.test_iot_central_validator_unit.TestComplexType" name="test_int_enum[2-True]" file="..\..\azure-iot-cli-extension-dev\azext_iot\tests\central\test_iot_central_validator_unit.py" line="240" time="0.011" /><testcase classname="azext_iot.tests.central.test_iot_central_validator_unit.TestComplexType" name="test_int_enum[3-False]" file="..\..\azure-iot-cli-extension-dev\azext_iot\tests\central\test_iot_central_validator_unit.py" line="240" time="0.009" /><testcase classname="azext_iot.tests.central.test_iot_central_validator_unit.TestComplexType" name="test_int_enum[1-False]" file="..\..\azure-iot-cli-extension-dev\azext_iot\tests\central\test_iot_central_validator_unit.py" line="240" time="0.012" /><testcase classname="azext_iot.tests.central.test_iot_central_validator_unit.TestComplexType" name="test_int_enum[2-False]" file="..\..\azure-iot-cli-extension-dev\azext_iot\tests\central\test_iot_central_validator_unit.py" line="240" time="0.010" /><testcase classname="azext_iot.tests.central.test_iot_central_validator_unit.TestComplexType" name="test_str_enum[A-True]" file="..\..\azure-iot-cli-extension-dev\azext_iot\tests\central\test_iot_central_validator_unit.py" line="249" time="0.005" /><testcase classname="azext_iot.tests.central.test_iot_central_validator_unit.TestComplexType" name="test_str_enum[B-True]" file="..\..\azure-iot-cli-extension-dev\azext_iot\tests\central\test_iot_central_validator_unit.py" line="249" time="0.008" /><testcase classname="azext_iot.tests.central.test_iot_central_validator_unit.TestComplexType" name="test_str_enum[C-False]" file="..\..\azure-iot-cli-extension-dev\azext_iot\tests\central\test_iot_central_validator_unit.py" line="249" time="0.006" /><testcase classname="azext_iot.tests.central.test_iot_central_validator_unit.TestComplexType" name="test_str_enum[1-False]" file="..\..\azure-iot-cli-extension-dev\azext_iot\tests\central\test_iot_central_validator_unit.py" line="249" time="0.007" /><testcase classname="azext_iot.tests.central.test_iot_central_validator_unit.TestComplexType" name="test_str_enum[2-False]" file="..\..\azure-iot-cli-extension-dev\azext_iot\tests\central\test_iot_central_validator_unit.py" line="249" time="0.010" /><testcase classname="azext_iot.tests.central.test_iot_central_validator_unit.TestComplexType" name="test_object_simple[value0-True]" file="..\..\azure-iot-cli-extension-dev\azext_iot\tests\central\test_iot_central_validator_unit.py" line="258" time="0.017" /><testcase classname="azext_iot.tests.central.test_iot_central_validator_unit.TestComplexType" name="test_object_simple[value1-False]" file="..\..\azure-iot-cli-extension-dev\azext_iot\tests\central\test_iot_central_validator_unit.py" line="258" time="0.010" /><testcase classname="azext_iot.tests.central.test_iot_central_validator_unit.TestComplexType" name="test_object_simple[value2-False]" file="..\..\azure-iot-cli-extension-dev\azext_iot\tests\central\test_iot_central_validator_unit.py" line="258" time="0.008" /><testcase classname="azext_iot.tests.central.test_iot_central_validator_unit.TestComplexType" name="test_object_simple[value3-False]" file="..\..\azure-iot-cli-extension-dev\azext_iot\tests\central\test_iot_central_validator_unit.py" line="258" time="0.006" /><testcase classname="azext_iot.tests.central.test_iot_central_validator_unit.TestComplexType" name="test_object_medium[value0-True]" file="..\..\azure-iot-cli-extension-dev\azext_iot\tests\central\test_iot_central_validator_unit.py" line="272" time="0.012" /><testcase classname="azext_iot.tests.central.test_iot_central_validator_unit.TestComplexType" name="test_object_medium[value1-True]" file="..\..\azure-iot-cli-extension-dev\azext_iot\tests\central\test_iot_central_validator_unit.py" line="272" time="0.006" /><testcase classname="azext_iot.tests.central.test_iot_central_validator_unit.TestComplexType" name="test_object_medium[value2-False]" file="..\..\azure-iot-cli-extension-dev\azext_iot\tests\central\test_iot_central_validator_unit.py" line="272" time="0.007" /><testcase classname="azext_iot.tests.central.test_iot_central_validator_unit.TestComplexType" name="test_object_medium[value3-False]" file="..\..\azure-iot-cli-extension-dev\azext_iot\tests\central\test_iot_central_validator_unit.py" line="272" time="0.006" /><testcase classname="azext_iot.tests.central.test_iot_central_validator_unit.TestComplexType" name="test_object_medium[value4-False]" file="..\..\azure-iot-cli-extension-dev\azext_iot\tests\central\test_iot_central_validator_unit.py" line="272" time="0.010" /><testcase classname="azext_iot.tests.central.test_iot_central_validator_unit.TestComplexType" name="test_object_medium[value5-False]" file="..\..\azure-iot-cli-extension-dev\azext_iot\tests\central\test_iot_central_validator_unit.py" line="272" time="0.006" /><testcase classname="azext_iot.tests.central.test_iot_central_validator_unit.TestComplexType" name="test_object_deep[value0-True]" file="..\..\azure-iot-cli-extension-dev\azext_iot\tests\central\test_iot_central_validator_unit.py" line="290" time="0.005" /><testcase classname="azext_iot.tests.central.test_iot_central_validator_unit.TestComplexType" name="test_object_deep[value1-False]" file="..\..\azure-iot-cli-extension-dev\azext_iot\tests\central\test_iot_central_validator_unit.py" line="290" time="0.007" /><testcase classname="azext_iot.tests.central.test_iot_central_validator_unit.TestComplexType" name="test_object_deep[value2-False]" file="..\..\azure-iot-cli-extension-dev\azext_iot\tests\central\test_iot_central_validator_unit.py" line="290" time="0.006" /><testcase classname="azext_iot.tests.digitaltwins.test_dt_provider_unit.TestDigitalTwinsProvider" name="test_get_endpoint[900ca750b51a4c39a0db457bab895e3e-https://900ca750b51a4c39a0db457bab895e3e.subdomain.domain]" file="azext_iot\tests\digitaltwins\test_dt_provider_unit.py" line="67" time="0.069" /><testcase classname="azext_iot.tests.digitaltwins.test_dt_provider_unit.TestDigitalTwinsProvider" name="test_get_endpoint[900ca750b51a4c39a0db457bab895e3e.subdomain.domain-https://900ca750b51a4c39a0db457bab895e3e.subdomain.domain]" file="azext_iot\tests\digitaltwins\test_dt_provider_unit.py" line="67" time="0.055" /><testcase classname="azext_iot.tests.digitaltwins.test_dt_provider_unit.TestDigitalTwinsProvider" name="test_get_endpoint[https://900ca750b51a4c39a0db457bab895e3e.domain-https://900ca750b51a4c39a0db457bab895e3e.domain]" file="azext_iot\tests\digitaltwins\test_dt_provider_unit.py" line="67" time="0.053" /><testcase classname="azext_iot.tests.digitaltwins.test_dt_provider_unit.TestDigitalTwinsProvider" name="test_get_endpoint[http://900ca750b51a4c39a0db457bab895e3e.domain-https://900ca750b51a4c39a0db457bab895e3e.domain]" file="azext_iot\tests\digitaltwins\test_dt_provider_unit.py" line="67" time="0.049" /><testcase classname="azext_iot.tests.digitaltwins.test_dt_twins_unit.TestTwinQueryTwins" name="test_query_twins[select * from digitaltwins-True-servresult0-1]" file="azext_iot\tests\digitaltwins\test_dt_twins_unit.py" line="119" time="0.076" /><testcase classname="azext_iot.tests.digitaltwins.test_dt_twins_unit.TestTwinQueryTwins" name="test_query_twins[select * from digitaltwins-False-servresult1-1]" file="azext_iot\tests\digitaltwins\test_dt_twins_unit.py" line="119" time="0.077" /><testcase classname="azext_iot.tests.digitaltwins.test_dt_twins_unit.TestTwinQueryTwins" name="test_query_twins[select * from digitaltwins-True-servresult2-1]" file="azext_iot\tests\digitaltwins\test_dt_twins_unit.py" line="119" time="0.072" /><testcase classname="azext_iot.tests.digitaltwins.test_dt_twins_unit.TestTwinQueryTwins" name="test_query_twins[select * from digitaltwins-False-servresult3-1]" file="azext_iot\tests\digitaltwins\test_dt_twins_unit.py" line="119" time="0.065" /><testcase classname="azext_iot.tests.digitaltwins.test_dt_twins_unit.TestTwinQueryTwins" name="test_query_twins[select * from digitaltwins-True-servresult4-2]" file="azext_iot\tests\digitaltwins\test_dt_twins_unit.py" line="119" time="0.078" /><testcase classname="azext_iot.tests.digitaltwins.test_dt_twins_unit.TestTwinQueryTwins" name="test_query_twins[select * from digitaltwins-True-servresult5-2]" file="azext_iot\tests\digitaltwins\test_dt_twins_unit.py" line="119" time="0.067" /><testcase classname="azext_iot.tests.digitaltwins.test_dt_twins_unit.TestTwinQueryTwins" name="test_list_relationship_error[service_client_error0]" file="azext_iot\tests\digitaltwins\test_dt_twins_unit.py" line="221" time="0.069" /><testcase classname="azext_iot.tests.digitaltwins.test_dt_twins_unit.TestTwinQueryTwins" name="test_list_relationship_error[service_client_error1]" file="azext_iot\tests\digitaltwins\test_dt_twins_unit.py" line="221" time="0.066" /><testcase classname="azext_iot.tests.digitaltwins.test_dt_twins_unit.TestTwinQueryTwins" name="test_list_relationship_error[service_client_error2]" file="azext_iot\tests\digitaltwins\test_dt_twins_unit.py" line="221" time="0.082" /><testcase classname="azext_iot.tests.digitaltwins.test_dt_twins_unit.TestTwinQueryTwins" name="test_list_relationship_error[service_client_error3]" file="azext_iot\tests\digitaltwins\test_dt_twins_unit.py" line="221" time="0.106" /><testcase classname="azext_iot.tests.digitaltwins.test_dt_twins_unit.TestTwinQueryTwins" name="test_list_relationship_error[service_client_error4]" file="azext_iot\tests\digitaltwins\test_dt_twins_unit.py" line="221" time="0.067" /><testcase classname="azext_iot.tests.digitaltwins.test_dt_twins_unit.TestTwinQueryTwins" name="test_list_relationship_error[service_client_error5]" file="azext_iot\tests\digitaltwins\test_dt_twins_unit.py" line="221" time="0.100" /><testcase classname="azext_iot.tests.digitaltwins.test_dt_twins_unit.TestTwinCreateTwin" name="test_create_twin[False-None-None]" file="azext_iot\tests\digitaltwins\test_dt_twins_unit.py" line="248" time="0.093" /><testcase classname="azext_iot.tests.digitaltwins.test_dt_twins_unit.TestTwinCreateTwin" name="test_create_twin[True-None-None]" file="azext_iot\tests\digitaltwins\test_dt_twins_unit.py" line="248" time="0.064" /><testcase classname="azext_iot.tests.digitaltwins.test_dt_twins_unit.TestTwinCreateTwin" name="test_create_twin[False-None-myrg]" file="azext_iot\tests\digitaltwins\test_dt_twins_unit.py" line="248" time="0.068" /><testcase classname="azext_iot.tests.digitaltwins.test_dt_twins_unit.TestTwinCreateTwin" name="test_create_twin[False-{&quot;a&quot;: &quot;b&quot;}-None]" file="azext_iot\tests\digitaltwins\test_dt_twins_unit.py" line="248" time="0.076" /><testcase classname="azext_iot.tests.digitaltwins.test_dt_twins_unit.TestTwinCreateTwin" name="test_create_twin[False-{&quot;a&quot;: &quot;b&quot;, &quot;c&quot;: &quot;d&quot;}-None]" file="azext_iot\tests\digitaltwins\test_dt_twins_unit.py" line="248" time="0.101" /><testcase classname="azext_iot.tests.digitaltwins.test_dt_twins_unit.TestTwinCreateTwin" name="test_create_twin_error[400]" file="azext_iot\tests\digitaltwins\test_dt_twins_unit.py" line="303" time="0.061" /><testcase classname="azext_iot.tests.digitaltwins.test_dt_twins_unit.TestTwinCreateTwin" name="test_create_twin_error[401]" file="azext_iot\tests\digitaltwins\test_dt_twins_unit.py" line="303" time="0.065" /><testcase classname="azext_iot.tests.digitaltwins.test_dt_twins_unit.TestTwinCreateTwin" name="test_create_twin_error[500]" file="azext_iot\tests\digitaltwins\test_dt_twins_unit.py" line="303" time="0.062" /><testcase classname="azext_iot.tests.digitaltwins.test_dt_twins_unit.TestTwinShowTwin" name="test_show_twin[None]" file="azext_iot\tests\digitaltwins\test_dt_twins_unit.py" line="330" time="0.077" /><testcase classname="azext_iot.tests.digitaltwins.test_dt_twins_unit.TestTwinShowTwin" name="test_show_twin[myrg]" file="azext_iot\tests\digitaltwins\test_dt_twins_unit.py" line="330" time="0.082" /><testcase classname="azext_iot.tests.digitaltwins.test_dt_twins_unit.TestTwinShowTwin" name="test_show_twin_error[400-None]" file="azext_iot\tests\digitaltwins\test_dt_twins_unit.py" line="359" time="0.066" /><testcase classname="azext_iot.tests.digitaltwins.test_dt_twins_unit.TestTwinShowTwin" name="test_show_twin_error[400-myrg]" file="azext_iot\tests\digitaltwins\test_dt_twins_unit.py" line="359" time="0.066" /><testcase classname="azext_iot.tests.digitaltwins.test_dt_twins_unit.TestTwinShowTwin" name="test_show_twin_error[401-None]" file="azext_iot\tests\digitaltwins\test_dt_twins_unit.py" line="359" time="0.070" /><testcase classname="azext_iot.tests.digitaltwins.test_dt_twins_unit.TestTwinShowTwin" name="test_show_twin_error[401-myrg]" file="azext_iot\tests\digitaltwins\test_dt_twins_unit.py" line="359" time="0.069" /><testcase classname="azext_iot.tests.digitaltwins.test_dt_twins_unit.TestTwinShowTwin" name="test_show_twin_error[500-None]" file="azext_iot\tests\digitaltwins\test_dt_twins_unit.py" line="359" time="0.064" /><testcase classname="azext_iot.tests.digitaltwins.test_dt_twins_unit.TestTwinShowTwin" name="test_show_twin_error[500-myrg]" file="azext_iot\tests\digitaltwins\test_dt_twins_unit.py" line="359" time="0.066" /><testcase classname="azext_iot.tests.digitaltwins.test_dt_twins_unit.TestTwinUpdateTwin" name="test_update_twin[{}-None-None]" file="azext_iot\tests\digitaltwins\test_dt_twins_unit.py" line="400" time="0.073" /><testcase classname="azext_iot.tests.digitaltwins.test_dt_twins_unit.TestTwinUpdateTwin" name="test_update_twin[{}-myrg-None]" file="azext_iot\tests\digitaltwins\test_dt_twins_unit.py" line="400" time="0.070" /><testcase classname="azext_iot.tests.digitaltwins.test_dt_twins_unit.TestTwinUpdateTwin" name="test_update_twin[{}-None-AAAA==]" file="azext_iot\tests\digitaltwins\test_dt_twins_unit.py" line="400" time="0.081" /><testcase classname="azext_iot.tests.digitaltwins.test_dt_twins_unit.TestTwinUpdateTwin" name="test_update_twin[{&quot;a&quot;: &quot;b&quot;}-None-None]" file="azext_iot\tests\digitaltwins\test_dt_twins_unit.py" line="400" time="0.073" /><testcase classname="azext_iot.tests.digitaltwins.test_dt_twins_unit.TestTwinUpdateTwin" name="test_update_twin[{&quot;a&quot;: &quot;b&quot;, &quot;c&quot;: &quot;d&quot;}-None-None]" file="azext_iot\tests\digitaltwins\test_dt_twins_unit.py" line="400" time="0.067" /><testcase classname="azext_iot.tests.digitaltwins.test_dt_twins_unit.TestTwinUpdateTwin" name="test_update_twin_error[service_client_error0]" file="azext_iot\tests\digitaltwins\test_dt_twins_unit.py" line="463" time="0.066" /><testcase classname="azext_iot.tests.digitaltwins.test_dt_twins_unit.TestTwinUpdateTwin" name="test_update_twin_error[service_client_error1]" file="azext_iot\tests\digitaltwins\test_dt_twins_unit.py" line="463" time="0.102" /><testcase classname="azext_iot.tests.digitaltwins.test_dt_twins_unit.TestTwinUpdateTwin" name="test_update_twin_error[service_client_error2]" file="azext_iot\tests\digitaltwins\test_dt_twins_unit.py" line="463" time="0.081" /><testcase classname="azext_iot.tests.digitaltwins.test_dt_twins_unit.TestTwinUpdateTwin" name="test_update_twin_error[service_client_error3]" file="azext_iot\tests\digitaltwins\test_dt_twins_unit.py" line="463" time="0.083" /><testcase classname="azext_iot.tests.digitaltwins.test_dt_twins_unit.TestTwinUpdateTwin" name="test_update_twin_error[service_client_error4]" file="azext_iot\tests\digitaltwins\test_dt_twins_unit.py" line="463" time="0.066" /><testcase classname="azext_iot.tests.digitaltwins.test_dt_twins_unit.TestTwinUpdateTwin" name="test_update_twin_error[service_client_error5]" file="azext_iot\tests\digitaltwins\test_dt_twins_unit.py" line="463" time="0.065" /><testcase classname="azext_iot.tests.digitaltwins.test_dt_twins_unit.TestTwinDeleteTwin" name="test_delete_twin[None-None]" file="azext_iot\tests\digitaltwins\test_dt_twins_unit.py" line="491" time="0.066" /><testcase classname="azext_iot.tests.digitaltwins.test_dt_twins_unit.TestTwinDeleteTwin" name="test_delete_twin[myrg-None]" file="azext_iot\tests\digitaltwins\test_dt_twins_unit.py" line="491" time="0.068" /><testcase classname="azext_iot.tests.digitaltwins.test_dt_twins_unit.TestTwinDeleteTwin" name="test_delete_twin[None-AAAA==]" file="azext_iot\tests\digitaltwins\test_dt_twins_unit.py" line="491" time="0.071" /><testcase classname="azext_iot.tests.digitaltwins.test_dt_twins_unit.TestTwinDeleteTwin" name="test_delete_twin_error[400-None-None]" file="azext_iot\tests\digitaltwins\test_dt_twins_unit.py" line="527" time="0.062" /><testcase classname="azext_iot.tests.digitaltwins.test_dt_twins_unit.TestTwinDeleteTwin" name="test_delete_twin_error[400-myrg-None]" file="azext_iot\tests\digitaltwins\test_dt_twins_unit.py" line="527" time="0.074" /><testcase classname="azext_iot.tests.digitaltwins.test_dt_twins_unit.TestTwinDeleteTwin" name="test_delete_twin_error[400-None-AAAA==]" file="azext_iot\tests\digitaltwins\test_dt_twins_unit.py" line="527" time="0.070" /><testcase classname="azext_iot.tests.digitaltwins.test_dt_twins_unit.TestTwinDeleteTwin" name="test_delete_twin_error[401-None-None]" file="azext_iot\tests\digitaltwins\test_dt_twins_unit.py" line="527" time="0.068" /><testcase classname="azext_iot.tests.digitaltwins.test_dt_twins_unit.TestTwinDeleteTwin" name="test_delete_twin_error[401-myrg-None]" file="azext_iot\tests\digitaltwins\test_dt_twins_unit.py" line="527" time="0.066" /><testcase classname="azext_iot.tests.digitaltwins.test_dt_twins_unit.TestTwinDeleteTwin" name="test_delete_twin_error[401-None-AAAA==]" file="azext_iot\tests\digitaltwins\test_dt_twins_unit.py" line="527" time="0.064" /><testcase classname="azext_iot.tests.digitaltwins.test_dt_twins_unit.TestTwinDeleteTwin" name="test_delete_twin_error[500-None-None]" file="azext_iot\tests\digitaltwins\test_dt_twins_unit.py" line="527" time="0.065" /><testcase classname="azext_iot.tests.digitaltwins.test_dt_twins_unit.TestTwinDeleteTwin" name="test_delete_twin_error[500-myrg-None]" file="azext_iot\tests\digitaltwins\test_dt_twins_unit.py" line="527" time="0.068" /><testcase classname="azext_iot.tests.digitaltwins.test_dt_twins_unit.TestTwinDeleteTwin" name="test_delete_twin_error[500-None-AAAA==]" file="azext_iot\tests\digitaltwins\test_dt_twins_unit.py" line="527" time="0.074" /><testcase classname="azext_iot.tests.digitaltwins.test_dt_twins_unit.TestTwinCreateRelationship" name="test_create_relationship[contains-False-None-None]" file="azext_iot\tests\digitaltwins\test_dt_twins_unit.py" line="558" time="0.073" /><testcase classname="azext_iot.tests.digitaltwins.test_dt_twins_unit.TestTwinCreateRelationship" name="test_create_relationship[-False-None-None]" file="azext_iot\tests\digitaltwins\test_dt_twins_unit.py" line="558" time="0.068" /><testcase classname="azext_iot.tests.digitaltwins.test_dt_twins_unit.TestTwinCreateRelationship" name="test_create_relationship[contains-True-None-None]" file="azext_iot\tests\digitaltwins\test_dt_twins_unit.py" line="558" time="0.065" /><testcase classname="azext_iot.tests.digitaltwins.test_dt_twins_unit.TestTwinCreateRelationship" name="test_create_relationship[contains-False-{&quot;a&quot;: &quot;b&quot;}-None]" file="azext_iot\tests\digitaltwins\test_dt_twins_unit.py" line="558" time="0.074" /><testcase classname="azext_iot.tests.digitaltwins.test_dt_twins_unit.TestTwinCreateRelationship" name="test_create_relationship[contains-False-{&quot;a&quot;: &quot;b&quot;, &quot;c&quot;: &quot;d&quot;}-None]" file="azext_iot\tests\digitaltwins\test_dt_twins_unit.py" line="558" time="0.065" /><testcase classname="azext_iot.tests.digitaltwins.test_dt_twins_unit.TestTwinCreateRelationship" name="test_create_relationship[contains-False-None-myrg]" file="azext_iot\tests\digitaltwins\test_dt_twins_unit.py" line="558" time="0.067" /><testcase classname="azext_iot.tests.digitaltwins.test_dt_twins_unit.TestTwinCreateRelationship" name="test_create_relationship_error[400]" file="azext_iot\tests\digitaltwins\test_dt_twins_unit.py" line="617" time="0.076" /><testcase classname="azext_iot.tests.digitaltwins.test_dt_twins_unit.TestTwinCreateRelationship" name="test_create_relationship_error[401]" file="azext_iot\tests\digitaltwins\test_dt_twins_unit.py" line="617" time="0.067" /><testcase classname="azext_iot.tests.digitaltwins.test_dt_twins_unit.TestTwinCreateRelationship" name="test_create_relationship_error[500]" file="azext_iot\tests\digitaltwins\test_dt_twins_unit.py" line="617" time="0.114" /><testcase classname="azext_iot.tests.digitaltwins.test_dt_twins_unit.TestTwinShowRelationship" name="test_show_relationship[None]" file="azext_iot\tests\digitaltwins\test_dt_twins_unit.py" line="645" time="0.066" /><testcase classname="azext_iot.tests.digitaltwins.test_dt_twins_unit.TestTwinShowRelationship" name="test_show_relationship[myrg]" file="azext_iot\tests\digitaltwins\test_dt_twins_unit.py" line="645" time="0.059" /><testcase classname="azext_iot.tests.digitaltwins.test_dt_twins_unit.TestTwinShowRelationship" name="test_show_relationship_error[400]" file="azext_iot\tests\digitaltwins\test_dt_twins_unit.py" line="672" time="0.063" /><testcase classname="azext_iot.tests.digitaltwins.test_dt_twins_unit.TestTwinShowRelationship" name="test_show_relationship_error[401]" file="azext_iot\tests\digitaltwins\test_dt_twins_unit.py" line="672" time="0.070" /><testcase classname="azext_iot.tests.digitaltwins.test_dt_twins_unit.TestTwinShowRelationship" name="test_show_relationship_error[500]" file="azext_iot\tests\digitaltwins\test_dt_twins_unit.py" line="672" time="0.067" /><testcase classname="azext_iot.tests.digitaltwins.test_dt_twins_unit.TestTwinUpdateRelationship" name="test_update_relationship[{}-None-None]" file="azext_iot\tests\digitaltwins\test_dt_twins_unit.py" line="710" time="0.090" /><testcase classname="azext_iot.tests.digitaltwins.test_dt_twins_unit.TestTwinUpdateRelationship" name="test_update_relationship[{&quot;a&quot;: &quot;b&quot;}-None-None]" file="azext_iot\tests\digitaltwins\test_dt_twins_unit.py" line="710" time="0.062" /><testcase classname="azext_iot.tests.digitaltwins.test_dt_twins_unit.TestTwinUpdateRelationship" name="test_update_relationship[{&quot;a&quot;: &quot;b&quot;}-myrg-None]" file="azext_iot\tests\digitaltwins\test_dt_twins_unit.py" line="710" time="0.070" /><testcase classname="azext_iot.tests.digitaltwins.test_dt_twins_unit.TestTwinUpdateRelationship" name="test_update_relationship[{&quot;a&quot;: &quot;b&quot;}-None-AAAA==]" file="azext_iot\tests\digitaltwins\test_dt_twins_unit.py" line="710" time="0.071" /><testcase classname="azext_iot.tests.digitaltwins.test_dt_twins_unit.TestTwinUpdateRelationship" name="test_update_relationship[{&quot;a&quot;: &quot;b&quot;, &quot;c&quot;: &quot;d&quot;}-None-None]" file="azext_iot\tests\digitaltwins\test_dt_twins_unit.py" line="710" time="0.070" /><testcase classname="azext_iot.tests.digitaltwins.test_dt_twins_unit.TestTwinUpdateRelationship" name="test_update_relationship_error[service_client_error0]" file="azext_iot\tests\digitaltwins\test_dt_twins_unit.py" line="773" time="0.073" /><testcase classname="azext_iot.tests.digitaltwins.test_dt_twins_unit.TestTwinUpdateRelationship" name="test_update_relationship_error[service_client_error1]" file="azext_iot\tests\digitaltwins\test_dt_twins_unit.py" line="773" time="0.063" /><testcase classname="azext_iot.tests.digitaltwins.test_dt_twins_unit.TestTwinUpdateRelationship" name="test_update_relationship_error[service_client_error2]" file="azext_iot\tests\digitaltwins\test_dt_twins_unit.py" line="773" time="0.062" /><testcase classname="azext_iot.tests.digitaltwins.test_dt_twins_unit.TestTwinUpdateRelationship" name="test_update_relationship_error[service_client_error3]" file="azext_iot\tests\digitaltwins\test_dt_twins_unit.py" line="773" time="0.062" /><testcase classname="azext_iot.tests.digitaltwins.test_dt_twins_unit.TestTwinUpdateRelationship" name="test_update_relationship_error[service_client_error4]" file="azext_iot\tests\digitaltwins\test_dt_twins_unit.py" line="773" time="0.083" /><testcase classname="azext_iot.tests.digitaltwins.test_dt_twins_unit.TestTwinUpdateRelationship" name="test_update_relationship_error[service_client_error5]" file="azext_iot\tests\digitaltwins\test_dt_twins_unit.py" line="773" time="0.070" /><testcase classname="azext_iot.tests.digitaltwins.test_dt_twins_unit.TestTwinListRelationship" name="test_list_relationship[False-None-None-servresult0-1]" file="azext_iot\tests\digitaltwins\test_dt_twins_unit.py" line="791" time="0.066" /><testcase classname="azext_iot.tests.digitaltwins.test_dt_twins_unit.TestTwinListRelationship" name="test_list_relationship[True-None-None-servresult1-1]" file="azext_iot\tests\digitaltwins\test_dt_twins_unit.py" line="791" time="0.078" /><testcase classname="azext_iot.tests.digitaltwins.test_dt_twins_unit.TestTwinListRelationship" name="test_list_relationship[False--None-servresult2-1]" file="azext_iot\tests\digitaltwins\test_dt_twins_unit.py" line="791" time="0.072" /><testcase classname="azext_iot.tests.digitaltwins.test_dt_twins_unit.TestTwinListRelationship" name="test_list_relationship[True--None-servresult3-1]" file="azext_iot\tests\digitaltwins\test_dt_twins_unit.py" line="791" time="0.082" /><testcase classname="azext_iot.tests.digitaltwins.test_dt_twins_unit.TestTwinListRelationship" name="test_list_relationship[False--None-servresult4-1]" file="azext_iot\tests\digitaltwins\test_dt_twins_unit.py" line="791" time="0.064" /><testcase classname="azext_iot.tests.digitaltwins.test_dt_twins_unit.TestTwinListRelationship" name="test_list_relationship[False-contains-None-servresult5-1]" file="azext_iot\tests\digitaltwins\test_dt_twins_unit.py" line="791" time="0.093" /><testcase classname="azext_iot.tests.digitaltwins.test_dt_twins_unit.TestTwinListRelationship" name="test_list_relationship[True-contains-None-servresult6-1]" file="azext_iot\tests\digitaltwins\test_dt_twins_unit.py" line="791" time="0.120" /><testcase classname="azext_iot.tests.digitaltwins.test_dt_twins_unit.TestTwinListRelationship" name="test_list_relationship[False-contains-None-servresult7-1]" file="azext_iot\tests\digitaltwins\test_dt_twins_unit.py" line="791" time="0.105" /><testcase classname="azext_iot.tests.digitaltwins.test_dt_twins_unit.TestTwinListRelationship" name="test_list_relationship[True-contains-None-servresult8-1]" file="azext_iot\tests\digitaltwins\test_dt_twins_unit.py" line="791" time="0.058" /><testcase classname="azext_iot.tests.digitaltwins.test_dt_twins_unit.TestTwinListRelationship" name="test_list_relationship[False-contains-None-servresult9-1]" file="azext_iot\tests\digitaltwins\test_dt_twins_unit.py" line="791" time="0.066" /><testcase classname="azext_iot.tests.digitaltwins.test_dt_twins_unit.TestTwinListRelationship" name="test_list_relationship[True-contains-None-servresult10-2]" file="azext_iot\tests\digitaltwins\test_dt_twins_unit.py" line="791" time="0.069" /><testcase classname="azext_iot.tests.digitaltwins.test_dt_twins_unit.TestTwinListRelationship" name="test_list_relationship[False-contains-None-servresult11-2]" file="azext_iot\tests\digitaltwins\test_dt_twins_unit.py" line="791" time="0.071" /><testcase classname="azext_iot.tests.digitaltwins.test_dt_twins_unit.TestTwinListRelationship" name="test_list_relationship[True-contains-None-servresult12-1]" file="azext_iot\tests\digitaltwins\test_dt_twins_unit.py" line="791" time="0.077" /><testcase classname="azext_iot.tests.digitaltwins.test_dt_twins_unit.TestTwinListRelationship" name="test_list_relationship[False-None-myrg-servresult13-1]" file="azext_iot\tests\digitaltwins\test_dt_twins_unit.py" line="791" time="0.072" /><testcase classname="azext_iot.tests.digitaltwins.test_dt_twins_unit.TestTwinListRelationship" name="test_list_relationship_error[service_client_error0]" file="azext_iot\tests\digitaltwins\test_dt_twins_unit.py" line="915" time="0.064" /><testcase classname="azext_iot.tests.digitaltwins.test_dt_twins_unit.TestTwinListRelationship" name="test_list_relationship_error[service_client_error1]" file="azext_iot\tests\digitaltwins\test_dt_twins_unit.py" line="915" time="0.060" /><testcase classname="azext_iot.tests.digitaltwins.test_dt_twins_unit.TestTwinListRelationship" name="test_list_relationship_error[service_client_error2]" file="azext_iot\tests\digitaltwins\test_dt_twins_unit.py" line="915" time="0.093" /><testcase classname="azext_iot.tests.digitaltwins.test_dt_twins_unit.TestTwinListRelationship" name="test_list_relationship_error[service_client_error3]" file="azext_iot\tests\digitaltwins\test_dt_twins_unit.py" line="915" time="0.071" /><testcase classname="azext_iot.tests.digitaltwins.test_dt_twins_unit.TestTwinListRelationship" name="test_list_relationship_error[service_client_error4]" file="azext_iot\tests\digitaltwins\test_dt_twins_unit.py" line="915" time="0.065" /><testcase classname="azext_iot.tests.digitaltwins.test_dt_twins_unit.TestTwinListRelationship" name="test_list_relationship_error[service_client_error5]" file="azext_iot\tests\digitaltwins\test_dt_twins_unit.py" line="915" time="0.070" /><testcase classname="azext_iot.tests.digitaltwins.test_dt_twins_unit.TestTwinDeleteRelationship" name="test_delete_relationship[None-None]" file="azext_iot\tests\digitaltwins\test_dt_twins_unit.py" line="943" time="0.069" /><testcase classname="azext_iot.tests.digitaltwins.test_dt_twins_unit.TestTwinDeleteRelationship" name="test_delete_relationship[myrg-None]" file="azext_iot\tests\digitaltwins\test_dt_twins_unit.py" line="943" time="0.074" /><testcase classname="azext_iot.tests.digitaltwins.test_dt_twins_unit.TestTwinDeleteRelationship" name="test_delete_relationship[None-AAAA==]" file="azext_iot\tests\digitaltwins\test_dt_twins_unit.py" line="943" time="0.066" /><testcase classname="azext_iot.tests.digitaltwins.test_dt_twins_unit.TestTwinDeleteRelationship" name="test_delete_relationship_error[400]" file="azext_iot\tests\digitaltwins\test_dt_twins_unit.py" line="980" time="0.071" /><testcase classname="azext_iot.tests.digitaltwins.test_dt_twins_unit.TestTwinDeleteRelationship" name="test_delete_relationship_error[401]" file="azext_iot\tests\digitaltwins\test_dt_twins_unit.py" line="980" time="0.066" /><testcase classname="azext_iot.tests.digitaltwins.test_dt_twins_unit.TestTwinDeleteRelationship" name="test_delete_relationship_error[500]" file="azext_iot\tests\digitaltwins\test_dt_twins_unit.py" line="980" time="0.067" /><testcase classname="azext_iot.tests.digitaltwins.test_dt_twins_unit.TestTwinSendTelemetry" name="test_send_telemetry[None-None-{}-None]" file="azext_iot\tests\digitaltwins\test_dt_twins_unit.py" line="1019" time="0.098" /><testcase classname="azext_iot.tests.digitaltwins.test_dt_twins_unit.TestTwinSendTelemetry" name="test_send_telemetry[DT_ID-None-{}-None]" file="azext_iot\tests\digitaltwins\test_dt_twins_unit.py" line="1019" time="0.063" /><testcase classname="azext_iot.tests.digitaltwins.test_dt_twins_unit.TestTwinSendTelemetry" name="test_send_telemetry[None-7f8d5e325ebc42a6b9ced1db82fcb35c-{}-None]" file="azext_iot\tests\digitaltwins\test_dt_twins_unit.py" line="1019" time="0.067" /><testcase classname="azext_iot.tests.digitaltwins.test_dt_twins_unit.TestTwinSendTelemetry" name="test_send_telemetry[None-None-{&quot;a&quot;: &quot;b&quot;}-None]" file="azext_iot\tests\digitaltwins\test_dt_twins_unit.py" line="1019" time="0.075" /><testcase classname="azext_iot.tests.digitaltwins.test_dt_twins_unit.TestTwinSendTelemetry" name="test_send_telemetry[None-None-{&quot;a&quot;: &quot;b&quot;, &quot;c&quot;: &quot;d&quot;}-None]" file="azext_iot\tests\digitaltwins\test_dt_twins_unit.py" line="1019" time="0.076" /><testcase classname="azext_iot.tests.digitaltwins.test_dt_twins_unit.TestTwinSendTelemetry" name="test_send_telemetry[None-None-{}-myrg]" file="azext_iot\tests\digitaltwins\test_dt_twins_unit.py" line="1019" time="0.079" /><testcase classname="azext_iot.tests.digitaltwins.test_dt_twins_unit.TestTwinSendTelemetry" name="test_send_telemetry_error[service_client_error0]" file="azext_iot\tests\digitaltwins\test_dt_twins_unit.py" line="1098" time="0.104" /><testcase classname="azext_iot.tests.digitaltwins.test_dt_twins_unit.TestTwinSendTelemetry" name="test_send_telemetry_error[service_client_error1]" file="azext_iot\tests\digitaltwins\test_dt_twins_unit.py" line="1098" time="0.065" /><testcase classname="azext_iot.tests.digitaltwins.test_dt_twins_unit.TestTwinSendTelemetry" name="test_send_telemetry_error[service_client_error2]" file="azext_iot\tests\digitaltwins\test_dt_twins_unit.py" line="1098" time="0.067" /><testcase classname="azext_iot.tests.digitaltwins.test_dt_twins_unit.TestTwinSendTelemetry" name="test_send_telemetry_error[service_client_error3]" file="azext_iot\tests\digitaltwins\test_dt_twins_unit.py" line="1098" time="0.071" /><testcase classname="azext_iot.tests.digitaltwins.test_dt_twins_unit.TestTwinSendTelemetry" name="test_send_telemetry_error[service_client_error4]" file="azext_iot\tests\digitaltwins\test_dt_twins_unit.py" line="1098" time="0.065" /><testcase classname="azext_iot.tests.digitaltwins.test_dt_twins_unit.TestTwinSendTelemetry" name="test_send_telemetry_error[service_client_error5]" file="azext_iot\tests\digitaltwins\test_dt_twins_unit.py" line="1098" time="0.062" /><testcase classname="azext_iot.tests.digitaltwins.test_dt_twins_unit.TestTwinShowComponent" name="test_show_component[None]" file="azext_iot\tests\digitaltwins\test_dt_twins_unit.py" line="1127" time="0.062" /><testcase classname="azext_iot.tests.digitaltwins.test_dt_twins_unit.TestTwinShowComponent" name="test_show_component[myrg]" file="azext_iot\tests\digitaltwins\test_dt_twins_unit.py" line="1127" time="0.067" /><testcase classname="azext_iot.tests.digitaltwins.test_dt_twins_unit.TestTwinShowComponent" name="test_show_component_error[400]" file="azext_iot\tests\digitaltwins\test_dt_twins_unit.py" line="1154" time="0.064" /><testcase classname="azext_iot.tests.digitaltwins.test_dt_twins_unit.TestTwinShowComponent" name="test_show_component_error[401]" file="azext_iot\tests\digitaltwins\test_dt_twins_unit.py" line="1154" time="0.065" /><testcase classname="azext_iot.tests.digitaltwins.test_dt_twins_unit.TestTwinShowComponent" name="test_show_component_error[500]" file="azext_iot\tests\digitaltwins\test_dt_twins_unit.py" line="1154" time="0.062" /><testcase classname="azext_iot.tests.digitaltwins.test_dt_twins_unit.TestTwinUpdateComponent" name="test_update_component[{}-None-None]" file="azext_iot\tests\digitaltwins\test_dt_twins_unit.py" line="1192" time="0.069" /><testcase classname="azext_iot.tests.digitaltwins.test_dt_twins_unit.TestTwinUpdateComponent" name="test_update_component[{&quot;a&quot;: &quot;b&quot;}-None-None]" file="azext_iot\tests\digitaltwins\test_dt_twins_unit.py" line="1192" time="0.071" /><testcase classname="azext_iot.tests.digitaltwins.test_dt_twins_unit.TestTwinUpdateComponent" name="test_update_component[{&quot;a&quot;: &quot;b&quot;, &quot;c&quot;: &quot;d&quot;}-None-None]" file="azext_iot\tests\digitaltwins\test_dt_twins_unit.py" line="1192" time="0.089" /><testcase classname="azext_iot.tests.digitaltwins.test_dt_twins_unit.TestTwinUpdateComponent" name="test_update_component[{&quot;a&quot;: &quot;b&quot;}-myrg-None]" file="azext_iot\tests\digitaltwins\test_dt_twins_unit.py" line="1192" time="0.075" /><testcase classname="azext_iot.tests.digitaltwins.test_dt_twins_unit.TestTwinUpdateComponent" name="test_update_component[{&quot;a&quot;: &quot;b&quot;}-None-AAAA==]" file="azext_iot\tests\digitaltwins\test_dt_twins_unit.py" line="1192" time="0.086" /><testcase classname="azext_iot.tests.digitaltwins.test_dt_twins_unit.TestTwinUpdateComponent" name="test_update_component_error[400]" file="azext_iot\tests\digitaltwins\test_dt_twins_unit.py" line="1244" time="0.086" /><testcase classname="azext_iot.tests.digitaltwins.test_dt_twins_unit.TestTwinUpdateComponent" name="test_update_component_error[401]" file="azext_iot\tests\digitaltwins\test_dt_twins_unit.py" line="1244" time="0.104" /><testcase classname="azext_iot.tests.digitaltwins.test_dt_twins_unit.TestTwinUpdateComponent" name="test_update_component_error[500]" file="azext_iot\tests\digitaltwins\test_dt_twins_unit.py" line="1244" time="0.072" /><testcase classname="azext_iot.tests.dps.test_iot_dps_unit.TestEnrollmentCreate" name="test_enrollment_create[req0]" file="azext_iot\tests\dps\test_iot_dps_unit.py" line="117" time="0.047" /><testcase classname="azext_iot.tests.dps.test_iot_dps_unit.TestEnrollmentCreate" name="test_enrollment_create[req1]" file="azext_iot\tests\dps\test_iot_dps_unit.py" line="117" time="0.034" /><testcase classname="azext_iot.tests.dps.test_iot_dps_unit.TestEnrollmentCreate" name="test_enrollment_create[req2]" file="azext_iot\tests\dps\test_iot_dps_unit.py" line="117" time="0.041" /><testcase classname="azext_iot.tests.dps.test_iot_dps_unit.TestEnrollmentCreate" name="test_enrollment_create[req3]" file="azext_iot\tests\dps\test_iot_dps_unit.py" line="117" time="0.039" /><testcase classname="azext_iot.tests.dps.test_iot_dps_unit.TestEnrollmentCreate" name="test_enrollment_create[req4]" file="azext_iot\tests\dps\test_iot_dps_unit.py" line="117" time="0.036" /><testcase classname="azext_iot.tests.dps.test_iot_dps_unit.TestEnrollmentCreate" name="test_enrollment_create[req5]" file="azext_iot\tests\dps\test_iot_dps_unit.py" line="117" time="0.036" /><testcase classname="azext_iot.tests.dps.test_iot_dps_unit.TestEnrollmentCreate" name="test_enrollment_create[req6]" file="azext_iot\tests\dps\test_iot_dps_unit.py" line="117" time="0.038" /><testcase classname="azext_iot.tests.dps.test_iot_dps_unit.TestEnrollmentCreate" name="test_enrollment_create[req7]" file="azext_iot\tests\dps\test_iot_dps_unit.py" line="117" time="0.036" /><testcase classname="azext_iot.tests.dps.test_iot_dps_unit.TestEnrollmentCreate" name="test_enrollment_create[req8]" file="azext_iot\tests\dps\test_iot_dps_unit.py" line="117" time="0.035" /><testcase classname="azext_iot.tests.dps.test_iot_dps_unit.TestEnrollmentCreate" name="test_enrollment_create[req9]" file="azext_iot\tests\dps\test_iot_dps_unit.py" line="117" time="0.040" /><testcase classname="azext_iot.tests.dps.test_iot_dps_unit.TestEnrollmentCreate" name="test_enrollment_create[req10]" file="azext_iot\tests\dps\test_iot_dps_unit.py" line="117" time="0.035" /><testcase classname="azext_iot.tests.dps.test_iot_dps_unit.TestEnrollmentCreate" name="test_enrollment_create[req11]" file="azext_iot\tests\dps\test_iot_dps_unit.py" line="117" time="0.038" /><testcase classname="azext_iot.tests.dps.test_iot_dps_unit.TestEnrollmentCreate" name="test_enrollment_create[req12]" file="azext_iot\tests\dps\test_iot_dps_unit.py" line="117" time="0.034" /><testcase classname="azext_iot.tests.dps.test_iot_dps_unit.TestEnrollmentCreate" name="test_enrollment_create[req13]" file="azext_iot\tests\dps\test_iot_dps_unit.py" line="117" time="0.058" /><testcase classname="azext_iot.tests.dps.test_iot_dps_unit.TestEnrollmentCreate" name="test_enrollment_create[req14]" file="azext_iot\tests\dps\test_iot_dps_unit.py" line="117" time="0.053" /><testcase classname="azext_iot.tests.dps.test_iot_dps_unit.TestEnrollmentCreate" name="test_enrollment_create[req15]" file="azext_iot\tests\dps\test_iot_dps_unit.py" line="117" time="0.039" /><testcase classname="azext_iot.tests.dps.test_iot_dps_unit.TestEnrollmentCreate" name="test_enrollment_create[req16]" file="azext_iot\tests\dps\test_iot_dps_unit.py" line="117" time="0.073" /><testcase classname="azext_iot.tests.dps.test_iot_dps_unit.TestEnrollmentCreate" name="test_enrollment_create[req17]" file="azext_iot\tests\dps\test_iot_dps_unit.py" line="117" time="0.037" /><testcase classname="azext_iot.tests.dps.test_iot_dps_unit.TestEnrollmentCreate" name="test_enrollment_create[req18]" file="azext_iot\tests\dps\test_iot_dps_unit.py" line="117" time="0.036" /><testcase classname="azext_iot.tests.dps.test_iot_dps_unit.TestEnrollmentCreate" name="test_enrollment_create_invalid_args[req0]" file="azext_iot\tests\dps\test_iot_dps_unit.py" line="273" time="0.028" /><testcase classname="azext_iot.tests.dps.test_iot_dps_unit.TestEnrollmentCreate" name="test_enrollment_create_invalid_args[req1]" file="azext_iot\tests\dps\test_iot_dps_unit.py" line="273" time="0.026" /><testcase classname="azext_iot.tests.dps.test_iot_dps_unit.TestEnrollmentCreate" name="test_enrollment_create_invalid_args[req2]" file="azext_iot\tests\dps\test_iot_dps_unit.py" line="273" time="0.033" /><testcase classname="azext_iot.tests.dps.test_iot_dps_unit.TestEnrollmentCreate" name="test_enrollment_create_invalid_args[req3]" file="azext_iot\tests\dps\test_iot_dps_unit.py" line="273" time="0.026" /><testcase classname="azext_iot.tests.dps.test_iot_dps_unit.TestEnrollmentCreate" name="test_enrollment_create_invalid_args[req4]" file="azext_iot\tests\dps\test_iot_dps_unit.py" line="273" time="0.032" /><testcase classname="azext_iot.tests.dps.test_iot_dps_unit.TestEnrollmentCreate" name="test_enrollment_create_invalid_args[req5]" file="azext_iot\tests\dps\test_iot_dps_unit.py" line="273" time="0.030" /><testcase classname="azext_iot.tests.dps.test_iot_dps_unit.TestEnrollmentCreate" name="test_enrollment_create_invalid_args[req6]" file="azext_iot\tests\dps\test_iot_dps_unit.py" line="273" time="0.031" /><testcase classname="azext_iot.tests.dps.test_iot_dps_unit.TestEnrollmentCreate" name="test_enrollment_create_invalid_args[req7]" file="azext_iot\tests\dps\test_iot_dps_unit.py" line="273" time="0.033" /><testcase classname="azext_iot.tests.dps.test_iot_dps_unit.TestEnrollmentCreate" name="test_enrollment_create_invalid_args[req8]" file="azext_iot\tests\dps\test_iot_dps_unit.py" line="273" time="0.026" /><testcase classname="azext_iot.tests.dps.test_iot_dps_unit.TestEnrollmentCreate" name="test_enrollment_create_invalid_args[req9]" file="azext_iot\tests\dps\test_iot_dps_unit.py" line="273" time="0.031" /><testcase classname="azext_iot.tests.dps.test_iot_dps_unit.TestEnrollmentCreate" name="test_enrollment_create_invalid_args[req10]" file="azext_iot\tests\dps\test_iot_dps_unit.py" line="273" time="0.025" /><testcase classname="azext_iot.tests.dps.test_iot_dps_unit.TestEnrollmentCreate" name="test_enrollment_create_invalid_args[req11]" file="azext_iot\tests\dps\test_iot_dps_unit.py" line="273" time="0.032" /><testcase classname="azext_iot.tests.dps.test_iot_dps_unit.TestEnrollmentCreate" name="test_enrollment_show_error[400-req0]" file="azext_iot\tests\dps\test_iot_dps_unit.py" line="307" time="0.019" /><testcase classname="azext_iot.tests.dps.test_iot_dps_unit.TestEnrollmentCreate" name="test_enrollment_show_error[401-req0]" file="azext_iot\tests\dps\test_iot_dps_unit.py" line="307" time="0.022" /><testcase classname="azext_iot.tests.dps.test_iot_dps_unit.TestEnrollmentCreate" name="test_enrollment_show_error[500-req0]" file="azext_iot\tests\dps\test_iot_dps_unit.py" line="307" time="0.025" /><testcase classname="azext_iot.tests.dps.test_iot_dps_unit.TestEnrollmentUpdate" name="test_enrollment_update[req0]" file="azext_iot\tests\dps\test_iot_dps_unit.py" line="401" time="0.029" /><testcase classname="azext_iot.tests.dps.test_iot_dps_unit.TestEnrollmentUpdate" name="test_enrollment_update[req1]" file="azext_iot\tests\dps\test_iot_dps_unit.py" line="401" time="0.028" /><testcase classname="azext_iot.tests.dps.test_iot_dps_unit.TestEnrollmentUpdate" name="test_enrollment_update[req2]" file="azext_iot\tests\dps\test_iot_dps_unit.py" line="401" time="0.026" /><testcase classname="azext_iot.tests.dps.test_iot_dps_unit.TestEnrollmentUpdate" name="test_enrollment_update[req3]" file="azext_iot\tests\dps\test_iot_dps_unit.py" line="401" time="0.030" /><testcase classname="azext_iot.tests.dps.test_iot_dps_unit.TestEnrollmentUpdate" name="test_enrollment_update[req4]" file="azext_iot\tests\dps\test_iot_dps_unit.py" line="401" time="0.029" /><testcase classname="azext_iot.tests.dps.test_iot_dps_unit.TestEnrollmentUpdate" name="test_enrollment_update[req5]" file="azext_iot\tests\dps\test_iot_dps_unit.py" line="401" time="0.029" /><testcase classname="azext_iot.tests.dps.test_iot_dps_unit.TestEnrollmentUpdate" name="test_enrollment_update[req6]" file="azext_iot\tests\dps\test_iot_dps_unit.py" line="401" time="0.030" /><testcase classname="azext_iot.tests.dps.test_iot_dps_unit.TestEnrollmentUpdate" name="test_enrollment_update[req7]" file="azext_iot\tests\dps\test_iot_dps_unit.py" line="401" time="0.039" /><testcase classname="azext_iot.tests.dps.test_iot_dps_unit.TestEnrollmentUpdate" name="test_enrollment_update[req8]" file="azext_iot\tests\dps\test_iot_dps_unit.py" line="401" time="0.030" /><testcase classname="azext_iot.tests.dps.test_iot_dps_unit.TestEnrollmentUpdate" name="test_enrollment_update[req9]" file="azext_iot\tests\dps\test_iot_dps_unit.py" line="401" time="0.035" /><testcase classname="azext_iot.tests.dps.test_iot_dps_unit.TestEnrollmentUpdate" name="test_enrollment_update[req10]" file="azext_iot\tests\dps\test_iot_dps_unit.py" line="401" time="0.043" /><testcase classname="azext_iot.tests.dps.test_iot_dps_unit.TestEnrollmentUpdate" name="test_enrollment_update[req11]" file="azext_iot\tests\dps\test_iot_dps_unit.py" line="401" time="0.042" /><testcase classname="azext_iot.tests.dps.test_iot_dps_unit.TestEnrollmentUpdate" name="test_enrollment_update[req12]" file="azext_iot\tests\dps\test_iot_dps_unit.py" line="401" time="0.052" /><testcase classname="azext_iot.tests.dps.test_iot_dps_unit.TestEnrollmentShow" name="test_enrollment_show[200]" file="azext_iot\tests\dps\test_iot_dps_unit.py" line="534" time="0.036" /><testcase classname="azext_iot.tests.dps.test_iot_dps_unit.TestEnrollmentShow" name="test_enrollment_show_with_keys" file="azext_iot\tests\dps\test_iot_dps_unit.py" line="547" time="0.037" /><testcase classname="azext_iot.tests.dps.test_iot_dps_unit.TestEnrollmentShow" name="test_enrollment_show_error[400]" file="azext_iot\tests\dps\test_iot_dps_unit.py" line="568" time="0.016" /><testcase classname="azext_iot.tests.dps.test_iot_dps_unit.TestEnrollmentShow" name="test_enrollment_show_error[401]" file="azext_iot\tests\dps\test_iot_dps_unit.py" line="568" time="0.016" /><testcase classname="azext_iot.tests.dps.test_iot_dps_unit.TestEnrollmentShow" name="test_enrollment_show_error[500]" file="azext_iot\tests\dps\test_iot_dps_unit.py" line="568" time="0.014" /><testcase classname="azext_iot.tests.dps.test_iot_dps_unit.TestEnrollmentList" name="test_enrollment_list[200-3]" file="azext_iot\tests\dps\test_iot_dps_unit.py" line="587" time="0.026" /><testcase classname="azext_iot.tests.dps.test_iot_dps_unit.TestEnrollmentList" name="test_enrollment_list[200-None]" file="azext_iot\tests\dps\test_iot_dps_unit.py" line="587" time="0.028" /><testcase classname="azext_iot.tests.dps.test_iot_dps_unit.TestEnrollmentList" name="test_enrollment_list_error[400]" file="azext_iot\tests\dps\test_iot_dps_unit.py" line="600" time="0.016" /><testcase classname="azext_iot.tests.dps.test_iot_dps_unit.TestEnrollmentList" name="test_enrollment_list_error[401]" file="azext_iot\tests\dps\test_iot_dps_unit.py" line="600" time="0.015" /><testcase classname="azext_iot.tests.dps.test_iot_dps_unit.TestEnrollmentList" name="test_enrollment_list_error[500]" file="azext_iot\tests\dps\test_iot_dps_unit.py" line="600" time="0.017" /><testcase classname="azext_iot.tests.dps.test_iot_dps_unit.TestEnrollmentDelete" name="test_enrollment_delete[204-None]" file="azext_iot\tests\dps\test_iot_dps_unit.py" line="618" time="0.023" /><testcase classname="azext_iot.tests.dps.test_iot_dps_unit.TestEnrollmentDelete" name="test_enrollment_delete[204-AAAA==]" file="azext_iot\tests\dps\test_iot_dps_unit.py" line="618" time="0.020" /><testcase classname="azext_iot.tests.dps.test_iot_dps_unit.TestEnrollmentDelete" name="test_enrollment_delete_error[400]" file="azext_iot\tests\dps\test_iot_dps_unit.py" line="632" time="0.018" /><testcase classname="azext_iot.tests.dps.test_iot_dps_unit.TestEnrollmentDelete" name="test_enrollment_delete_error[401]" file="azext_iot\tests\dps\test_iot_dps_unit.py" line="632" time="0.015" /><testcase classname="azext_iot.tests.dps.test_iot_dps_unit.TestEnrollmentDelete" name="test_enrollment_delete_error[500]" file="azext_iot\tests\dps\test_iot_dps_unit.py" line="632" time="0.016" /><testcase classname="azext_iot.tests.dps.test_iot_dps_unit.TestEnrollmentGroupCreate" name="test_enrollment_group_create[200-req0]" file="azext_iot\tests\dps\test_iot_dps_unit.py" line="689" time="0.027" /><testcase classname="azext_iot.tests.dps.test_iot_dps_unit.TestEnrollmentGroupCreate" name="test_enrollment_group_create[200-req1]" file="azext_iot\tests\dps\test_iot_dps_unit.py" line="689" time="0.021" /><testcase classname="azext_iot.tests.dps.test_iot_dps_unit.TestEnrollmentGroupCreate" name="test_enrollment_group_create[200-req2]" file="azext_iot\tests\dps\test_iot_dps_unit.py" line="689" time="0.024" /><testcase classname="azext_iot.tests.dps.test_iot_dps_unit.TestEnrollmentGroupCreate" name="test_enrollment_group_create[200-req3]" file="azext_iot\tests\dps\test_iot_dps_unit.py" line="689" time="0.023" /><testcase classname="azext_iot.tests.dps.test_iot_dps_unit.TestEnrollmentGroupCreate" name="test_enrollment_group_create[200-req4]" file="azext_iot\tests\dps\test_iot_dps_unit.py" line="689" time="0.022" /><testcase classname="azext_iot.tests.dps.test_iot_dps_unit.TestEnrollmentGroupCreate" name="test_enrollment_group_create[200-req5]" file="azext_iot\tests\dps\test_iot_dps_unit.py" line="689" time="0.024" /><testcase classname="azext_iot.tests.dps.test_iot_dps_unit.TestEnrollmentGroupCreate" name="test_enrollment_group_create[200-req6]" file="azext_iot\tests\dps\test_iot_dps_unit.py" line="689" time="0.031" /><testcase classname="azext_iot.tests.dps.test_iot_dps_unit.TestEnrollmentGroupCreate" name="test_enrollment_group_create[200-req7]" file="azext_iot\tests\dps\test_iot_dps_unit.py" line="689" time="0.025" /><testcase classname="azext_iot.tests.dps.test_iot_dps_unit.TestEnrollmentGroupCreate" name="test_enrollment_group_create[200-req8]" file="azext_iot\tests\dps\test_iot_dps_unit.py" line="689" time="0.025" /><testcase classname="azext_iot.tests.dps.test_iot_dps_unit.TestEnrollmentGroupCreate" name="test_enrollment_group_create[200-req9]" file="azext_iot\tests\dps\test_iot_dps_unit.py" line="689" time="0.023" /><testcase classname="azext_iot.tests.dps.test_iot_dps_unit.TestEnrollmentGroupCreate" name="test_enrollment_group_create[200-req10]" file="azext_iot\tests\dps\test_iot_dps_unit.py" line="689" time="0.027" /><testcase classname="azext_iot.tests.dps.test_iot_dps_unit.TestEnrollmentGroupCreate" name="test_enrollment_group_create[200-req11]" file="azext_iot\tests\dps\test_iot_dps_unit.py" line="689" time="0.019" /><testcase classname="azext_iot.tests.dps.test_iot_dps_unit.TestEnrollmentGroupCreate" name="test_enrollment_group_create[200-req12]" file="azext_iot\tests\dps\test_iot_dps_unit.py" line="689" time="0.029" /><testcase classname="azext_iot.tests.dps.test_iot_dps_unit.TestEnrollmentGroupCreate" name="test_enrollment_group_create[200-req13]" file="azext_iot\tests\dps\test_iot_dps_unit.py" line="689" time="0.029" /><testcase classname="azext_iot.tests.dps.test_iot_dps_unit.TestEnrollmentGroupCreate" name="test_enrollment_group_create[200-req14]" file="azext_iot\tests\dps\test_iot_dps_unit.py" line="689" time="0.021" /><testcase classname="azext_iot.tests.dps.test_iot_dps_unit.TestEnrollmentGroupCreate" name="test_enrollment_group_create[200-req15]" file="azext_iot\tests\dps\test_iot_dps_unit.py" line="689" time="0.028" /><testcase classname="azext_iot.tests.dps.test_iot_dps_unit.TestEnrollmentGroupCreate" name="test_enrollment_group_create[200-req16]" file="azext_iot\tests\dps\test_iot_dps_unit.py" line="689" time="0.024" /><testcase classname="azext_iot.tests.dps.test_iot_dps_unit.TestEnrollmentGroupCreate" name="test_enrollment_group_create_invalid_args[req0]" file="azext_iot\tests\dps\test_iot_dps_unit.py" line="810" time="0.003" /><testcase classname="azext_iot.tests.dps.test_iot_dps_unit.TestEnrollmentGroupCreate" name="test_enrollment_group_create_invalid_args[req1]" file="azext_iot\tests\dps\test_iot_dps_unit.py" line="810" time="0.003" /><testcase classname="azext_iot.tests.dps.test_iot_dps_unit.TestEnrollmentGroupCreate" name="test_enrollment_group_create_invalid_args[req2]" file="azext_iot\tests\dps\test_iot_dps_unit.py" line="810" time="0.002" /><testcase classname="azext_iot.tests.dps.test_iot_dps_unit.TestEnrollmentGroupCreate" name="test_enrollment_group_create_invalid_args[req3]" file="azext_iot\tests\dps\test_iot_dps_unit.py" line="810" time="0.004" /><testcase classname="azext_iot.tests.dps.test_iot_dps_unit.TestEnrollmentGroupCreate" name="test_enrollment_group_create_invalid_args[req4]" file="azext_iot\tests\dps\test_iot_dps_unit.py" line="810" time="0.004" /><testcase classname="azext_iot.tests.dps.test_iot_dps_unit.TestEnrollmentGroupCreate" name="test_enrollment_group_create_invalid_args[req5]" file="azext_iot\tests\dps\test_iot_dps_unit.py" line="810" time="0.004" /><testcase classname="azext_iot.tests.dps.test_iot_dps_unit.TestEnrollmentGroupCreate" name="test_enrollment_group_create_invalid_args[req6]" file="azext_iot\tests\dps\test_iot_dps_unit.py" line="810" time="0.002" /><testcase classname="azext_iot.tests.dps.test_iot_dps_unit.TestEnrollmentGroupCreate" name="test_enrollment_group_create_invalid_args[req7]" file="azext_iot\tests\dps\test_iot_dps_unit.py" line="810" time="0.005" /><testcase classname="azext_iot.tests.dps.test_iot_dps_unit.TestEnrollmentGroupCreate" name="test_enrollment_group_create_invalid_args[req8]" file="azext_iot\tests\dps\test_iot_dps_unit.py" line="810" time="0.004" /><testcase classname="azext_iot.tests.dps.test_iot_dps_unit.TestEnrollmentGroupCreate" name="test_enrollment_group_create_invalid_args[req9]" file="azext_iot\tests\dps\test_iot_dps_unit.py" line="810" time="0.002" /><testcase classname="azext_iot.tests.dps.test_iot_dps_unit.TestEnrollmentGroupCreate" name="test_enrollment_group_show_error[400-req0]" file="azext_iot\tests\dps\test_iot_dps_unit.py" line="847" time="0.027" /><testcase classname="azext_iot.tests.dps.test_iot_dps_unit.TestEnrollmentGroupCreate" name="test_enrollment_group_show_error[401-req0]" file="azext_iot\tests\dps\test_iot_dps_unit.py" line="847" time="0.016" /><testcase classname="azext_iot.tests.dps.test_iot_dps_unit.TestEnrollmentGroupCreate" name="test_enrollment_group_show_error[500-req0]" file="azext_iot\tests\dps\test_iot_dps_unit.py" line="847" time="0.016" /><testcase classname="azext_iot.tests.dps.test_iot_dps_unit.TestEnrollmentGroupUpdate" name="test_enrollment_group_update[serviceclient0-req0]" file="azext_iot\tests\dps\test_iot_dps_unit.py" line="955" time="0.030" /><testcase classname="azext_iot.tests.dps.test_iot_dps_unit.TestEnrollmentGroupUpdate" name="test_enrollment_group_update[serviceclient0-req1]" file="azext_iot\tests\dps\test_iot_dps_unit.py" line="955" time="0.029" /><testcase classname="azext_iot.tests.dps.test_iot_dps_unit.TestEnrollmentGroupUpdate" name="test_enrollment_group_update[serviceclient0-req2]" file="azext_iot\tests\dps\test_iot_dps_unit.py" line="955" time="0.029" /><testcase classname="azext_iot.tests.dps.test_iot_dps_unit.TestEnrollmentGroupUpdate" name="test_enrollment_group_update[serviceclient0-req3]" file="azext_iot\tests\dps\test_iot_dps_unit.py" line="955" time="0.025" /><testcase classname="azext_iot.tests.dps.test_iot_dps_unit.TestEnrollmentGroupUpdate" name="test_enrollment_group_update[serviceclient0-req4]" file="azext_iot\tests\dps\test_iot_dps_unit.py" line="955" time="0.027" /><testcase classname="azext_iot.tests.dps.test_iot_dps_unit.TestEnrollmentGroupUpdate" name="test_enrollment_group_update[serviceclient0-req5]" file="azext_iot\tests\dps\test_iot_dps_unit.py" line="955" time="0.032" /><testcase classname="azext_iot.tests.dps.test_iot_dps_unit.TestEnrollmentGroupUpdate" name="test_enrollment_group_update[serviceclient0-req6]" file="azext_iot\tests\dps\test_iot_dps_unit.py" line="955" time="0.039" /><testcase classname="azext_iot.tests.dps.test_iot_dps_unit.TestEnrollmentGroupUpdate" name="test_enrollment_group_update[serviceclient0-req7]" file="azext_iot\tests\dps\test_iot_dps_unit.py" line="955" time="0.032" /><testcase classname="azext_iot.tests.dps.test_iot_dps_unit.TestEnrollmentGroupUpdate" name="test_enrollment_group_update[serviceclient0-req8]" file="azext_iot\tests\dps\test_iot_dps_unit.py" line="955" time="0.031" /><testcase classname="azext_iot.tests.dps.test_iot_dps_unit.TestEnrollmentGroupUpdate" name="test_enrollment_group_update[serviceclient0-req9]" file="azext_iot\tests\dps\test_iot_dps_unit.py" line="955" time="0.032" /><testcase classname="azext_iot.tests.dps.test_iot_dps_unit.TestEnrollmentGroupUpdate" name="test_enrollment_group_update[serviceclient0-req10]" file="azext_iot\tests\dps\test_iot_dps_unit.py" line="955" time="0.031" /><testcase classname="azext_iot.tests.dps.test_iot_dps_unit.TestEnrollmentGroupUpdate" name="test_enrollment_group_update[serviceclient0-req11]" file="azext_iot\tests\dps\test_iot_dps_unit.py" line="955" time="0.024" /><testcase classname="azext_iot.tests.dps.test_iot_dps_unit.TestEnrollmentGroupUpdate" name="test_enrollment_group_update[serviceclient0-req12]" file="azext_iot\tests\dps\test_iot_dps_unit.py" line="955" time="0.032" /><testcase classname="azext_iot.tests.dps.test_iot_dps_unit.TestEnrollmentGroupUpdate" name="test_enrollment_group_update[serviceclient0-req13]" file="azext_iot\tests\dps\test_iot_dps_unit.py" line="955" time="0.025" /><testcase classname="azext_iot.tests.dps.test_iot_dps_unit.TestEnrollmentGroupUpdate" name="test_enrollment_group_update[serviceclient0-req14]" file="azext_iot\tests\dps\test_iot_dps_unit.py" line="955" time="0.031" /><testcase classname="azext_iot.tests.dps.test_iot_dps_unit.TestEnrollmentGroupUpdate" name="test_enrollment_group_update[serviceclient0-req15]" file="azext_iot\tests\dps\test_iot_dps_unit.py" line="955" time="0.034" /><testcase classname="azext_iot.tests.dps.test_iot_dps_unit.TestEnrollmentGroupUpdate" name="test_enrollment_group_update_invalid_args[req0]" file="azext_iot\tests\dps\test_iot_dps_unit.py" line="1058" time="0.002" /><testcase classname="azext_iot.tests.dps.test_iot_dps_unit.TestEnrollmentGroupUpdate" name="test_enrollment_group_update_invalid_args[req1]" file="azext_iot\tests\dps\test_iot_dps_unit.py" line="1058" time="0.003" /><testcase classname="azext_iot.tests.dps.test_iot_dps_unit.TestEnrollmentGroupUpdate" name="test_enrollment_group_update_invalid_args[req2]" file="azext_iot\tests\dps\test_iot_dps_unit.py" line="1058" time="0.005" /><testcase classname="azext_iot.tests.dps.test_iot_dps_unit.TestEnrollmentGroupUpdate" name="test_enrollment_group_update_invalid_args[req3]" file="azext_iot\tests\dps\test_iot_dps_unit.py" line="1058" time="0.003" /><testcase classname="azext_iot.tests.dps.test_iot_dps_unit.TestEnrollmentGroupUpdate" name="test_enrollment_group_update_invalid_args[req4]" file="azext_iot\tests\dps\test_iot_dps_unit.py" line="1058" time="0.002" /><testcase classname="azext_iot.tests.dps.test_iot_dps_unit.TestEnrollmentGroupUpdate" name="test_enrollment_group_update_invalid_args[req5]" file="azext_iot\tests\dps\test_iot_dps_unit.py" line="1058" time="0.002" /><testcase classname="azext_iot.tests.dps.test_iot_dps_unit.TestEnrollmentGroupUpdate" name="test_enrollment_group_update_invalid_args[req6]" file="azext_iot\tests\dps\test_iot_dps_unit.py" line="1058" time="0.002" /><testcase classname="azext_iot.tests.dps.test_iot_dps_unit.TestEnrollmentGroupUpdate" name="test_enrollment_group_update_invalid_args[req7]" file="azext_iot\tests\dps\test_iot_dps_unit.py" line="1058" time="0.005" /><testcase classname="azext_iot.tests.dps.test_iot_dps_unit.TestEnrollmentGroupUpdate" name="test_enrollment_group_update_invalid_args[req8]" file="azext_iot\tests\dps\test_iot_dps_unit.py" line="1058" time="0.004" /><testcase classname="azext_iot.tests.dps.test_iot_dps_unit.TestEnrollmentGroupUpdate" name="test_enrollment_group_update_invalid_args[req9]" file="azext_iot\tests\dps\test_iot_dps_unit.py" line="1058" time="0.005" /><testcase classname="azext_iot.tests.dps.test_iot_dps_unit.TestEnrollmentGroupUpdate" name="test_enrollment_group_update_invalid_args[req10]" file="azext_iot\tests\dps\test_iot_dps_unit.py" line="1058" time="0.004" /><testcase classname="azext_iot.tests.dps.test_iot_dps_unit.TestEnrollmentGroupUpdate" name="test_enrollment_group_update_invalid_args[req11]" file="azext_iot\tests\dps\test_iot_dps_unit.py" line="1058" time="0.003" /><testcase classname="azext_iot.tests.dps.test_iot_dps_unit.TestEnrollmentGroupShow" name="test_enrollment_group_show[200]" file="azext_iot\tests\dps\test_iot_dps_unit.py" line="1137" time="0.025" /><testcase classname="azext_iot.tests.dps.test_iot_dps_unit.TestEnrollmentGroupShow" name="test_enrollment_group_show_with_keys" file="azext_iot\tests\dps\test_iot_dps_unit.py" line="1149" time="0.025" /><testcase classname="azext_iot.tests.dps.test_iot_dps_unit.TestEnrollmentGroupShow" name="test_enrollment_group_show_error[400]" file="azext_iot\tests\dps\test_iot_dps_unit.py" line="1169" time="0.017" /><testcase classname="azext_iot.tests.dps.test_iot_dps_unit.TestEnrollmentGroupShow" name="test_enrollment_group_show_error[401]" file="azext_iot\tests\dps\test_iot_dps_unit.py" line="1169" time="0.018" /><testcase classname="azext_iot.tests.dps.test_iot_dps_unit.TestEnrollmentGroupShow" name="test_enrollment_group_show_error[500]" file="azext_iot\tests\dps\test_iot_dps_unit.py" line="1169" time="0.017" /><testcase classname="azext_iot.tests.dps.test_iot_dps_unit.TestEnrollmentGroupList" name="test_enrollment_group_list[200-5]" file="azext_iot\tests\dps\test_iot_dps_unit.py" line="1188" time="0.029" /><testcase classname="azext_iot.tests.dps.test_iot_dps_unit.TestEnrollmentGroupList" name="test_enrollment_group_list[200-None]" file="azext_iot\tests\dps\test_iot_dps_unit.py" line="1188" time="0.028" /><testcase classname="azext_iot.tests.dps.test_iot_dps_unit.TestEnrollmentGroupList" name="test_enrollment_group_list_error" file="azext_iot\tests\dps\test_iot_dps_unit.py" line="1201" time="0.005" /><testcase classname="azext_iot.tests.dps.test_iot_dps_unit.TestEnrollmentGroupDelete" name="test_enrollment_group_delete[204-None]" file="azext_iot\tests\dps\test_iot_dps_unit.py" line="1221" time="0.022" /><testcase classname="azext_iot.tests.dps.test_iot_dps_unit.TestEnrollmentGroupDelete" name="test_enrollment_group_delete[204-AAAA==]" file="azext_iot\tests\dps\test_iot_dps_unit.py" line="1221" time="0.026" /><testcase classname="azext_iot.tests.dps.test_iot_dps_unit.TestEnrollmentGroupDelete" name="test_enrollment_group_delete_error" file="azext_iot\tests\dps\test_iot_dps_unit.py" line="1235" time="0.002" /><testcase classname="azext_iot.tests.dps.test_iot_dps_unit.TestRegistrationShow" name="test_registration_show[200]" file="azext_iot\tests\dps\test_iot_dps_unit.py" line="1260" time="0.024" /><testcase classname="azext_iot.tests.dps.test_iot_dps_unit.TestRegistrationShow" name="test_registration_show_error" file="azext_iot\tests\dps\test_iot_dps_unit.py" line="1270" time="0.002" /><testcase classname="azext_iot.tests.dps.test_iot_dps_unit.TestRegistrationList" name="test_registration_list[200]" file="azext_iot\tests\dps\test_iot_dps_unit.py" line="1289" time="0.024" /><testcase classname="azext_iot.tests.dps.test_iot_dps_unit.TestRegistrationList" name="test_registration_list_error" file="azext_iot\tests\dps\test_iot_dps_unit.py" line="1298" time="0.005" /><testcase classname="azext_iot.tests.dps.test_iot_dps_unit.TestRegistrationDelete" name="test_registration_delete[204-None]" file="azext_iot\tests\dps\test_iot_dps_unit.py" line="1317" time="0.034" /><testcase classname="azext_iot.tests.dps.test_iot_dps_unit.TestRegistrationDelete" name="test_registration_delete[204-AAAA==]" file="azext_iot\tests\dps\test_iot_dps_unit.py" line="1317" time="0.034" /><testcase classname="azext_iot.tests.dps.test_iot_dps_unit.TestRegistrationDelete" name="test_registration_delete_error" file="azext_iot\tests\dps\test_iot_dps_unit.py" line="1331" time="0.002" /><testcase classname="azext_iot.tests.dps.test_iot_dps_unit.TestGetDpsConnString" name="test_get_dps_conn_string[5-dps1-provisioningserviceowner-myrg-True-None]" file="azext_iot\tests\dps\test_iot_dps_unit.py" line="1341" time="0.021" /><testcase classname="azext_iot.tests.dps.test_iot_dps_unit.TestGetDpsConnString" name="test_get_dps_conn_string[5-dps2-custompolicy-myrg-True-None]" file="azext_iot\tests\dps\test_iot_dps_unit.py" line="1341" time="0.018" /><testcase classname="azext_iot.tests.dps.test_iot_dps_unit.TestGetDpsConnString" name="test_get_dps_conn_string[1-dps3-provisioningserviceowner-myrg-False-policy]" file="azext_iot\tests\dps\test_iot_dps_unit.py" line="1341" time="0.013" /><testcase classname="azext_iot.tests.dps.test_iot_dps_unit.TestGetDpsConnString" name="test_get_dps_conn_string[1-dps4-provisioningserviceowner-myrg-False-dps]" file="azext_iot\tests\dps\test_iot_dps_unit.py" line="1341" time="0.014" /><testcase classname="azext_iot.tests.iothub.test_iot_ext_unit.TestDeviceCreate" name="test_device_create[200-req0]" file="azext_iot\tests\iothub\test_iot_ext_unit.py" line="92" time="0.034" /><testcase classname="azext_iot.tests.iothub.test_iot_ext_unit.TestDeviceCreate" name="test_device_create[200-req1]" file="azext_iot\tests\iothub\test_iot_ext_unit.py" line="92" time="0.028" /><testcase classname="azext_iot.tests.iothub.test_iot_ext_unit.TestDeviceCreate" name="test_device_create[200-req2]" file="azext_iot\tests\iothub\test_iot_ext_unit.py" line="92" time="0.029" /><testcase classname="azext_iot.tests.iothub.test_iot_ext_unit.TestDeviceCreate" name="test_device_create[200-req3]" file="azext_iot\tests\iothub\test_iot_ext_unit.py" line="92" time="0.070" /><testcase classname="azext_iot.tests.iothub.test_iot_ext_unit.TestDeviceCreate" name="test_device_create[200-req4]" file="azext_iot\tests\iothub\test_iot_ext_unit.py" line="92" time="0.022" /><testcase classname="azext_iot.tests.iothub.test_iot_ext_unit.TestDeviceCreate" name="test_device_create[200-req5]" file="azext_iot\tests\iothub\test_iot_ext_unit.py" line="92" time="0.029" /><testcase classname="azext_iot.tests.iothub.test_iot_ext_unit.TestDeviceCreate" name="test_device_create[200-req6]" file="azext_iot\tests\iothub\test_iot_ext_unit.py" line="92" time="0.030" /><testcase classname="azext_iot.tests.iothub.test_iot_ext_unit.TestDeviceCreate" name="test_device_create[200-req7]" file="azext_iot\tests\iothub\test_iot_ext_unit.py" line="92" time="0.027" /><testcase classname="azext_iot.tests.iothub.test_iot_ext_unit.TestDeviceCreate" name="test_device_create[200-req8]" file="azext_iot\tests\iothub\test_iot_ext_unit.py" line="92" time="0.217" /><testcase classname="azext_iot.tests.iothub.test_iot_ext_unit.TestDeviceCreate" name="test_device_create[200-req9]" file="azext_iot\tests\iothub\test_iot_ext_unit.py" line="92" time="0.027" /><testcase classname="azext_iot.tests.iothub.test_iot_ext_unit.TestDeviceCreate" name="test_device_create_setparent[req0]" file="azext_iot\tests\iothub\test_iot_ext_unit.py" line="163" time="0.050" /><testcase classname="azext_iot.tests.iothub.test_iot_ext_unit.TestDeviceCreate" name="test_device_create_setparent_invalid_args[sc_invalid_args_device_create_setparent0-req0-CLIError]" file="azext_iot\tests\iothub\test_iot_ext_unit.py" line="208" time="0.038" /><testcase classname="azext_iot.tests.iothub.test_iot_ext_unit.TestDeviceCreate" name="test_device_create_addchildren[sc_device_create_addchildren0-req0]" file="azext_iot\tests\iothub\test_iot_ext_unit.py" line="249" time="0.074" /><testcase classname="azext_iot.tests.iothub.test_iot_ext_unit.TestDeviceCreate" name="test_device_create_addchildren[sc_device_create_addchildren1-req0]" file="azext_iot\tests\iothub\test_iot_ext_unit.py" line="249" time="0.117" /><testcase classname="azext_iot.tests.iothub.test_iot_ext_unit.TestDeviceCreate" name="test_device_create_addchildren[sc_device_create_addchildren2-req0]" file="azext_iot\tests\iothub\test_iot_ext_unit.py" line="249" time="0.133" /><testcase classname="azext_iot.tests.iothub.test_iot_ext_unit.TestDeviceCreate" name="test_device_create_addchildren_invalid_args[sc_invalid_args_device_create_addchildren0-req0-CLIError]" file="azext_iot\tests\iothub\test_iot_ext_unit.py" line="293" time="0.040" /><testcase classname="azext_iot.tests.iothub.test_iot_ext_unit.TestDeviceCreate" name="test_device_create_invalid_args[200-req0-ValueError]" file="azext_iot\tests\iothub\test_iot_ext_unit.py" line="315" time="0.035" /><testcase classname="azext_iot.tests.iothub.test_iot_ext_unit.TestDeviceCreate" name="test_device_create_invalid_args[200-req1-ValueError]" file="azext_iot\tests\iothub\test_iot_ext_unit.py" line="315" time="0.037" /><testcase classname="azext_iot.tests.iothub.test_iot_ext_unit.TestDeviceCreate" name="test_device_create_invalid_args[200-req2-ValueError]" file="azext_iot\tests\iothub\test_iot_ext_unit.py" line="315" time="0.052" /><testcase classname="azext_iot.tests.iothub.test_iot_ext_unit.TestDeviceCreate" name="test_device_create_error[400-req0]" file="azext_iot\tests\iothub\test_iot_ext_unit.py" line="342" time="0.058" /><testcase classname="azext_iot.tests.iothub.test_iot_ext_unit.TestDeviceCreate" name="test_device_create_error[401-req0]" file="azext_iot\tests\iothub\test_iot_ext_unit.py" line="342" time="0.043" /><testcase classname="azext_iot.tests.iothub.test_iot_ext_unit.TestDeviceCreate" name="test_device_create_error[500-req0]" file="azext_iot\tests\iothub\test_iot_ext_unit.py" line="342" time="0.040" /><testcase classname="azext_iot.tests.iothub.test_iot_ext_unit.TestDeviceUpdate" name="test_device_update[200-req0]" file="azext_iot\tests\iothub\test_iot_ext_unit.py" line="405" time="0.073" /><testcase classname="azext_iot.tests.iothub.test_iot_ext_unit.TestDeviceUpdate" name="test_device_update[200-req1]" file="azext_iot\tests\iothub\test_iot_ext_unit.py" line="405" time="0.084" /><testcase classname="azext_iot.tests.iothub.test_iot_ext_unit.TestDeviceUpdate" name="test_device_update[200-req2]" file="azext_iot\tests\iothub\test_iot_ext_unit.py" line="405" time="0.083" /><testcase classname="azext_iot.tests.iothub.test_iot_ext_unit.TestDeviceUpdate" name="test_device_update[200-req3]" file="azext_iot\tests\iothub\test_iot_ext_unit.py" line="405" time="0.047" /><testcase classname="azext_iot.tests.iothub.test_iot_ext_unit.TestDeviceUpdate" name="test_device_update[200-req4]" file="azext_iot\tests\iothub\test_iot_ext_unit.py" line="405" time="0.067" /><testcase classname="azext_iot.tests.iothub.test_iot_ext_unit.TestDeviceUpdate" name="test_iot_device_custom[200-req0-arg0]" file="azext_iot\tests\iothub\test_iot_ext_unit.py" line="467" time="0.043" /><testcase classname="azext_iot.tests.iothub.test_iot_ext_unit.TestDeviceUpdate" name="test_iot_device_custom[200-req1-arg1]" file="azext_iot\tests\iothub\test_iot_ext_unit.py" line="467" time="0.044" /><testcase classname="azext_iot.tests.iothub.test_iot_ext_unit.TestDeviceUpdate" name="test_iot_device_custom[200-req2-arg2]" file="azext_iot\tests\iothub\test_iot_ext_unit.py" line="467" time="0.050" /><testcase classname="azext_iot.tests.iothub.test_iot_ext_unit.TestDeviceUpdate" name="test_iot_device_custom[200-req3-arg3]" file="azext_iot\tests\iothub\test_iot_ext_unit.py" line="467" time="0.028" /><testcase classname="azext_iot.tests.iothub.test_iot_ext_unit.TestDeviceUpdate" name="test_iot_device_custom[200-req4-arg4]" file="azext_iot\tests\iothub\test_iot_ext_unit.py" line="467" time="0.034" /><testcase classname="azext_iot.tests.iothub.test_iot_ext_unit.TestDeviceUpdate" name="test_iot_device_custom[200-req5-arg5]" file="azext_iot\tests\iothub\test_iot_ext_unit.py" line="467" time="0.029" /><testcase classname="azext_iot.tests.iothub.test_iot_ext_unit.TestDeviceUpdate" name="test_iot_device_custom[200-req6-arg6]" file="azext_iot\tests\iothub\test_iot_ext_unit.py" line="467" time="0.034" /><testcase classname="azext_iot.tests.iothub.test_iot_ext_unit.TestDeviceUpdate" name="test_iot_device_custom[200-req7-arg7]" file="azext_iot\tests\iothub\test_iot_ext_unit.py" line="467" time="0.052" /><testcase classname="azext_iot.tests.iothub.test_iot_ext_unit.TestDeviceUpdate" name="test_iot_device_custom[200-req8-arg8]" file="azext_iot\tests\iothub\test_iot_ext_unit.py" line="467" time="0.035" /><testcase classname="azext_iot.tests.iothub.test_iot_ext_unit.TestDeviceUpdate" name="test_iot_device_custom_invalid_args[200-req0-arg0-CLIError]" file="azext_iot\tests\iothub\test_iot_ext_unit.py" line="579" time="0.011" /><testcase classname="azext_iot.tests.iothub.test_iot_ext_unit.TestDeviceUpdate" name="test_iot_device_custom_invalid_args[200-req1-arg1-CLIError]" file="azext_iot\tests\iothub\test_iot_ext_unit.py" line="579" time="0.016" /><testcase classname="azext_iot.tests.iothub.test_iot_ext_unit.TestDeviceUpdate" name="test_iot_device_custom_invalid_args[200-req2-arg2-ValueError]" file="azext_iot\tests\iothub\test_iot_ext_unit.py" line="579" time="0.018" /><testcase classname="azext_iot.tests.iothub.test_iot_ext_unit.TestDeviceUpdate" name="test_iot_device_custom_invalid_args[200-req3-arg3-ValueError]" file="azext_iot\tests\iothub\test_iot_ext_unit.py" line="579" time="0.015" /><testcase classname="azext_iot.tests.iothub.test_iot_ext_unit.TestDeviceUpdate" name="test_iot_device_custom_invalid_args[200-req4-arg4-ValueError]" file="azext_iot\tests\iothub\test_iot_ext_unit.py" line="579" time="0.018" /><testcase classname="azext_iot.tests.iothub.test_iot_ext_unit.TestDeviceUpdate" name="test_device_update_invalid_args[200-req0-CLIError]" file="azext_iot\tests\iothub\test_iot_ext_unit.py" line="634" time="0.015" /><testcase classname="azext_iot.tests.iothub.test_iot_ext_unit.TestDeviceUpdate" name="test_device_update_invalid_args[200-req1-CLIError]" file="azext_iot\tests\iothub\test_iot_ext_unit.py" line="634" time="0.017" /><testcase classname="azext_iot.tests.iothub.test_iot_ext_unit.TestDeviceUpdate" name="test_device_update_error[400-req0]" file="azext_iot\tests\iothub\test_iot_ext_unit.py" line="661" time="0.028" /><testcase classname="azext_iot.tests.iothub.test_iot_ext_unit.TestDeviceUpdate" name="test_device_update_error[401-req0]" file="azext_iot\tests\iothub\test_iot_ext_unit.py" line="661" time="0.030" /><testcase classname="azext_iot.tests.iothub.test_iot_ext_unit.TestDeviceUpdate" name="test_device_update_error[500-req0]" file="azext_iot\tests\iothub\test_iot_ext_unit.py" line="661" time="0.068" /><testcase classname="azext_iot.tests.iothub.test_iot_ext_unit.TestDeviceRegenerateKey" name="test_device_key_regenerate[200-primary-29ab2d1e97f944cca5f4979a39c334b0]" file="azext_iot\tests\iothub\test_iot_ext_unit.py" line="691" time="0.063" /><testcase classname="azext_iot.tests.iothub.test_iot_ext_unit.TestDeviceRegenerateKey" name="test_device_key_regenerate[200-secondary-None]" file="azext_iot\tests\iothub\test_iot_ext_unit.py" line="691" time="0.053" /><testcase classname="azext_iot.tests.iothub.test_iot_ext_unit.TestDeviceRegenerateKey" name="test_device_key_regenerate[200-swap-None]" file="azext_iot\tests\iothub\test_iot_ext_unit.py" line="691" time="0.051" /><testcase classname="azext_iot.tests.iothub.test_iot_ext_unit.TestDeviceRegenerateKey" name="test_device_key_regenerate_invalid_args[200-primary-CLIError]" file="azext_iot\tests\iothub\test_iot_ext_unit.py" line="728" time="0.046" /><testcase classname="azext_iot.tests.iothub.test_iot_ext_unit.TestDeviceRegenerateKey" name="test_device_key_regenerate_invalid_args[200-secondary-CLIError]" file="azext_iot\tests\iothub\test_iot_ext_unit.py" line="728" time="0.035" /><testcase classname="azext_iot.tests.iothub.test_iot_ext_unit.TestDeviceRegenerateKey" name="test_device_key_regenerate_invalid_args[200-swap-CLIError]" file="azext_iot\tests\iothub\test_iot_ext_unit.py" line="728" time="0.036" /><testcase classname="azext_iot.tests.iothub.test_iot_ext_unit.TestDeviceRegenerateKey" name="test_device_key_regenerate_error[400-primary]" file="azext_iot\tests\iothub\test_iot_ext_unit.py" line="739" time="0.029" /><testcase classname="azext_iot.tests.iothub.test_iot_ext_unit.TestDeviceRegenerateKey" name="test_device_key_regenerate_error[400-secondary]" file="azext_iot\tests\iothub\test_iot_ext_unit.py" line="739" time="0.024" /><testcase classname="azext_iot.tests.iothub.test_iot_ext_unit.TestDeviceRegenerateKey" name="test_device_key_regenerate_error[400-swap]" file="azext_iot\tests\iothub\test_iot_ext_unit.py" line="739" time="0.030" /><testcase classname="azext_iot.tests.iothub.test_iot_ext_unit.TestDeviceRegenerateKey" name="test_device_key_regenerate_error[401-primary]" file="azext_iot\tests\iothub\test_iot_ext_unit.py" line="739" time="0.030" /><testcase classname="azext_iot.tests.iothub.test_iot_ext_unit.TestDeviceRegenerateKey" name="test_device_key_regenerate_error[401-secondary]" file="azext_iot\tests\iothub\test_iot_ext_unit.py" line="739" time="0.022" /><testcase classname="azext_iot.tests.iothub.test_iot_ext_unit.TestDeviceRegenerateKey" name="test_device_key_regenerate_error[401-swap]" file="azext_iot\tests\iothub\test_iot_ext_unit.py" line="739" time="0.029" /><testcase classname="azext_iot.tests.iothub.test_iot_ext_unit.TestDeviceRegenerateKey" name="test_device_key_regenerate_error[500-primary]" file="azext_iot\tests\iothub\test_iot_ext_unit.py" line="739" time="0.026" /><testcase classname="azext_iot.tests.iothub.test_iot_ext_unit.TestDeviceRegenerateKey" name="test_device_key_regenerate_error[500-secondary]" file="azext_iot\tests\iothub\test_iot_ext_unit.py" line="739" time="0.027" /><testcase classname="azext_iot.tests.iothub.test_iot_ext_unit.TestDeviceRegenerateKey" name="test_device_key_regenerate_error[500-swap]" file="azext_iot\tests\iothub\test_iot_ext_unit.py" line="739" time="0.030" /><testcase classname="azext_iot.tests.iothub.test_iot_ext_unit.TestDeviceDelete" name="test_device_delete[204-217fddb8142748669f420ecab551c5e0]" file="azext_iot\tests\iothub\test_iot_ext_unit.py" line="757" time="0.024" /><testcase classname="azext_iot.tests.iothub.test_iot_ext_unit.TestDeviceDelete" name="test_device_delete[204-None]" file="azext_iot\tests\iothub\test_iot_ext_unit.py" line="757" time="0.028" /><testcase classname="azext_iot.tests.iothub.test_iot_ext_unit.TestDeviceDelete" name="test_device_delete_error[400]" file="azext_iot\tests\iothub\test_iot_ext_unit.py" line="772" time="0.029" /><testcase classname="azext_iot.tests.iothub.test_iot_ext_unit.TestDeviceDelete" name="test_device_delete_error[401]" file="azext_iot\tests\iothub\test_iot_ext_unit.py" line="772" time="0.026" /><testcase classname="azext_iot.tests.iothub.test_iot_ext_unit.TestDeviceDelete" name="test_device_delete_error[500]" file="azext_iot\tests\iothub\test_iot_ext_unit.py" line="772" time="0.038" /><testcase classname="azext_iot.tests.iothub.test_iot_ext_unit.TestDeviceShow" name="test_device_show" file="azext_iot\tests\iothub\test_iot_ext_unit.py" line="779" time="0.048" /><testcase classname="azext_iot.tests.iothub.test_iot_ext_unit.TestDeviceShow" name="test_device_show_error[400]" file="azext_iot\tests\iothub\test_iot_ext_unit.py" line="795" time="0.036" /><testcase classname="azext_iot.tests.iothub.test_iot_ext_unit.TestDeviceShow" name="test_device_show_error[401]" file="azext_iot\tests\iothub\test_iot_ext_unit.py" line="795" time="0.038" /><testcase classname="azext_iot.tests.iothub.test_iot_ext_unit.TestDeviceShow" name="test_device_show_error[500]" file="azext_iot\tests\iothub\test_iot_ext_unit.py" line="795" time="0.034" /><testcase classname="azext_iot.tests.iothub.test_iot_ext_unit.TestDeviceList" name="test_device_list[10-10-True]" file="azext_iot\tests\iothub\test_iot_ext_unit.py" line="821" time="0.038" /><testcase classname="azext_iot.tests.iothub.test_iot_ext_unit.TestDeviceList" name="test_device_list[10-1000-False]" file="azext_iot\tests\iothub\test_iot_ext_unit.py" line="821" time="0.035" /><testcase classname="azext_iot.tests.iothub.test_iot_ext_unit.TestDeviceList" name="test_device_list[0-10-True]" file="azext_iot\tests\iothub\test_iot_ext_unit.py" line="821" time="0.041" /><testcase classname="azext_iot.tests.iothub.test_iot_ext_unit.TestDeviceList" name="test_device_list[0-1000-False]" file="azext_iot\tests\iothub\test_iot_ext_unit.py" line="821" time="0.034" /><testcase classname="azext_iot.tests.iothub.test_iot_ext_unit.TestDeviceList" name="test_device_list_invalid_args[-2]" file="azext_iot\tests\iothub\test_iot_ext_unit.py" line="841" time="0.024" /><testcase classname="azext_iot.tests.iothub.test_iot_ext_unit.TestDeviceList" name="test_device_list_invalid_args[0]" file="azext_iot\tests\iothub\test_iot_ext_unit.py" line="841" time="0.019" /><testcase classname="azext_iot.tests.iothub.test_iot_ext_unit.TestDeviceList" name="test_device_list_error[400]" file="azext_iot\tests\iothub\test_iot_ext_unit.py" line="846" time="0.037" /><testcase classname="azext_iot.tests.iothub.test_iot_ext_unit.TestDeviceList" name="test_device_list_error[401]" file="azext_iot\tests\iothub\test_iot_ext_unit.py" line="846" time="0.044" /><testcase classname="azext_iot.tests.iothub.test_iot_ext_unit.TestDeviceList" name="test_device_list_error[500]" file="azext_iot\tests\iothub\test_iot_ext_unit.py" line="846" time="0.029" /><testcase classname="azext_iot.tests.iothub.test_iot_ext_unit.TestDeviceModuleCreate" name="test_device_module_create[200-req0]" file="azext_iot\tests\iothub\test_iot_ext_unit.py" line="867" time="0.028" /><testcase classname="azext_iot.tests.iothub.test_iot_ext_unit.TestDeviceModuleCreate" name="test_device_module_create[200-req1]" file="azext_iot\tests\iothub\test_iot_ext_unit.py" line="867" time="0.027" /><testcase classname="azext_iot.tests.iothub.test_iot_ext_unit.TestDeviceModuleCreate" name="test_device_module_create[200-req2]" file="azext_iot\tests\iothub\test_iot_ext_unit.py" line="867" time="0.027" /><testcase classname="azext_iot.tests.iothub.test_iot_ext_unit.TestDeviceModuleCreate" name="test_device_module_create[200-req3]" file="azext_iot\tests\iothub\test_iot_ext_unit.py" line="867" time="0.025" /><testcase classname="azext_iot.tests.iothub.test_iot_ext_unit.TestDeviceModuleCreate" name="test_device_module_create[200-req4]" file="azext_iot\tests\iothub\test_iot_ext_unit.py" line="867" time="0.080" /><testcase classname="azext_iot.tests.iothub.test_iot_ext_unit.TestDeviceModuleCreate" name="test_device_module_create_error[400-req0]" file="azext_iot\tests\iothub\test_iot_ext_unit.py" line="921" time="0.033" /><testcase classname="azext_iot.tests.iothub.test_iot_ext_unit.TestDeviceModuleCreate" name="test_device_module_create_error[401-req0]" file="azext_iot\tests\iothub\test_iot_ext_unit.py" line="921" time="0.028" /><testcase classname="azext_iot.tests.iothub.test_iot_ext_unit.TestDeviceModuleCreate" name="test_device_module_create_error[500-req0]" file="azext_iot\tests\iothub\test_iot_ext_unit.py" line="921" time="0.104" /><testcase classname="azext_iot.tests.iothub.test_iot_ext_unit.TestDeviceModuleUpdate" name="test_device_module_update[200-req0]" file="azext_iot\tests\iothub\test_iot_ext_unit.py" line="946" time="0.038" /><testcase classname="azext_iot.tests.iothub.test_iot_ext_unit.TestDeviceModuleUpdate" name="test_device_module_update[200-req1]" file="azext_iot\tests\iothub\test_iot_ext_unit.py" line="946" time="0.029" /><testcase classname="azext_iot.tests.iothub.test_iot_ext_unit.TestDeviceModuleUpdate" name="test_device_module_update[200-req2]" file="azext_iot\tests\iothub\test_iot_ext_unit.py" line="946" time="0.031" /><testcase classname="azext_iot.tests.iothub.test_iot_ext_unit.TestDeviceModuleUpdate" name="test_device_module_update_invalid_args[200-req0-CLIError]" file="azext_iot\tests\iothub\test_iot_ext_unit.py" line="1011" time="0.028" /><testcase classname="azext_iot.tests.iothub.test_iot_ext_unit.TestDeviceModuleUpdate" name="test_device_module_update_invalid_args[200-req1-CLIError]" file="azext_iot\tests\iothub\test_iot_ext_unit.py" line="1011" time="0.027" /><testcase classname="azext_iot.tests.iothub.test_iot_ext_unit.TestDeviceModuleUpdate" name="test_device_module_update_error[400-req0]" file="azext_iot\tests\iothub\test_iot_ext_unit.py" line="1042" time="0.047" /><testcase classname="azext_iot.tests.iothub.test_iot_ext_unit.TestDeviceModuleUpdate" name="test_device_module_update_error[401-req0]" file="azext_iot\tests\iothub\test_iot_ext_unit.py" line="1042" time="0.036" /><testcase classname="azext_iot.tests.iothub.test_iot_ext_unit.TestDeviceModuleUpdate" name="test_device_module_update_error[500-req0]" file="azext_iot\tests\iothub\test_iot_ext_unit.py" line="1042" time="0.026" /><testcase classname="azext_iot.tests.iothub.test_iot_ext_unit.TestDeviceModuleDelete" name="test_device_module_delete[204-c1781024e051410bbca86766055be0a1]" file="azext_iot\tests\iothub\test_iot_ext_unit.py" line="1064" time="0.027" /><testcase classname="azext_iot.tests.iothub.test_iot_ext_unit.TestDeviceModuleDelete" name="test_device_module_delete[204-None]" file="azext_iot\tests\iothub\test_iot_ext_unit.py" line="1064" time="0.025" /><testcase classname="azext_iot.tests.iothub.test_iot_ext_unit.TestDeviceModuleDelete" name="test_device_module_delete_error[400]" file="azext_iot\tests\iothub\test_iot_ext_unit.py" line="1082" time="0.030" /><testcase classname="azext_iot.tests.iothub.test_iot_ext_unit.TestDeviceModuleDelete" name="test_device_module_delete_error[401]" file="azext_iot\tests\iothub\test_iot_ext_unit.py" line="1082" time="0.028" /><testcase classname="azext_iot.tests.iothub.test_iot_ext_unit.TestDeviceModuleDelete" name="test_device_module_delete_error[500]" file="azext_iot\tests\iothub\test_iot_ext_unit.py" line="1082" time="0.026" /><testcase classname="azext_iot.tests.iothub.test_iot_ext_unit.TestDeviceModuleShow" name="test_device_module_show[200]" file="azext_iot\tests\iothub\test_iot_ext_unit.py" line="1099" time="0.023" /><testcase classname="azext_iot.tests.iothub.test_iot_ext_unit.TestDeviceModuleShow" name="test_device_module_show_error[400]" file="azext_iot\tests\iothub\test_iot_ext_unit.py" line="1111" time="0.029" /><testcase classname="azext_iot.tests.iothub.test_iot_ext_unit.TestDeviceModuleShow" name="test_device_module_show_error[401]" file="azext_iot\tests\iothub\test_iot_ext_unit.py" line="1111" time="0.028" /><testcase classname="azext_iot.tests.iothub.test_iot_ext_unit.TestDeviceModuleShow" name="test_device_module_show_error[500]" file="azext_iot\tests\iothub\test_iot_ext_unit.py" line="1111" time="0.044" /><testcase classname="azext_iot.tests.iothub.test_iot_ext_unit.TestDeviceModuleList" name="test_device_module_list[serviceclient0-10]" file="azext_iot\tests\iothub\test_iot_ext_unit.py" line="1135" time="0.029" /><testcase classname="azext_iot.tests.iothub.test_iot_ext_unit.TestDeviceModuleList" name="test_device_module_list[serviceclient0-1000]" file="azext_iot\tests\iothub\test_iot_ext_unit.py" line="1135" time="0.031" /><testcase classname="azext_iot.tests.iothub.test_iot_ext_unit.TestDeviceModuleList" name="test_device_module_list[serviceclient1-10]" file="azext_iot\tests\iothub\test_iot_ext_unit.py" line="1135" time="0.028" /><testcase classname="azext_iot.tests.iothub.test_iot_ext_unit.TestDeviceModuleList" name="test_device_module_list[serviceclient1-1000]" file="azext_iot\tests\iothub\test_iot_ext_unit.py" line="1135" time="0.031" /><testcase classname="azext_iot.tests.iothub.test_iot_ext_unit.TestDeviceModuleList" name="test_device_module_list_error[400]" file="azext_iot\tests\iothub\test_iot_ext_unit.py" line="1147" time="0.025" /><testcase classname="azext_iot.tests.iothub.test_iot_ext_unit.TestDeviceModuleList" name="test_device_module_list_error[401]" file="azext_iot\tests\iothub\test_iot_ext_unit.py" line="1147" time="0.028" /><testcase classname="azext_iot.tests.iothub.test_iot_ext_unit.TestDeviceModuleList" name="test_device_module_list_error[500]" file="azext_iot\tests\iothub\test_iot_ext_unit.py" line="1147" time="0.023" /><testcase classname="azext_iot.tests.iothub.test_iot_ext_unit.TestDeviceTwinShow" name="test_device_twin_show[200]" file="azext_iot\tests\iothub\test_iot_ext_unit.py" line="1181" time="0.026" /><testcase classname="azext_iot.tests.iothub.test_iot_ext_unit.TestDeviceTwinShow" name="test_device_twin_show_error[400]" file="azext_iot\tests\iothub\test_iot_ext_unit.py" line="1193" time="0.028" /><testcase classname="azext_iot.tests.iothub.test_iot_ext_unit.TestDeviceTwinShow" name="test_device_twin_show_error[401]" file="azext_iot\tests\iothub\test_iot_ext_unit.py" line="1193" time="0.031" /><testcase classname="azext_iot.tests.iothub.test_iot_ext_unit.TestDeviceTwinShow" name="test_device_twin_show_error[500]" file="azext_iot\tests\iothub\test_iot_ext_unit.py" line="1193" time="0.033" /><testcase classname="azext_iot.tests.iothub.test_iot_ext_unit.TestDeviceTwinUpdate" name="test_device_twin_update[200-req0]" file="azext_iot\tests\iothub\test_iot_ext_unit.py" line="1208" time="0.031" /><testcase classname="azext_iot.tests.iothub.test_iot_ext_unit.TestDeviceTwinUpdate" name="test_device_twin_update[200-req1]" file="azext_iot\tests\iothub\test_iot_ext_unit.py" line="1208" time="0.041" /><testcase classname="azext_iot.tests.iothub.test_iot_ext_unit.TestDeviceTwinUpdate" name="test_device_twin_update_error[400-req0]" file="azext_iot\tests\iothub\test_iot_ext_unit.py" line="1234" time="0.026" /><testcase classname="azext_iot.tests.iothub.test_iot_ext_unit.TestDeviceTwinUpdate" name="test_device_twin_update_error[401-req0]" file="azext_iot\tests\iothub\test_iot_ext_unit.py" line="1234" time="0.030" /><testcase classname="azext_iot.tests.iothub.test_iot_ext_unit.TestDeviceTwinUpdate" name="test_device_twin_update_error[500-req0]" file="azext_iot\tests\iothub\test_iot_ext_unit.py" line="1234" time="0.027" /><testcase classname="azext_iot.tests.iothub.test_iot_ext_unit.TestDeviceTwinReplace" name="test_device_twin_replace[200-req0-False-b91be261185c4c16b35423e1436b8b3f]" file="azext_iot\tests\iothub\test_iot_ext_unit.py" line="1255" time="0.031" /><testcase classname="azext_iot.tests.iothub.test_iot_ext_unit.TestDeviceTwinReplace" name="test_device_twin_replace[200-req1-False-None]" file="azext_iot\tests\iothub\test_iot_ext_unit.py" line="1255" time="0.031" /><testcase classname="azext_iot.tests.iothub.test_iot_ext_unit.TestDeviceTwinReplace" name="test_device_twin_replace[200-C:\\working\\GitHub\\azure-iot-cli-extension\\azext_iot\\tests\\iothub\\test_generic_twin.json-True-None]" file="azext_iot\tests\iothub\test_iot_ext_unit.py" line="1255" time="0.031" /><testcase classname="azext_iot.tests.iothub.test_iot_ext_unit.TestDeviceTwinReplace" name="test_device_twin_replace_error[400-req0]" file="azext_iot\tests\iothub\test_iot_ext_unit.py" line="1296" time="0.040" /><testcase classname="azext_iot.tests.iothub.test_iot_ext_unit.TestDeviceTwinReplace" name="test_device_twin_replace_error[401-req0]" file="azext_iot\tests\iothub\test_iot_ext_unit.py" line="1296" time="0.095" /><testcase classname="azext_iot.tests.iothub.test_iot_ext_unit.TestDeviceTwinReplace" name="test_device_twin_replace_error[500-req0]" file="azext_iot\tests\iothub\test_iot_ext_unit.py" line="1296" time="0.021" /><testcase classname="azext_iot.tests.iothub.test_iot_ext_unit.TestDeviceModuleTwinShow" name="test_device_module_twin_show[200]" file="azext_iot\tests\iothub\test_iot_ext_unit.py" line="1316" time="0.028" /><testcase classname="azext_iot.tests.iothub.test_iot_ext_unit.TestDeviceModuleTwinShow" name="test_device_module_twin_show_error[400]" file="azext_iot\tests\iothub\test_iot_ext_unit.py" line="1325" time="0.028" /><testcase classname="azext_iot.tests.iothub.test_iot_ext_unit.TestDeviceModuleTwinShow" name="test_device_module_twin_show_error[401]" file="azext_iot\tests\iothub\test_iot_ext_unit.py" line="1325" time="0.027" /><testcase classname="azext_iot.tests.iothub.test_iot_ext_unit.TestDeviceModuleTwinShow" name="test_device_module_twin_show_error[500]" file="azext_iot\tests\iothub\test_iot_ext_unit.py" line="1325" time="0.027" /><testcase classname="azext_iot.tests.iothub.test_iot_ext_unit.TestDeviceModuleTwinUpdate" name="test_device_module_twin_update[200-req0]" file="azext_iot\tests\iothub\test_iot_ext_unit.py" line="1345" time="0.032" /><testcase classname="azext_iot.tests.iothub.test_iot_ext_unit.TestDeviceModuleTwinUpdate" name="test_device_module_twin_update[200-req1]" file="azext_iot\tests\iothub\test_iot_ext_unit.py" line="1345" time="0.029" /><testcase classname="azext_iot.tests.iothub.test_iot_ext_unit.TestDeviceModuleTwinUpdate" name="test_device_module_twin_update_error[400-req0]" file="azext_iot\tests\iothub\test_iot_ext_unit.py" line="1382" time="0.027" /><testcase classname="azext_iot.tests.iothub.test_iot_ext_unit.TestDeviceModuleTwinUpdate" name="test_device_module_twin_update_error[401-req0]" file="azext_iot\tests\iothub\test_iot_ext_unit.py" line="1382" time="0.035" /><testcase classname="azext_iot.tests.iothub.test_iot_ext_unit.TestDeviceModuleTwinUpdate" name="test_device_module_twin_update_error[500-req0]" file="azext_iot\tests\iothub\test_iot_ext_unit.py" line="1382" time="0.028" /><testcase classname="azext_iot.tests.iothub.test_iot_ext_unit.TestDeviceModuleTwinReplace" name="test_device_module_twin_replace[200-req0-False-06bb8dc290b243dd94c4673bfc7989cd]" file="azext_iot\tests\iothub\test_iot_ext_unit.py" line="1404" time="0.030" /><testcase classname="azext_iot.tests.iothub.test_iot_ext_unit.TestDeviceModuleTwinReplace" name="test_device_module_twin_replace[200-req1-False-None]" file="azext_iot\tests\iothub\test_iot_ext_unit.py" line="1404" time="0.024" /><testcase classname="azext_iot.tests.iothub.test_iot_ext_unit.TestDeviceModuleTwinReplace" name="test_device_module_twin_replace[200-C:\\working\\GitHub\\azure-iot-cli-extension\\azext_iot\\tests\\iothub\\test_generic_twin.json-True-None]" file="azext_iot\tests\iothub\test_iot_ext_unit.py" line="1404" time="0.031" /><testcase classname="azext_iot.tests.iothub.test_iot_ext_unit.TestDeviceModuleTwinReplace" name="test_device_module_twin_replace_error[400-req0]" file="azext_iot\tests\iothub\test_iot_ext_unit.py" line="1446" time="0.031" /><testcase classname="azext_iot.tests.iothub.test_iot_ext_unit.TestDeviceModuleTwinReplace" name="test_device_module_twin_replace_error[401-req0]" file="azext_iot\tests\iothub\test_iot_ext_unit.py" line="1446" time="0.029" /><testcase classname="azext_iot.tests.iothub.test_iot_ext_unit.TestDeviceModuleTwinReplace" name="test_device_module_twin_replace_error[500-req0]" file="azext_iot\tests\iothub\test_iot_ext_unit.py" line="1446" time="0.030" /><testcase classname="azext_iot.tests.iothub.test_iot_ext_unit.TestQuery" name="test_query_basic[200-select * from devices-servresult0-6-3]" file="azext_iot\tests\iothub\test_iot_ext_unit.py" line="1467" time="0.034" /><testcase classname="azext_iot.tests.iothub.test_iot_ext_unit.TestQuery" name="test_query_basic[200-select * from devices-servresult1-5-2]" file="azext_iot\tests\iothub\test_iot_ext_unit.py" line="1467" time="0.031" /><testcase classname="azext_iot.tests.iothub.test_iot_ext_unit.TestQuery" name="test_query_basic[200-select * from devices-servresult2-6-None]" file="azext_iot\tests\iothub\test_iot_ext_unit.py" line="1467" time="0.034" /><testcase classname="azext_iot.tests.iothub.test_iot_ext_unit.TestQuery" name="test_query_basic[200-select * from devices-servresult3-100-51]" file="azext_iot\tests\iothub\test_iot_ext_unit.py" line="1467" time="0.042" /><testcase classname="azext_iot.tests.iothub.test_iot_ext_unit.TestQuery" name="test_query_basic[200-select * from devices-servresult4-1-100]" file="azext_iot\tests\iothub\test_iot_ext_unit.py" line="1467" time="0.031" /><testcase classname="azext_iot.tests.iothub.test_iot_ext_unit.TestQuery" name="test_query_invalid_args[-2]" file="azext_iot\tests\iothub\test_iot_ext_unit.py" line="1537" time="0.004" /><testcase classname="azext_iot.tests.iothub.test_iot_ext_unit.TestQuery" name="test_query_invalid_args[0]" file="azext_iot\tests\iothub\test_iot_ext_unit.py" line="1537" time="0.003" /><testcase classname="azext_iot.tests.iothub.test_iot_ext_unit.TestQuery" name="test_query_error[400]" file="azext_iot\tests\iothub\test_iot_ext_unit.py" line="1542" time="0.031" /><testcase classname="azext_iot.tests.iothub.test_iot_ext_unit.TestQuery" name="test_query_error[401]" file="azext_iot\tests\iothub\test_iot_ext_unit.py" line="1542" time="0.029" /><testcase classname="azext_iot.tests.iothub.test_iot_ext_unit.TestQuery" name="test_query_error[500]" file="azext_iot\tests\iothub\test_iot_ext_unit.py" line="1542" time="0.029" /><testcase classname="azext_iot.tests.iothub.test_iot_ext_unit.TestDeviceMethodInvoke" name="test_device_method[200-{&quot;key&quot;:&quot;value&quot;}]" file="azext_iot\tests\iothub\test_iot_ext_unit.py" line="1556" time="0.030" /><testcase classname="azext_iot.tests.iothub.test_iot_ext_unit.TestDeviceMethodInvoke" name="test_device_method[200-None]" file="azext_iot\tests\iothub\test_iot_ext_unit.py" line="1556" time="0.030" /><testcase classname="azext_iot.tests.iothub.test_iot_ext_unit.TestDeviceMethodInvoke" name="test_device_method_invalid_args[200-badformat-payload-CLIError]" file="azext_iot\tests\iothub\test_iot_ext_unit.py" line="1586" time="0.028" /><testcase classname="azext_iot.tests.iothub.test_iot_ext_unit.TestDeviceMethodInvoke" name="test_device_method_invalid_args[200-{&quot;key&quot;:&quot;valu-payload-CLIError]" file="azext_iot\tests\iothub\test_iot_ext_unit.py" line="1586" time="0.030" /><testcase classname="azext_iot.tests.iothub.test_iot_ext_unit.TestDeviceMethodInvoke" name="test_device_method_invalid_args[200-1000-timeout-CLIError]" file="azext_iot\tests\iothub\test_iot_ext_unit.py" line="1586" time="0.021" /><testcase classname="azext_iot.tests.iothub.test_iot_ext_unit.TestDeviceMethodInvoke" name="test_device_method_invalid_args[200-5-timeout-CLIError]" file="azext_iot\tests\iothub\test_iot_ext_unit.py" line="1586" time="0.031" /><testcase classname="azext_iot.tests.iothub.test_iot_ext_unit.TestDeviceMethodInvoke" name="test_device_method_error[400]" file="azext_iot\tests\iothub\test_iot_ext_unit.py" line="1615" time="0.044" /><testcase classname="azext_iot.tests.iothub.test_iot_ext_unit.TestDeviceMethodInvoke" name="test_device_method_error[401]" file="azext_iot\tests\iothub\test_iot_ext_unit.py" line="1615" time="0.025" /><testcase classname="azext_iot.tests.iothub.test_iot_ext_unit.TestDeviceMethodInvoke" name="test_device_method_error[500]" file="azext_iot\tests\iothub\test_iot_ext_unit.py" line="1615" time="0.030" /><testcase classname="azext_iot.tests.iothub.test_iot_ext_unit.TestDeviceModuleMethodInvoke" name="test_device_module_method[200-{&quot;key&quot;:&quot;value&quot;}]" file="azext_iot\tests\iothub\test_iot_ext_unit.py" line="1635" time="0.029" /><testcase classname="azext_iot.tests.iothub.test_iot_ext_unit.TestDeviceModuleMethodInvoke" name="test_device_module_method[200-None]" file="azext_iot\tests\iothub\test_iot_ext_unit.py" line="1635" time="0.039" /><testcase classname="azext_iot.tests.iothub.test_iot_ext_unit.TestDeviceModuleMethodInvoke" name="test_device_module_method_invalid_args[200-doesnotexist-payload-CLIError]" file="azext_iot\tests\iothub\test_iot_ext_unit.py" line="1671" time="0.022" /><testcase classname="azext_iot.tests.iothub.test_iot_ext_unit.TestDeviceModuleMethodInvoke" name="test_device_module_method_invalid_args[200-{&quot;key&quot;:&quot;valu-payload-CLIError]" file="azext_iot\tests\iothub\test_iot_ext_unit.py" line="1671" time="0.030" /><testcase classname="azext_iot.tests.iothub.test_iot_ext_unit.TestDeviceModuleMethodInvoke" name="test_device_module_method_invalid_args[200-1000-timeout-CLIError]" file="azext_iot\tests\iothub\test_iot_ext_unit.py" line="1671" time="0.017" /><testcase classname="azext_iot.tests.iothub.test_iot_ext_unit.TestDeviceModuleMethodInvoke" name="test_device_module_method_invalid_args[200-5-timeout-CLIError]" file="azext_iot\tests\iothub\test_iot_ext_unit.py" line="1671" time="0.016" /><testcase classname="azext_iot.tests.iothub.test_iot_ext_unit.TestDeviceModuleMethodInvoke" name="test_device_method_error[400]" file="azext_iot\tests\iothub\test_iot_ext_unit.py" line="1702" time="0.028" /><testcase classname="azext_iot.tests.iothub.test_iot_ext_unit.TestDeviceModuleMethodInvoke" name="test_device_method_error[401]" file="azext_iot\tests\iothub\test_iot_ext_unit.py" line="1702" time="0.031" /><testcase classname="azext_iot.tests.iothub.test_iot_ext_unit.TestDeviceModuleMethodInvoke" name="test_device_method_error[500]" file="azext_iot\tests\iothub\test_iot_ext_unit.py" line="1702" time="0.030" /><testcase classname="azext_iot.tests.iothub.test_iot_ext_unit.TestCloudToDeviceMessaging" name="test_c2d_receive[full]" file="azext_iot\tests\iothub\test_iot_ext_unit.py" line="1837" time="0.068" /><testcase classname="azext_iot.tests.iothub.test_iot_ext_unit.TestCloudToDeviceMessaging" name="test_c2d_receive[min]" file="azext_iot\tests\iothub\test_iot_ext_unit.py" line="1837" time="0.024" /><testcase classname="azext_iot.tests.iothub.test_iot_ext_unit.TestCloudToDeviceMessaging" name="test_c2d_receive_ack" file="azext_iot\tests\iothub\test_iot_ext_unit.py" line="1899" time="0.098" /><testcase classname="azext_iot.tests.iothub.test_iot_ext_unit.TestCloudToDeviceMessaging" name="test_c2d_receive_ack_errors" file="azext_iot\tests\iothub\test_iot_ext_unit.py" line="1996" time="0.003" /><testcase classname="azext_iot.tests.iothub.test_iot_ext_unit.TestCloudToDeviceMessaging" name="test_c2d_complete" file="azext_iot\tests\iothub\test_iot_ext_unit.py" line="2021" time="0.026" /><testcase classname="azext_iot.tests.iothub.test_iot_ext_unit.TestCloudToDeviceMessaging" name="test_c2d_reject" file="azext_iot\tests\iothub\test_iot_ext_unit.py" line="2040" time="0.023" /><testcase classname="azext_iot.tests.iothub.test_iot_ext_unit.TestCloudToDeviceMessaging" name="test_c2d_abandon" file="azext_iot\tests\iothub\test_iot_ext_unit.py" line="2061" time="0.024" /><testcase classname="azext_iot.tests.iothub.test_iot_ext_unit.TestCloudToDeviceMessaging" name="test_c2d_receive_and_ack_errors[400]" file="azext_iot\tests\iothub\test_iot_ext_unit.py" line="2081" time="0.038" /><testcase classname="azext_iot.tests.iothub.test_iot_ext_unit.TestCloudToDeviceMessaging" name="test_c2d_receive_and_ack_errors[401]" file="azext_iot\tests\iothub\test_iot_ext_unit.py" line="2081" time="0.025" /><testcase classname="azext_iot.tests.iothub.test_iot_ext_unit.TestCloudToDeviceMessaging" name="test_c2d_receive_and_ack_errors[500]" file="azext_iot\tests\iothub\test_iot_ext_unit.py" line="2081" time="0.025" /><testcase classname="azext_iot.tests.iothub.test_iot_ext_unit.TestCloudToDeviceMessaging" name="test_c2d_message_purge" file="azext_iot\tests\iothub\test_iot_ext_unit.py" line="2096" time="0.024" /><testcase classname="azext_iot.tests.iothub.test_iot_ext_unit.TestSasTokenAuth" name="test_generate_sas_token" file="azext_iot\tests\iothub\test_iot_ext_unit.py" line="2114" time="0.003" /><testcase classname="azext_iot.tests.iothub.test_iot_ext_unit.TestDeviceSimulate" name="test_device_simulate[204-complete-1-1-http-None]" file="azext_iot\tests\iothub\test_iot_ext_unit.py" line="2174" time="3.047" /><testcase classname="azext_iot.tests.iothub.test_iot_ext_unit.TestDeviceSimulate" name="test_device_simulate[204-reject-1-1-http-None]" file="azext_iot\tests\iothub\test_iot_ext_unit.py" line="2174" time="3.031" /><testcase classname="azext_iot.tests.iothub.test_iot_ext_unit.TestDeviceSimulate" name="test_device_simulate[204-abandon-2-1-http-iothub-app-myprop=myvalue;iothub-messageid=1]" file="azext_iot\tests\iothub\test_iot_ext_unit.py" line="2174" time="3.047" /><testcase classname="azext_iot.tests.iothub.test_iot_ext_unit.TestDeviceSimulate" name="test_device_simulate[204-complete-1-1-http-invalidprop;content-encoding=utf-16]" file="azext_iot\tests\iothub\test_iot_ext_unit.py" line="2174" time="3.044" /><testcase classname="azext_iot.tests.iothub.test_iot_ext_unit.TestDeviceSimulate" name="test_device_simulate[204-complete-1-1-http-iothub-app-myprop=myvalue;content-type=application/text]" file="azext_iot\tests\iothub\test_iot_ext_unit.py" line="2174" time="3.043" /><testcase classname="azext_iot.tests.iothub.test_iot_ext_unit.TestDeviceSimulate" name="test_device_simulate[204-complete-3-1-mqtt-None]" file="azext_iot\tests\iothub\test_iot_ext_unit.py" line="2174" time="3.051" /><testcase classname="azext_iot.tests.iothub.test_iot_ext_unit.TestDeviceSimulate" name="test_device_simulate[204-complete-3-1-mqtt-invalid]" file="azext_iot\tests\iothub\test_iot_ext_unit.py" line="2174" time="3.063" /><testcase classname="azext_iot.tests.iothub.test_iot_ext_unit.TestDeviceSimulate" name="test_device_simulate[204-complete-2-1-mqtt-myprop=myvalue;$.ce=utf-16]" file="azext_iot\tests\iothub\test_iot_ext_unit.py" line="2174" time="2.067" /><testcase classname="azext_iot.tests.iothub.test_iot_ext_unit.TestDeviceSimulate" name="test_device_simulate[204-complete-2-1-mqtt-myinvalidprop;myvalidprop=myvalidpropvalue]" file="azext_iot\tests\iothub\test_iot_ext_unit.py" line="2174" time="2.041" /><testcase classname="azext_iot.tests.iothub.test_iot_ext_unit.TestDeviceSimulate" name="test_device_simulate_invalid_args[204-complete-2-0-mqtt-CLIError]" file="azext_iot\tests\iothub\test_iot_ext_unit.py" line="2253" time="0.025" /><testcase classname="azext_iot.tests.iothub.test_iot_ext_unit.TestDeviceSimulate" name="test_device_simulate_invalid_args[204-complete-0-1-mqtt-CLIError]" file="azext_iot\tests\iothub\test_iot_ext_unit.py" line="2253" time="0.030" /><testcase classname="azext_iot.tests.iothub.test_iot_ext_unit.TestDeviceSimulate" name="test_device_simulate_invalid_args[204-reject-1-1-mqtt-CLIError]" file="azext_iot\tests\iothub\test_iot_ext_unit.py" line="2253" time="0.044" /><testcase classname="azext_iot.tests.iothub.test_iot_ext_unit.TestDeviceSimulate" name="test_device_simulate_invalid_args[204-abandon-1-0-http-CLIError]" file="azext_iot\tests\iothub\test_iot_ext_unit.py" line="2253" time="0.040" /><testcase classname="azext_iot.tests.iothub.test_iot_ext_unit.TestDeviceSimulate" name="test_device_simulate_http_error[400]" file="azext_iot\tests\iothub\test_iot_ext_unit.py" line="2276" time="0.075" /><testcase classname="azext_iot.tests.iothub.test_iot_ext_unit.TestDeviceSimulate" name="test_device_simulate_http_error[401]" file="azext_iot\tests\iothub\test_iot_ext_unit.py" line="2276" time="0.059" /><testcase classname="azext_iot.tests.iothub.test_iot_ext_unit.TestDeviceSimulate" name="test_device_simulate_http_error[500]" file="azext_iot\tests\iothub\test_iot_ext_unit.py" line="2276" time="0.052" /><testcase classname="azext_iot.tests.iothub.test_iot_ext_unit.TestDeviceSimulate" name="test_device_simulate_mqtt_error" file="azext_iot\tests\iothub\test_iot_ext_unit.py" line="2285" time="0.026" /><testcase classname="azext_iot.tests.iothub.test_iot_ext_unit.TestMonitorEvents" name="test_monitor_events_entrypoint[req0]" file="azext_iot\tests\iothub\test_iot_ext_unit.py" line="2306" time="0.031" /><testcase classname="azext_iot.tests.iothub.test_iot_ext_unit.TestMonitorEvents" name="test_monitor_events_invalid_args[200--1-CLIError]" file="azext_iot\tests\iothub\test_iot_ext_unit.py" line="2371" time="0.076" /><testcase classname="azext_iot.tests.iothub.test_iot_ext_unit.TestEdgeOffline" name="test_device_get_parent[sc_getparent0]" file="azext_iot\tests\iothub\test_iot_ext_unit.py" line="2428" time="0.073" /><testcase classname="azext_iot.tests.iothub.test_iot_ext_unit.TestEdgeOffline" name="test_device_getparent_invalid_args[sc_invalid_args_getparent0-CLIError]" file="azext_iot\tests\iothub\test_iot_ext_unit.py" line="2454" time="0.045" /><testcase classname="azext_iot.tests.iothub.test_iot_ext_unit.TestEdgeOffline" name="test_device_getparent_invalid_args[sc_invalid_args_getparent1-CLIError]" file="azext_iot\tests\iothub\test_iot_ext_unit.py" line="2454" time="0.036" /><testcase classname="azext_iot.tests.iothub.test_iot_ext_unit.TestEdgeOffline" name="test_device_getparent_error[400]" file="azext_iot\tests\iothub\test_iot_ext_unit.py" line="2459" time="0.033" /><testcase classname="azext_iot.tests.iothub.test_iot_ext_unit.TestEdgeOffline" name="test_device_getparent_error[401]" file="azext_iot\tests\iothub\test_iot_ext_unit.py" line="2459" time="0.023" /><testcase classname="azext_iot.tests.iothub.test_iot_ext_unit.TestEdgeOffline" name="test_device_getparent_error[500]" file="azext_iot\tests\iothub\test_iot_ext_unit.py" line="2459" time="0.050" /><testcase classname="azext_iot.tests.iothub.test_iot_ext_unit.TestEdgeOffline" name="test_device_set_parent[sc_setparent0]" file="azext_iot\tests\iothub\test_iot_ext_unit.py" line="2480" time="0.085" /><testcase classname="azext_iot.tests.iothub.test_iot_ext_unit.TestEdgeOffline" name="test_device_set_parent[sc_setparent1]" file="azext_iot\tests\iothub\test_iot_ext_unit.py" line="2480" time="0.144" /><testcase classname="azext_iot.tests.iothub.test_iot_ext_unit.TestEdgeOffline" name="test_device_setparent_invalid_args[sc_invalid_args_setparent0-CLIError]" file="azext_iot\tests\iothub\test_iot_ext_unit.py" line="2512" time="0.026" /><testcase classname="azext_iot.tests.iothub.test_iot_ext_unit.TestEdgeOffline" name="test_device_setparent_invalid_args[sc_invalid_args_setparent1-CLIError]" file="azext_iot\tests\iothub\test_iot_ext_unit.py" line="2512" time="0.054" /><testcase classname="azext_iot.tests.iothub.test_iot_ext_unit.TestEdgeOffline" name="test_device_setparent_error[sc_setparent_error0]" file="azext_iot\tests\iothub\test_iot_ext_unit.py" line="2530" time="0.054" /><testcase classname="azext_iot.tests.iothub.test_iot_ext_unit.TestEdgeOffline" name="test_device_setparent_error[sc_setparent_error1]" file="azext_iot\tests\iothub\test_iot_ext_unit.py" line="2530" time="0.054" /><testcase classname="azext_iot.tests.iothub.test_iot_ext_unit.TestEdgeOffline" name="test_device_setparent_error[sc_setparent_error2]" file="azext_iot\tests\iothub\test_iot_ext_unit.py" line="2530" time="0.110" /><testcase classname="azext_iot.tests.iothub.test_iot_ext_unit.TestEdgeOffline" name="test_device_setparent_invalid_etag[sc_invalid_etag_setparent0-CLIError]" file="azext_iot\tests\iothub\test_iot_ext_unit.py" line="2550" time="0.049" /><testcase classname="azext_iot.tests.iothub.test_iot_ext_unit.TestEdgeOffline" name="test_device_children_add[sc_addchildren0]" file="azext_iot\tests\iothub\test_iot_ext_unit.py" line="2576" time="0.049" /><testcase classname="azext_iot.tests.iothub.test_iot_ext_unit.TestEdgeOffline" name="test_device_children_add[sc_addchildren1]" file="azext_iot\tests\iothub\test_iot_ext_unit.py" line="2576" time="0.047" /><testcase classname="azext_iot.tests.iothub.test_iot_ext_unit.TestEdgeOffline" name="test_device_children_add[sc_addchildren2]" file="azext_iot\tests\iothub\test_iot_ext_unit.py" line="2576" time="0.048" /><testcase classname="azext_iot.tests.iothub.test_iot_ext_unit.TestEdgeOffline" name="test_device_addchildren_invalid_args[sc_invalid_args_addchildren0-CLIError]" file="azext_iot\tests\iothub\test_iot_ext_unit.py" line="2610" time="0.025" /><testcase classname="azext_iot.tests.iothub.test_iot_ext_unit.TestEdgeOffline" name="test_device_addchildren_invalid_args[sc_invalid_args_addchildren1-CLIError]" file="azext_iot\tests\iothub\test_iot_ext_unit.py" line="2610" time="0.046" /><testcase classname="azext_iot.tests.iothub.test_iot_ext_unit.TestEdgeOffline" name="test_device_addchildren_error[sc_addchildren_error0]" file="azext_iot\tests\iothub\test_iot_ext_unit.py" line="2628" time="0.051" /><testcase classname="azext_iot.tests.iothub.test_iot_ext_unit.TestEdgeOffline" name="test_device_addchildren_error[sc_addchildren_error1]" file="azext_iot\tests\iothub\test_iot_ext_unit.py" line="2628" time="0.050" /><testcase classname="azext_iot.tests.iothub.test_iot_ext_unit.TestEdgeOffline" name="test_device_addchildren_error[sc_addchildren_error2]" file="azext_iot\tests\iothub\test_iot_ext_unit.py" line="2628" time="0.051" /><testcase classname="azext_iot.tests.iothub.test_iot_ext_unit.TestEdgeOffline" name="test_device_addchildren_invalid_etag[sc_invalid_etag_setparent0-CLIError]" file="azext_iot\tests\iothub\test_iot_ext_unit.py" line="2648" time="0.049" /><testcase classname="azext_iot.tests.iothub.test_iot_ext_unit.TestEdgeOffline" name="test_device_children_list" file="azext_iot\tests\iothub\test_iot_ext_unit.py" line="2672" time="0.033" /><testcase classname="azext_iot.tests.iothub.test_iot_ext_unit.TestEdgeOffline" name="test_device_listchildren_error[400]" file="azext_iot\tests\iothub\test_iot_ext_unit.py" line="2699" time="0.032" /><testcase classname="azext_iot.tests.iothub.test_iot_ext_unit.TestEdgeOffline" name="test_device_listchildren_error[401]" file="azext_iot\tests\iothub\test_iot_ext_unit.py" line="2699" time="0.031" /><testcase classname="azext_iot.tests.iothub.test_iot_ext_unit.TestEdgeOffline" name="test_device_listchildren_error[500]" file="azext_iot\tests\iothub\test_iot_ext_unit.py" line="2699" time="0.027" /><testcase classname="azext_iot.tests.iothub.test_iot_ext_unit.TestEdgeOffline" name="test_device_children_remove_list[sc_removechildrenlist0]" file="azext_iot\tests\iothub\test_iot_ext_unit.py" line="2723" time="0.056" /><testcase classname="azext_iot.tests.iothub.test_iot_ext_unit.TestEdgeOffline" name="test_device_removechildrenlist_invalid_args[sc_invalid_args_removechildrenlist0-CLIError]" file="azext_iot\tests\iothub\test_iot_ext_unit.py" line="2758" time="0.025" /><testcase classname="azext_iot.tests.iothub.test_iot_ext_unit.TestEdgeOffline" name="test_device_removechildrenlist_invalid_args[sc_invalid_args_removechildrenlist1-CLIError]" file="azext_iot\tests\iothub\test_iot_ext_unit.py" line="2758" time="0.103" /><testcase classname="azext_iot.tests.iothub.test_iot_ext_unit.TestEdgeOffline" name="test_device_removechildrenlist_invalid_args[sc_invalid_args_removechildrenlist2-CLIError]" file="azext_iot\tests\iothub\test_iot_ext_unit.py" line="2758" time="0.051" /><testcase classname="azext_iot.tests.iothub.test_iot_ext_unit.TestEdgeOffline" name="test_device_removechildrenlist_invalid_args[sc_invalid_args_removechildrenlist3-CLIError]" file="azext_iot\tests\iothub\test_iot_ext_unit.py" line="2758" time="0.041" /><testcase classname="azext_iot.tests.iothub.test_iot_ext_unit.TestEdgeOffline" name="test_device_removechildrenlist_invalid_etag[sc_invalid_etag_removechildrenlist0-CLIError]" file="azext_iot\tests\iothub\test_iot_ext_unit.py" line="2787" time="0.055" /><testcase classname="azext_iot.tests.iothub.test_iot_ext_unit.TestEdgeOffline" name="test_device_removechildrenlist_error[sc_removechildrenlist_error0]" file="azext_iot\tests\iothub\test_iot_ext_unit.py" line="2813" time="0.056" /><testcase classname="azext_iot.tests.iothub.test_iot_ext_unit.TestEdgeOffline" name="test_device_removechildrenlist_error[sc_removechildrenlist_error1]" file="azext_iot\tests\iothub\test_iot_ext_unit.py" line="2813" time="0.052" /><testcase classname="azext_iot.tests.iothub.test_iot_ext_unit.TestEdgeOffline" name="test_device_removechildrenlist_error[sc_removechildrenlist_error2]" file="azext_iot\tests\iothub\test_iot_ext_unit.py" line="2813" time="0.056" /><testcase classname="azext_iot.tests.iothub.test_iot_ext_unit.TestEdgeOffline" name="test_device_children_remove_all[sc_removechildrenall0]" file="azext_iot\tests\iothub\test_iot_ext_unit.py" line="2841" time="0.059" /><testcase classname="azext_iot.tests.iothub.test_iot_ext_unit.TestEdgeOffline" name="test_device_removechildrenall_invalid_args[sc_invalid_args_removechildrenall0-CLIError]" file="azext_iot\tests\iothub\test_iot_ext_unit.py" line="2877" time="0.025" /><testcase classname="azext_iot.tests.iothub.test_iot_ext_unit.TestEdgeOffline" name="test_device_removechildrenall_invalid_args[sc_invalid_args_removechildrenall1-CLIError]" file="azext_iot\tests\iothub\test_iot_ext_unit.py" line="2877" time="0.038" /><testcase classname="azext_iot.tests.iothub.test_iot_ext_unit.TestEdgeOffline" name="test_device_removechildrenall_invalid_etag[sc_invalid_etag_removechildrenall0-CLIError]" file="azext_iot\tests\iothub\test_iot_ext_unit.py" line="2911" time="0.103" /><testcase classname="azext_iot.tests.iothub.test_iot_ext_unit.TestEdgeOffline" name="test_device_removechildrenall_error[sc_removechildrenall_error0]" file="azext_iot\tests\iothub\test_iot_ext_unit.py" line="2942" time="0.087" /><testcase classname="azext_iot.tests.iothub.test_iot_ext_unit.TestEdgeOffline" name="test_device_removechildrenall_error[sc_removechildrenall_error1]" file="azext_iot\tests\iothub\test_iot_ext_unit.py" line="2942" time="0.070" /><testcase classname="azext_iot.tests.iothub.test_iot_ext_unit.TestEdgeOffline" name="test_device_removechildrenall_error[sc_removechildrenall_error2]" file="azext_iot\tests\iothub\test_iot_ext_unit.py" line="2942" time="0.108" /><testcase classname="azext_iot.tests.iothub.test_iot_ext_unit.TestDeviceDistributedTracing" name="test_distributed_tracing_show[sc_distributed_tracing_show0]" file="azext_iot\tests\iothub\test_iot_ext_unit.py" line="2972" time="0.027" /><testcase classname="azext_iot.tests.iothub.test_iot_ext_unit.TestDeviceDistributedTracing" name="test_distributed_tracing_show_invalid_args[sc_invalid_args_distributed_tracing_show0-CLIError]" file="azext_iot\tests\iothub\test_iot_ext_unit.py" line="3007" time="0.029" /><testcase classname="azext_iot.tests.iothub.test_iot_ext_unit.TestDeviceDistributedTracing" name="test_distributed_tracing_show_invalid_args[sc_invalid_args_distributed_tracing_show1-CLIError]" file="azext_iot\tests\iothub\test_iot_ext_unit.py" line="3007" time="0.028" /><testcase classname="azext_iot.tests.iothub.test_iot_ext_unit.TestDeviceDistributedTracing" name="test_distributed_tracing_show_invalid_args[sc_invalid_args_distributed_tracing_show2-CLIError]" file="azext_iot\tests\iothub\test_iot_ext_unit.py" line="3007" time="0.047" /><testcase classname="azext_iot.tests.iothub.test_iot_ext_unit.TestDeviceDistributedTracing" name="test_distributed_tracing_show_error[400]" file="azext_iot\tests\iothub\test_iot_ext_unit.py" line="3016" time="0.046" /><testcase classname="azext_iot.tests.iothub.test_iot_ext_unit.TestDeviceDistributedTracing" name="test_distributed_tracing_show_error[401]" file="azext_iot\tests\iothub\test_iot_ext_unit.py" line="3016" time="0.055" /><testcase classname="azext_iot.tests.iothub.test_iot_ext_unit.TestDeviceDistributedTracing" name="test_distributed_tracing_show_error[500]" file="azext_iot\tests\iothub\test_iot_ext_unit.py" line="3016" time="0.028" /><testcase classname="azext_iot.tests.iothub.test_iot_ext_unit.TestDeviceDistributedTracing" name="test_distributed_tracing_update[sc_distributed_tracing_update0]" file="azext_iot\tests\iothub\test_iot_ext_unit.py" line="3071" time="0.039" /><testcase classname="azext_iot.tests.iothub.test_iot_ext_unit.TestDeviceDistributedTracing" name="test_distributed_tracing_update[sc_distributed_tracing_update1]" file="azext_iot\tests\iothub\test_iot_ext_unit.py" line="3071" time="0.122" /><testcase classname="azext_iot.tests.iothub.test_iot_ext_unit.TestDeviceDistributedTracing" name="test_distributed_tracing_update[sc_distributed_tracing_update2]" file="azext_iot\tests\iothub\test_iot_ext_unit.py" line="3071" time="0.067" /><testcase classname="azext_iot.tests.iothub.test_iot_ext_unit.TestDeviceDistributedTracing" name="test_distributed_tracing_update_invalid_args[sc_invalid_args_distributed_tracing_update0-CLIError]" file="azext_iot\tests\iothub\test_iot_ext_unit.py" line="3106" time="0.027" /><testcase classname="azext_iot.tests.iothub.test_iot_ext_unit.TestDeviceDistributedTracing" name="test_distributed_tracing_update_invalid_args[sc_invalid_args_distributed_tracing_update1-CLIError]" file="azext_iot\tests\iothub\test_iot_ext_unit.py" line="3106" time="0.030" /><testcase classname="azext_iot.tests.iothub.test_iot_ext_unit.TestDeviceDistributedTracing" name="test_distributed_tracing_update_invalid_args[sc_invalid_args_distributed_tracing_update2-CLIError]" file="azext_iot\tests\iothub\test_iot_ext_unit.py" line="3106" time="0.036" /><testcase classname="azext_iot.tests.iothub.test_iot_ext_unit.TestDeviceDistributedTracing" name="test_distributed_tracing_update_error[400]" file="azext_iot\tests\iothub\test_iot_ext_unit.py" line="3115" time="0.043" /><testcase classname="azext_iot.tests.iothub.test_iot_ext_unit.TestDeviceDistributedTracing" name="test_distributed_tracing_update_error[401]" file="azext_iot\tests\iothub\test_iot_ext_unit.py" line="3115" time="0.042" /><testcase classname="azext_iot.tests.iothub.test_iot_ext_unit.TestDeviceDistributedTracing" name="test_distributed_tracing_update_error[500]" file="azext_iot\tests\iothub\test_iot_ext_unit.py" line="3115" time="0.054" /><testcase classname="azext_iot.tests.iothub.test_iothub_discovery_unit.TestIoTHubDiscovery" name="test_get_target_by_cstring" file="azext_iot\tests\iothub\test_iothub_discovery_unit.py" line="28" time="0.028" /><testcase classname="azext_iot.tests.iothub.configurations.test_iot_config_unit.TestConfigMetricShow" name="test_config_metric_show[appliedCount-modulesContent-system]" file="azext_iot\tests\iothub\configurations\test_iot_config_unit.py" line="119" time="0.071" /><testcase classname="azext_iot.tests.iothub.configurations.test_iot_config_unit.TestConfigMetricShow" name="test_config_metric_show[mymetric-modulesContent-user]" file="azext_iot\tests\iothub\configurations\test_iot_config_unit.py" line="119" time="0.077" /><testcase classname="azext_iot.tests.iothub.configurations.test_iot_config_unit.TestConfigMetricShow" name="test_config_metric_show[appliedCount-moduleContent-system]" file="azext_iot\tests\iothub\configurations\test_iot_config_unit.py" line="119" time="0.059" /><testcase classname="azext_iot.tests.iothub.configurations.test_iot_config_unit.TestConfigMetricShow" name="test_config_metric_show[mymetric-moduleContent-user]" file="azext_iot\tests\iothub\configurations\test_iot_config_unit.py" line="119" time="0.055" /><testcase classname="azext_iot.tests.iothub.configurations.test_iot_config_unit.TestConfigMetricShow" name="test_config_metric_show[appliedCount-deviceContent-system]" file="azext_iot\tests\iothub\configurations\test_iot_config_unit.py" line="119" time="0.054" /><testcase classname="azext_iot.tests.iothub.configurations.test_iot_config_unit.TestConfigMetricShow" name="test_config_metric_show[mymetric-deviceContent-user]" file="azext_iot\tests\iothub\configurations\test_iot_config_unit.py" line="119" time="0.061" /><testcase classname="azext_iot.tests.iothub.configurations.test_iot_config_unit.TestConfigMetricShow" name="test_config_metric_show_invalid_args[doesnotexist0-modules-system]" file="azext_iot\tests\iothub\configurations\test_iot_config_unit.py" line="165" time="0.075" /><testcase classname="azext_iot.tests.iothub.configurations.test_iot_config_unit.TestConfigMetricShow" name="test_config_metric_show_invalid_args[doesnotexist1-modules-user]" file="azext_iot\tests\iothub\configurations\test_iot_config_unit.py" line="165" time="0.068" /><testcase classname="azext_iot.tests.iothub.configurations.test_iot_config_unit.TestConfigMetricShow" name="test_config_metric_show_invalid_args[doesnotexist2-modules-sometype]" file="azext_iot\tests\iothub\configurations\test_iot_config_unit.py" line="165" time="0.054" /><testcase classname="azext_iot.tests.iothub.configurations.test_iot_config_unit.TestConfigMetricShow" name="test_config_metric_show_invalid_args[doesnotexist3-device-system]" file="azext_iot\tests\iothub\configurations\test_iot_config_unit.py" line="165" time="0.049" /><testcase classname="azext_iot.tests.iothub.configurations.test_iot_config_unit.TestConfigMetricShow" name="test_config_metric_show_invalid_args[doesnotexist4-device-user]" file="azext_iot\tests\iothub\configurations\test_iot_config_unit.py" line="165" time="0.076" /><testcase classname="azext_iot.tests.iothub.configurations.test_iot_config_unit.TestConfigMetricShow" name="test_config_metric_show_invalid_args[doesnotexist5-device-sometype]" file="azext_iot\tests\iothub\configurations\test_iot_config_unit.py" line="165" time="0.082" /><testcase classname="azext_iot.tests.iothub.configurations.test_iot_config_unit.TestConfigMetricShow" name="test_config_metric_show_invalid_args[doesnotexist6-module-system]" file="azext_iot\tests\iothub\configurations\test_iot_config_unit.py" line="165" time="0.056" /><testcase classname="azext_iot.tests.iothub.configurations.test_iot_config_unit.TestConfigMetricShow" name="test_config_metric_show_invalid_args[doesnotexist7-module-user]" file="azext_iot\tests\iothub\configurations\test_iot_config_unit.py" line="165" time="0.054" /><testcase classname="azext_iot.tests.iothub.configurations.test_iot_config_unit.TestConfigMetricShow" name="test_config_metric_show_invalid_args[doesnotexist8-module-sometype]" file="azext_iot\tests\iothub\configurations\test_iot_config_unit.py" line="165" time="0.055" /><testcase classname="azext_iot.tests.iothub.configurations.test_iot_config_unit.TestConfigShow" name="test_config_show[200]" file="azext_iot\tests\iothub\configurations\test_iot_config_unit.py" line="212" time="0.050" /><testcase classname="azext_iot.tests.iothub.configurations.test_iot_config_unit.TestConfigShow" name="test_config_show_error[400]" file="azext_iot\tests\iothub\configurations\test_iot_config_unit.py" line="225" time="0.041" /><testcase classname="azext_iot.tests.iothub.configurations.test_iot_config_unit.TestConfigShow" name="test_config_show_error[401]" file="azext_iot\tests\iothub\configurations\test_iot_config_unit.py" line="225" time="0.063" /><testcase classname="azext_iot.tests.iothub.configurations.test_iot_config_unit.TestConfigShow" name="test_config_show_error[500]" file="azext_iot\tests\iothub\configurations\test_iot_config_unit.py" line="225" time="0.056" /><testcase classname="azext_iot.tests.iothub.configurations.test_iot_config_unit.TestConfigCreate" name="test_config_create_edge[200-file-file-UPPERCASEID-myhub.azure-devices.net-tags.building=43 and tags.environment='test'-61-{&quot;key1&quot;:&quot;value1&quot;}]" file="azext_iot\tests\iothub\configurations\test_iot_config_unit.py" line="239" time="0.996" /><testcase classname="azext_iot.tests.iothub.configurations.test_iot_config_unit.TestConfigCreate" name="test_config_create_edge[200-file-file-lowercaseid-myhub.azure-devices.net-tags.building=43 and tags.environment='test'-15-None]" file="azext_iot\tests\iothub\configurations\test_iot_config_unit.py" line="239" time="0.130" /><testcase classname="azext_iot.tests.iothub.configurations.test_iot_config_unit.TestConfigCreate" name="test_config_create_edge[200-file-file-mixedCaseId-myhub.azure-devices.net-None-None-None]" file="azext_iot\tests\iothub\configurations\test_iot_config_unit.py" line="239" time="0.070" /><testcase classname="azext_iot.tests.iothub.configurations.test_iot_config_unit.TestConfigCreate" name="test_config_create_edge[200-file-inlineA-UPPERCASEID-myhub.azure-devices.net-tags.building=43 and tags.environment='test'-61-{&quot;key1&quot;:&quot;value1&quot;}]" file="azext_iot\tests\iothub\configurations\test_iot_config_unit.py" line="239" time="0.099" /><testcase classname="azext_iot.tests.iothub.configurations.test_iot_config_unit.TestConfigCreate" name="test_config_create_edge[200-file-inlineA-lowercaseid-myhub.azure-devices.net-tags.building=43 and tags.environment='test'-15-None]" file="azext_iot\tests\iothub\configurations\test_iot_config_unit.py" line="239" time="0.108" /><testcase classname="azext_iot.tests.iothub.configurations.test_iot_config_unit.TestConfigCreate" name="test_config_create_edge[200-file-inlineA-mixedCaseId-myhub.azure-devices.net-None-None-None]" file="azext_iot\tests\iothub\configurations\test_iot_config_unit.py" line="239" time="0.073" /><testcase classname="azext_iot.tests.iothub.configurations.test_iot_config_unit.TestConfigCreate" name="test_config_create_edge[200-file-inlineB-UPPERCASEID-myhub.azure-devices.net-tags.building=43 and tags.environment='test'-61-{&quot;key1&quot;:&quot;value1&quot;}]" file="azext_iot\tests\iothub\configurations\test_iot_config_unit.py" line="239" time="0.051" /><testcase classname="azext_iot.tests.iothub.configurations.test_iot_config_unit.TestConfigCreate" name="test_config_create_edge[200-file-inlineB-lowercaseid-myhub.azure-devices.net-tags.building=43 and tags.environment='test'-15-None]" file="azext_iot\tests\iothub\configurations\test_iot_config_unit.py" line="239" time="0.054" /><testcase classname="azext_iot.tests.iothub.configurations.test_iot_config_unit.TestConfigCreate" name="test_config_create_edge[200-file-inlineB-mixedCaseId-myhub.azure-devices.net-None-None-None]" file="azext_iot\tests\iothub\configurations\test_iot_config_unit.py" line="239" time="0.085" /><testcase classname="azext_iot.tests.iothub.configurations.test_iot_config_unit.TestConfigCreate" name="test_config_create_edge[200-file-None-UPPERCASEID-myhub.azure-devices.net-tags.building=43 and tags.environment='test'-61-{&quot;key1&quot;:&quot;value1&quot;}]" file="azext_iot\tests\iothub\configurations\test_iot_config_unit.py" line="239" time="0.054" /><testcase classname="azext_iot.tests.iothub.configurations.test_iot_config_unit.TestConfigCreate" name="test_config_create_edge[200-file-None-lowercaseid-myhub.azure-devices.net-tags.building=43 and tags.environment='test'-15-None]" file="azext_iot\tests\iothub\configurations\test_iot_config_unit.py" line="239" time="0.081" /><testcase classname="azext_iot.tests.iothub.configurations.test_iot_config_unit.TestConfigCreate" name="test_config_create_edge[200-file-None-mixedCaseId-myhub.azure-devices.net-None-None-None]" file="azext_iot\tests\iothub\configurations\test_iot_config_unit.py" line="239" time="0.103" /><testcase classname="azext_iot.tests.iothub.configurations.test_iot_config_unit.TestConfigCreate" name="test_config_create_edge[200-inlineA-file-UPPERCASEID-myhub.azure-devices.net-tags.building=43 and tags.environment='test'-61-{&quot;key1&quot;:&quot;value1&quot;}]" file="azext_iot\tests\iothub\configurations\test_iot_config_unit.py" line="239" time="0.074" /><testcase classname="azext_iot.tests.iothub.configurations.test_iot_config_unit.TestConfigCreate" name="test_config_create_edge[200-inlineA-file-lowercaseid-myhub.azure-devices.net-tags.building=43 and tags.environment='test'-15-None]" file="azext_iot\tests\iothub\configurations\test_iot_config_unit.py" line="239" time="0.079" /><testcase classname="azext_iot.tests.iothub.configurations.test_iot_config_unit.TestConfigCreate" name="test_config_create_edge[200-inlineA-file-mixedCaseId-myhub.azure-devices.net-None-None-None]" file="azext_iot\tests\iothub\configurations\test_iot_config_unit.py" line="239" time="0.088" /><testcase classname="azext_iot.tests.iothub.configurations.test_iot_config_unit.TestConfigCreate" name="test_config_create_edge[200-inlineA-inlineA-UPPERCASEID-myhub.azure-devices.net-tags.building=43 and tags.environment='test'-61-{&quot;key1&quot;:&quot;value1&quot;}]" file="azext_iot\tests\iothub\configurations\test_iot_config_unit.py" line="239" time="0.066" /><testcase classname="azext_iot.tests.iothub.configurations.test_iot_config_unit.TestConfigCreate" name="test_config_create_edge[200-inlineA-inlineA-lowercaseid-myhub.azure-devices.net-tags.building=43 and tags.environment='test'-15-None]" file="azext_iot\tests\iothub\configurations\test_iot_config_unit.py" line="239" time="0.114" /><testcase classname="azext_iot.tests.iothub.configurations.test_iot_config_unit.TestConfigCreate" name="test_config_create_edge[200-inlineA-inlineA-mixedCaseId-myhub.azure-devices.net-None-None-None]" file="azext_iot\tests\iothub\configurations\test_iot_config_unit.py" line="239" time="0.089" /><testcase classname="azext_iot.tests.iothub.configurations.test_iot_config_unit.TestConfigCreate" name="test_config_create_edge[200-inlineA-inlineB-UPPERCASEID-myhub.azure-devices.net-tags.building=43 and tags.environment='test'-61-{&quot;key1&quot;:&quot;value1&quot;}]" file="azext_iot\tests\iothub\configurations\test_iot_config_unit.py" line="239" time="0.070" /><testcase classname="azext_iot.tests.iothub.configurations.test_iot_config_unit.TestConfigCreate" name="test_config_create_edge[200-inlineA-inlineB-lowercaseid-myhub.azure-devices.net-tags.building=43 and tags.environment='test'-15-None]" file="azext_iot\tests\iothub\configurations\test_iot_config_unit.py" line="239" time="0.061" /><testcase classname="azext_iot.tests.iothub.configurations.test_iot_config_unit.TestConfigCreate" name="test_config_create_edge[200-inlineA-inlineB-mixedCaseId-myhub.azure-devices.net-None-None-None]" file="azext_iot\tests\iothub\configurations\test_iot_config_unit.py" line="239" time="0.080" /><testcase classname="azext_iot.tests.iothub.configurations.test_iot_config_unit.TestConfigCreate" name="test_config_create_edge[200-inlineA-None-UPPERCASEID-myhub.azure-devices.net-tags.building=43 and tags.environment='test'-61-{&quot;key1&quot;:&quot;value1&quot;}]" file="azext_iot\tests\iothub\configurations\test_iot_config_unit.py" line="239" time="0.069" /><testcase classname="azext_iot.tests.iothub.configurations.test_iot_config_unit.TestConfigCreate" name="test_config_create_edge[200-inlineA-None-lowercaseid-myhub.azure-devices.net-tags.building=43 and tags.environment='test'-15-None]" file="azext_iot\tests\iothub\configurations\test_iot_config_unit.py" line="239" time="0.060" /><testcase classname="azext_iot.tests.iothub.configurations.test_iot_config_unit.TestConfigCreate" name="test_config_create_edge[200-inlineA-None-mixedCaseId-myhub.azure-devices.net-None-None-None]" file="azext_iot\tests\iothub\configurations\test_iot_config_unit.py" line="239" time="0.054" /><testcase classname="azext_iot.tests.iothub.configurations.test_iot_config_unit.TestConfigCreate" name="test_config_create_edge[200-inlineB-file-UPPERCASEID-myhub.azure-devices.net-tags.building=43 and tags.environment='test'-61-{&quot;key1&quot;:&quot;value1&quot;}]" file="azext_iot\tests\iothub\configurations\test_iot_config_unit.py" line="239" time="0.059" /><testcase classname="azext_iot.tests.iothub.configurations.test_iot_config_unit.TestConfigCreate" name="test_config_create_edge[200-inlineB-file-lowercaseid-myhub.azure-devices.net-tags.building=43 and tags.environment='test'-15-None]" file="azext_iot\tests\iothub\configurations\test_iot_config_unit.py" line="239" time="0.051" /><testcase classname="azext_iot.tests.iothub.configurations.test_iot_config_unit.TestConfigCreate" name="test_config_create_edge[200-inlineB-file-mixedCaseId-myhub.azure-devices.net-None-None-None]" file="azext_iot\tests\iothub\configurations\test_iot_config_unit.py" line="239" time="0.062" /><testcase classname="azext_iot.tests.iothub.configurations.test_iot_config_unit.TestConfigCreate" name="test_config_create_edge[200-inlineB-inlineA-UPPERCASEID-myhub.azure-devices.net-tags.building=43 and tags.environment='test'-61-{&quot;key1&quot;:&quot;value1&quot;}]" file="azext_iot\tests\iothub\configurations\test_iot_config_unit.py" line="239" time="0.053" /><testcase classname="azext_iot.tests.iothub.configurations.test_iot_config_unit.TestConfigCreate" name="test_config_create_edge[200-inlineB-inlineA-lowercaseid-myhub.azure-devices.net-tags.building=43 and tags.environment='test'-15-None]" file="azext_iot\tests\iothub\configurations\test_iot_config_unit.py" line="239" time="0.056" /><testcase classname="azext_iot.tests.iothub.configurations.test_iot_config_unit.TestConfigCreate" name="test_config_create_edge[200-inlineB-inlineA-mixedCaseId-myhub.azure-devices.net-None-None-None]" file="azext_iot\tests\iothub\configurations\test_iot_config_unit.py" line="239" time="0.072" /><testcase classname="azext_iot.tests.iothub.configurations.test_iot_config_unit.TestConfigCreate" name="test_config_create_edge[200-inlineB-inlineB-UPPERCASEID-myhub.azure-devices.net-tags.building=43 and tags.environment='test'-61-{&quot;key1&quot;:&quot;value1&quot;}]" file="azext_iot\tests\iothub\configurations\test_iot_config_unit.py" line="239" time="0.064" /><testcase classname="azext_iot.tests.iothub.configurations.test_iot_config_unit.TestConfigCreate" name="test_config_create_edge[200-inlineB-inlineB-lowercaseid-myhub.azure-devices.net-tags.building=43 and tags.environment='test'-15-None]" file="azext_iot\tests\iothub\configurations\test_iot_config_unit.py" line="239" time="0.073" /><testcase classname="azext_iot.tests.iothub.configurations.test_iot_config_unit.TestConfigCreate" name="test_config_create_edge[200-inlineB-inlineB-mixedCaseId-myhub.azure-devices.net-None-None-None]" file="azext_iot\tests\iothub\configurations\test_iot_config_unit.py" line="239" time="0.076" /><testcase classname="azext_iot.tests.iothub.configurations.test_iot_config_unit.TestConfigCreate" name="test_config_create_edge[200-inlineB-None-UPPERCASEID-myhub.azure-devices.net-tags.building=43 and tags.environment='test'-61-{&quot;key1&quot;:&quot;value1&quot;}]" file="azext_iot\tests\iothub\configurations\test_iot_config_unit.py" line="239" time="0.062" /><testcase classname="azext_iot.tests.iothub.configurations.test_iot_config_unit.TestConfigCreate" name="test_config_create_edge[200-inlineB-None-lowercaseid-myhub.azure-devices.net-tags.building=43 and tags.environment='test'-15-None]" file="azext_iot\tests\iothub\configurations\test_iot_config_unit.py" line="239" time="0.071" /><testcase classname="azext_iot.tests.iothub.configurations.test_iot_config_unit.TestConfigCreate" name="test_config_create_edge[200-inlineB-None-mixedCaseId-myhub.azure-devices.net-None-None-None]" file="azext_iot\tests\iothub\configurations\test_iot_config_unit.py" line="239" time="0.051" /><testcase classname="azext_iot.tests.iothub.configurations.test_iot_config_unit.TestConfigCreate" name="test_config_create_edge[200-layered-file-UPPERCASEID-myhub.azure-devices.net-tags.building=43 and tags.environment='test'-61-{&quot;key1&quot;:&quot;value1&quot;}]" file="azext_iot\tests\iothub\configurations\test_iot_config_unit.py" line="239" time="0.052" /><testcase classname="azext_iot.tests.iothub.configurations.test_iot_config_unit.TestConfigCreate" name="test_config_create_edge[200-layered-file-lowercaseid-myhub.azure-devices.net-tags.building=43 and tags.environment='test'-15-None]" file="azext_iot\tests\iothub\configurations\test_iot_config_unit.py" line="239" time="0.051" /><testcase classname="azext_iot.tests.iothub.configurations.test_iot_config_unit.TestConfigCreate" name="test_config_create_edge[200-layered-file-mixedCaseId-myhub.azure-devices.net-None-None-None]" file="azext_iot\tests\iothub\configurations\test_iot_config_unit.py" line="239" time="0.054" /><testcase classname="azext_iot.tests.iothub.configurations.test_iot_config_unit.TestConfigCreate" name="test_config_create_edge[200-layered-inlineA-UPPERCASEID-myhub.azure-devices.net-tags.building=43 and tags.environment='test'-61-{&quot;key1&quot;:&quot;value1&quot;}]" file="azext_iot\tests\iothub\configurations\test_iot_config_unit.py" line="239" time="0.103" /><testcase classname="azext_iot.tests.iothub.configurations.test_iot_config_unit.TestConfigCreate" name="test_config_create_edge[200-layered-inlineA-lowercaseid-myhub.azure-devices.net-tags.building=43 and tags.environment='test'-15-None]" file="azext_iot\tests\iothub\configurations\test_iot_config_unit.py" line="239" time="0.044" /><testcase classname="azext_iot.tests.iothub.configurations.test_iot_config_unit.TestConfigCreate" name="test_config_create_edge[200-layered-inlineA-mixedCaseId-myhub.azure-devices.net-None-None-None]" file="azext_iot\tests\iothub\configurations\test_iot_config_unit.py" line="239" time="0.041" /><testcase classname="azext_iot.tests.iothub.configurations.test_iot_config_unit.TestConfigCreate" name="test_config_create_edge[200-layered-inlineB-UPPERCASEID-myhub.azure-devices.net-tags.building=43 and tags.environment='test'-61-{&quot;key1&quot;:&quot;value1&quot;}]" file="azext_iot\tests\iothub\configurations\test_iot_config_unit.py" line="239" time="0.046" /><testcase classname="azext_iot.tests.iothub.configurations.test_iot_config_unit.TestConfigCreate" name="test_config_create_edge[200-layered-inlineB-lowercaseid-myhub.azure-devices.net-tags.building=43 and tags.environment='test'-15-None]" file="azext_iot\tests\iothub\configurations\test_iot_config_unit.py" line="239" time="0.052" /><testcase classname="azext_iot.tests.iothub.configurations.test_iot_config_unit.TestConfigCreate" name="test_config_create_edge[200-layered-inlineB-mixedCaseId-myhub.azure-devices.net-None-None-None]" file="azext_iot\tests\iothub\configurations\test_iot_config_unit.py" line="239" time="0.048" /><testcase classname="azext_iot.tests.iothub.configurations.test_iot_config_unit.TestConfigCreate" name="test_config_create_edge[200-layered-None-UPPERCASEID-myhub.azure-devices.net-tags.building=43 and tags.environment='test'-61-{&quot;key1&quot;:&quot;value1&quot;}]" file="azext_iot\tests\iothub\configurations\test_iot_config_unit.py" line="239" time="0.046" /><testcase classname="azext_iot.tests.iothub.configurations.test_iot_config_unit.TestConfigCreate" name="test_config_create_edge[200-layered-None-lowercaseid-myhub.azure-devices.net-tags.building=43 and tags.environment='test'-15-None]" file="azext_iot\tests\iothub\configurations\test_iot_config_unit.py" line="239" time="0.060" /><testcase classname="azext_iot.tests.iothub.configurations.test_iot_config_unit.TestConfigCreate" name="test_config_create_edge[200-layered-None-mixedCaseId-myhub.azure-devices.net-None-None-None]" file="azext_iot\tests\iothub\configurations\test_iot_config_unit.py" line="239" time="0.071" /><testcase classname="azext_iot.tests.iothub.configurations.test_iot_config_unit.TestConfigCreate" name="test_config_create_edge[200-v1-file-UPPERCASEID-myhub.azure-devices.net-tags.building=43 and tags.environment='test'-61-{&quot;key1&quot;:&quot;value1&quot;}]" file="azext_iot\tests\iothub\configurations\test_iot_config_unit.py" line="239" time="0.080" /><testcase classname="azext_iot.tests.iothub.configurations.test_iot_config_unit.TestConfigCreate" name="test_config_create_edge[200-v1-file-lowercaseid-myhub.azure-devices.net-tags.building=43 and tags.environment='test'-15-None]" file="azext_iot\tests\iothub\configurations\test_iot_config_unit.py" line="239" time="0.069" /><testcase classname="azext_iot.tests.iothub.configurations.test_iot_config_unit.TestConfigCreate" name="test_config_create_edge[200-v1-file-mixedCaseId-myhub.azure-devices.net-None-None-None]" file="azext_iot\tests\iothub\configurations\test_iot_config_unit.py" line="239" time="0.073" /><testcase classname="azext_iot.tests.iothub.configurations.test_iot_config_unit.TestConfigCreate" name="test_config_create_edge[200-v1-inlineA-UPPERCASEID-myhub.azure-devices.net-tags.building=43 and tags.environment='test'-61-{&quot;key1&quot;:&quot;value1&quot;}]" file="azext_iot\tests\iothub\configurations\test_iot_config_unit.py" line="239" time="0.067" /><testcase classname="azext_iot.tests.iothub.configurations.test_iot_config_unit.TestConfigCreate" name="test_config_create_edge[200-v1-inlineA-lowercaseid-myhub.azure-devices.net-tags.building=43 and tags.environment='test'-15-None]" file="azext_iot\tests\iothub\configurations\test_iot_config_unit.py" line="239" time="0.069" /><testcase classname="azext_iot.tests.iothub.configurations.test_iot_config_unit.TestConfigCreate" name="test_config_create_edge[200-v1-inlineA-mixedCaseId-myhub.azure-devices.net-None-None-None]" file="azext_iot\tests\iothub\configurations\test_iot_config_unit.py" line="239" time="0.076" /><testcase classname="azext_iot.tests.iothub.configurations.test_iot_config_unit.TestConfigCreate" name="test_config_create_edge[200-v1-inlineB-UPPERCASEID-myhub.azure-devices.net-tags.building=43 and tags.environment='test'-61-{&quot;key1&quot;:&quot;value1&quot;}]" file="azext_iot\tests\iothub\configurations\test_iot_config_unit.py" line="239" time="0.059" /><testcase classname="azext_iot.tests.iothub.configurations.test_iot_config_unit.TestConfigCreate" name="test_config_create_edge[200-v1-inlineB-lowercaseid-myhub.azure-devices.net-tags.building=43 and tags.environment='test'-15-None]" file="azext_iot\tests\iothub\configurations\test_iot_config_unit.py" line="239" time="0.050" /><testcase classname="azext_iot.tests.iothub.configurations.test_iot_config_unit.TestConfigCreate" name="test_config_create_edge[200-v1-inlineB-mixedCaseId-myhub.azure-devices.net-None-None-None]" file="azext_iot\tests\iothub\configurations\test_iot_config_unit.py" line="239" time="0.054" /><testcase classname="azext_iot.tests.iothub.configurations.test_iot_config_unit.TestConfigCreate" name="test_config_create_edge[200-v1-None-UPPERCASEID-myhub.azure-devices.net-tags.building=43 and tags.environment='test'-61-{&quot;key1&quot;:&quot;value1&quot;}]" file="azext_iot\tests\iothub\configurations\test_iot_config_unit.py" line="239" time="0.056" /><testcase classname="azext_iot.tests.iothub.configurations.test_iot_config_unit.TestConfigCreate" name="test_config_create_edge[200-v1-None-lowercaseid-myhub.azure-devices.net-tags.building=43 and tags.environment='test'-15-None]" file="azext_iot\tests\iothub\configurations\test_iot_config_unit.py" line="239" time="0.067" /><testcase classname="azext_iot.tests.iothub.configurations.test_iot_config_unit.TestConfigCreate" name="test_config_create_edge[200-v1-None-mixedCaseId-myhub.azure-devices.net-None-None-None]" file="azext_iot\tests\iothub\configurations\test_iot_config_unit.py" line="239" time="0.059" /><testcase classname="azext_iot.tests.iothub.configurations.test_iot_config_unit.TestConfigCreate" name="test_config_create_edge[200-v11-file-UPPERCASEID-myhub.azure-devices.net-tags.building=43 and tags.environment='test'-61-{&quot;key1&quot;:&quot;value1&quot;}]" file="azext_iot\tests\iothub\configurations\test_iot_config_unit.py" line="239" time="0.052" /><testcase classname="azext_iot.tests.iothub.configurations.test_iot_config_unit.TestConfigCreate" name="test_config_create_edge[200-v11-file-lowercaseid-myhub.azure-devices.net-tags.building=43 and tags.environment='test'-15-None]" file="azext_iot\tests\iothub\configurations\test_iot_config_unit.py" line="239" time="0.054" /><testcase classname="azext_iot.tests.iothub.configurations.test_iot_config_unit.TestConfigCreate" name="test_config_create_edge[200-v11-file-mixedCaseId-myhub.azure-devices.net-None-None-None]" file="azext_iot\tests\iothub\configurations\test_iot_config_unit.py" line="239" time="0.050" /><testcase classname="azext_iot.tests.iothub.configurations.test_iot_config_unit.TestConfigCreate" name="test_config_create_edge[200-v11-inlineA-UPPERCASEID-myhub.azure-devices.net-tags.building=43 and tags.environment='test'-61-{&quot;key1&quot;:&quot;value1&quot;}]" file="azext_iot\tests\iothub\configurations\test_iot_config_unit.py" line="239" time="0.049" /><testcase classname="azext_iot.tests.iothub.configurations.test_iot_config_unit.TestConfigCreate" name="test_config_create_edge[200-v11-inlineA-lowercaseid-myhub.azure-devices.net-tags.building=43 and tags.environment='test'-15-None]" file="azext_iot\tests\iothub\configurations\test_iot_config_unit.py" line="239" time="0.055" /><testcase classname="azext_iot.tests.iothub.configurations.test_iot_config_unit.TestConfigCreate" name="test_config_create_edge[200-v11-inlineA-mixedCaseId-myhub.azure-devices.net-None-None-None]" file="azext_iot\tests\iothub\configurations\test_iot_config_unit.py" line="239" time="0.062" /><testcase classname="azext_iot.tests.iothub.configurations.test_iot_config_unit.TestConfigCreate" name="test_config_create_edge[200-v11-inlineB-UPPERCASEID-myhub.azure-devices.net-tags.building=43 and tags.environment='test'-61-{&quot;key1&quot;:&quot;value1&quot;}]" file="azext_iot\tests\iothub\configurations\test_iot_config_unit.py" line="239" time="0.077" /><testcase classname="azext_iot.tests.iothub.configurations.test_iot_config_unit.TestConfigCreate" name="test_config_create_edge[200-v11-inlineB-lowercaseid-myhub.azure-devices.net-tags.building=43 and tags.environment='test'-15-None]" file="azext_iot\tests\iothub\configurations\test_iot_config_unit.py" line="239" time="0.104" /><testcase classname="azext_iot.tests.iothub.configurations.test_iot_config_unit.TestConfigCreate" name="test_config_create_edge[200-v11-inlineB-mixedCaseId-myhub.azure-devices.net-None-None-None]" file="azext_iot\tests\iothub\configurations\test_iot_config_unit.py" line="239" time="0.062" /><testcase classname="azext_iot.tests.iothub.configurations.test_iot_config_unit.TestConfigCreate" name="test_config_create_edge[200-v11-None-UPPERCASEID-myhub.azure-devices.net-tags.building=43 and tags.environment='test'-61-{&quot;key1&quot;:&quot;value1&quot;}]" file="azext_iot\tests\iothub\configurations\test_iot_config_unit.py" line="239" time="0.049" /><testcase classname="azext_iot.tests.iothub.configurations.test_iot_config_unit.TestConfigCreate" name="test_config_create_edge[200-v11-None-lowercaseid-myhub.azure-devices.net-tags.building=43 and tags.environment='test'-15-None]" file="azext_iot\tests\iothub\configurations\test_iot_config_unit.py" line="239" time="0.061" /><testcase classname="azext_iot.tests.iothub.configurations.test_iot_config_unit.TestConfigCreate" name="test_config_create_edge[200-v11-None-mixedCaseId-myhub.azure-devices.net-None-None-None]" file="azext_iot\tests\iothub\configurations\test_iot_config_unit.py" line="239" time="0.061" /><testcase classname="azext_iot.tests.iothub.configurations.test_iot_config_unit.TestConfigCreate" name="test_config_create_edge_malformed[200-lowercaseid-myhub.azure-devices.net-tags.building=43 and tags.environment='test'-16-None]" file="azext_iot\tests\iothub\configurations\test_iot_config_unit.py" line="320" time="0.079" /><testcase classname="azext_iot.tests.iothub.configurations.test_iot_config_unit.TestConfigCreate" name="test_config_create_adm[200-moduleFile-file-UPPERCASEID-myhub.azure-devices.net-tags.building=43 and tags.environment='test'-29-{&quot;key1&quot;:&quot;value1&quot;}]" file="azext_iot\tests\iothub\configurations\test_iot_config_unit.py" line="361" time="0.094" /><testcase classname="azext_iot.tests.iothub.configurations.test_iot_config_unit.TestConfigCreate" name="test_config_create_adm[200-moduleFile-file-lowercaseid-myhub.azure-devices.net-tags.building=43 and tags.environment='test'-69-None]" file="azext_iot\tests\iothub\configurations\test_iot_config_unit.py" line="361" time="0.095" /><testcase classname="azext_iot.tests.iothub.configurations.test_iot_config_unit.TestConfigCreate" name="test_config_create_adm[200-moduleFile-file-mixedCaseId-myhub.azure-devices.net-None-None-None]" file="azext_iot\tests\iothub\configurations\test_iot_config_unit.py" line="361" time="0.071" /><testcase classname="azext_iot.tests.iothub.configurations.test_iot_config_unit.TestConfigCreate" name="test_config_create_adm[200-moduleFile-inlineA-UPPERCASEID-myhub.azure-devices.net-tags.building=43 and tags.environment='test'-29-{&quot;key1&quot;:&quot;value1&quot;}]" file="azext_iot\tests\iothub\configurations\test_iot_config_unit.py" line="361" time="0.075" /><testcase classname="azext_iot.tests.iothub.configurations.test_iot_config_unit.TestConfigCreate" name="test_config_create_adm[200-moduleFile-inlineA-lowercaseid-myhub.azure-devices.net-tags.building=43 and tags.environment='test'-69-None]" file="azext_iot\tests\iothub\configurations\test_iot_config_unit.py" line="361" time="0.055" /><testcase classname="azext_iot.tests.iothub.configurations.test_iot_config_unit.TestConfigCreate" name="test_config_create_adm[200-moduleFile-inlineA-mixedCaseId-myhub.azure-devices.net-None-None-None]" file="azext_iot\tests\iothub\configurations\test_iot_config_unit.py" line="361" time="0.048" /><testcase classname="azext_iot.tests.iothub.configurations.test_iot_config_unit.TestConfigCreate" name="test_config_create_adm[200-moduleFile-inlineB-UPPERCASEID-myhub.azure-devices.net-tags.building=43 and tags.environment='test'-29-{&quot;key1&quot;:&quot;value1&quot;}]" file="azext_iot\tests\iothub\configurations\test_iot_config_unit.py" line="361" time="0.096" /><testcase classname="azext_iot.tests.iothub.configurations.test_iot_config_unit.TestConfigCreate" name="test_config_create_adm[200-moduleFile-inlineB-lowercaseid-myhub.azure-devices.net-tags.building=43 and tags.environment='test'-69-None]" file="azext_iot\tests\iothub\configurations\test_iot_config_unit.py" line="361" time="0.255" /><testcase classname="azext_iot.tests.iothub.configurations.test_iot_config_unit.TestConfigCreate" name="test_config_create_adm[200-moduleFile-inlineB-mixedCaseId-myhub.azure-devices.net-None-None-None]" file="azext_iot\tests\iothub\configurations\test_iot_config_unit.py" line="361" time="0.088" /><testcase classname="azext_iot.tests.iothub.configurations.test_iot_config_unit.TestConfigCreate" name="test_config_create_adm[200-moduleFile-None-UPPERCASEID-myhub.azure-devices.net-tags.building=43 and tags.environment='test'-29-{&quot;key1&quot;:&quot;value1&quot;}]" file="azext_iot\tests\iothub\configurations\test_iot_config_unit.py" line="361" time="0.069" /><testcase classname="azext_iot.tests.iothub.configurations.test_iot_config_unit.TestConfigCreate" name="test_config_create_adm[200-moduleFile-None-lowercaseid-myhub.azure-devices.net-tags.building=43 and tags.environment='test'-69-None]" file="azext_iot\tests\iothub\configurations\test_iot_config_unit.py" line="361" time="0.098" /><testcase classname="azext_iot.tests.iothub.configurations.test_iot_config_unit.TestConfigCreate" name="test_config_create_adm[200-moduleFile-None-mixedCaseId-myhub.azure-devices.net-None-None-None]" file="azext_iot\tests\iothub\configurations\test_iot_config_unit.py" line="361" time="0.073" /><testcase classname="azext_iot.tests.iothub.configurations.test_iot_config_unit.TestConfigCreate" name="test_config_create_adm[200-moduleInline-file-UPPERCASEID-myhub.azure-devices.net-tags.building=43 and tags.environment='test'-29-{&quot;key1&quot;:&quot;value1&quot;}]" file="azext_iot\tests\iothub\configurations\test_iot_config_unit.py" line="361" time="0.064" /><testcase classname="azext_iot.tests.iothub.configurations.test_iot_config_unit.TestConfigCreate" name="test_config_create_adm[200-moduleInline-file-lowercaseid-myhub.azure-devices.net-tags.building=43 and tags.environment='test'-69-None]" file="azext_iot\tests\iothub\configurations\test_iot_config_unit.py" line="361" time="0.077" /><testcase classname="azext_iot.tests.iothub.configurations.test_iot_config_unit.TestConfigCreate" name="test_config_create_adm[200-moduleInline-file-mixedCaseId-myhub.azure-devices.net-None-None-None]" file="azext_iot\tests\iothub\configurations\test_iot_config_unit.py" line="361" time="0.073" /><testcase classname="azext_iot.tests.iothub.configurations.test_iot_config_unit.TestConfigCreate" name="test_config_create_adm[200-moduleInline-inlineA-UPPERCASEID-myhub.azure-devices.net-tags.building=43 and tags.environment='test'-29-{&quot;key1&quot;:&quot;value1&quot;}]" file="azext_iot\tests\iothub\configurations\test_iot_config_unit.py" line="361" time="0.054" /><testcase classname="azext_iot.tests.iothub.configurations.test_iot_config_unit.TestConfigCreate" name="test_config_create_adm[200-moduleInline-inlineA-lowercaseid-myhub.azure-devices.net-tags.building=43 and tags.environment='test'-69-None]" file="azext_iot\tests\iothub\configurations\test_iot_config_unit.py" line="361" time="0.048" /><testcase classname="azext_iot.tests.iothub.configurations.test_iot_config_unit.TestConfigCreate" name="test_config_create_adm[200-moduleInline-inlineA-mixedCaseId-myhub.azure-devices.net-None-None-None]" file="azext_iot\tests\iothub\configurations\test_iot_config_unit.py" line="361" time="0.043" /><testcase classname="azext_iot.tests.iothub.configurations.test_iot_config_unit.TestConfigCreate" name="test_config_create_adm[200-moduleInline-inlineB-UPPERCASEID-myhub.azure-devices.net-tags.building=43 and tags.environment='test'-29-{&quot;key1&quot;:&quot;value1&quot;}]" file="azext_iot\tests\iothub\configurations\test_iot_config_unit.py" line="361" time="0.047" /><testcase classname="azext_iot.tests.iothub.configurations.test_iot_config_unit.TestConfigCreate" name="test_config_create_adm[200-moduleInline-inlineB-lowercaseid-myhub.azure-devices.net-tags.building=43 and tags.environment='test'-69-None]" file="azext_iot\tests\iothub\configurations\test_iot_config_unit.py" line="361" time="0.043" /><testcase classname="azext_iot.tests.iothub.configurations.test_iot_config_unit.TestConfigCreate" name="test_config_create_adm[200-moduleInline-inlineB-mixedCaseId-myhub.azure-devices.net-None-None-None]" file="azext_iot\tests\iothub\configurations\test_iot_config_unit.py" line="361" time="0.038" /><testcase classname="azext_iot.tests.iothub.configurations.test_iot_config_unit.TestConfigCreate" name="test_config_create_adm[200-moduleInline-None-UPPERCASEID-myhub.azure-devices.net-tags.building=43 and tags.environment='test'-29-{&quot;key1&quot;:&quot;value1&quot;}]" file="azext_iot\tests\iothub\configurations\test_iot_config_unit.py" line="361" time="0.042" /><testcase classname="azext_iot.tests.iothub.configurations.test_iot_config_unit.TestConfigCreate" name="test_config_create_adm[200-moduleInline-None-lowercaseid-myhub.azure-devices.net-tags.building=43 and tags.environment='test'-69-None]" file="azext_iot\tests\iothub\configurations\test_iot_config_unit.py" line="361" time="0.041" /><testcase classname="azext_iot.tests.iothub.configurations.test_iot_config_unit.TestConfigCreate" name="test_config_create_adm[200-moduleInline-None-mixedCaseId-myhub.azure-devices.net-None-None-None]" file="azext_iot\tests\iothub\configurations\test_iot_config_unit.py" line="361" time="0.037" /><testcase classname="azext_iot.tests.iothub.configurations.test_iot_config_unit.TestConfigCreate" name="test_config_create_adm[200-deviceFile-file-UPPERCASEID-myhub.azure-devices.net-tags.building=43 and tags.environment='test'-29-{&quot;key1&quot;:&quot;value1&quot;}]" file="azext_iot\tests\iothub\configurations\test_iot_config_unit.py" line="361" time="0.058" /><testcase classname="azext_iot.tests.iothub.configurations.test_iot_config_unit.TestConfigCreate" name="test_config_create_adm[200-deviceFile-file-lowercaseid-myhub.azure-devices.net-tags.building=43 and tags.environment='test'-69-None]" file="azext_iot\tests\iothub\configurations\test_iot_config_unit.py" line="361" time="0.054" /><testcase classname="azext_iot.tests.iothub.configurations.test_iot_config_unit.TestConfigCreate" name="test_config_create_adm[200-deviceFile-file-mixedCaseId-myhub.azure-devices.net-None-None-None]" file="azext_iot\tests\iothub\configurations\test_iot_config_unit.py" line="361" time="0.043" /><testcase classname="azext_iot.tests.iothub.configurations.test_iot_config_unit.TestConfigCreate" name="test_config_create_adm[200-deviceFile-inlineA-UPPERCASEID-myhub.azure-devices.net-tags.building=43 and tags.environment='test'-29-{&quot;key1&quot;:&quot;value1&quot;}]" file="azext_iot\tests\iothub\configurations\test_iot_config_unit.py" line="361" time="0.047" /><testcase classname="azext_iot.tests.iothub.configurations.test_iot_config_unit.TestConfigCreate" name="test_config_create_adm[200-deviceFile-inlineA-lowercaseid-myhub.azure-devices.net-tags.building=43 and tags.environment='test'-69-None]" file="azext_iot\tests\iothub\configurations\test_iot_config_unit.py" line="361" time="0.044" /><testcase classname="azext_iot.tests.iothub.configurations.test_iot_config_unit.TestConfigCreate" name="test_config_create_adm[200-deviceFile-inlineA-mixedCaseId-myhub.azure-devices.net-None-None-None]" file="azext_iot\tests\iothub\configurations\test_iot_config_unit.py" line="361" time="0.045" /><testcase classname="azext_iot.tests.iothub.configurations.test_iot_config_unit.TestConfigCreate" name="test_config_create_adm[200-deviceFile-inlineB-UPPERCASEID-myhub.azure-devices.net-tags.building=43 and tags.environment='test'-29-{&quot;key1&quot;:&quot;value1&quot;}]" file="azext_iot\tests\iothub\configurations\test_iot_config_unit.py" line="361" time="0.057" /><testcase classname="azext_iot.tests.iothub.configurations.test_iot_config_unit.TestConfigCreate" name="test_config_create_adm[200-deviceFile-inlineB-lowercaseid-myhub.azure-devices.net-tags.building=43 and tags.environment='test'-69-None]" file="azext_iot\tests\iothub\configurations\test_iot_config_unit.py" line="361" time="0.052" /><testcase classname="azext_iot.tests.iothub.configurations.test_iot_config_unit.TestConfigCreate" name="test_config_create_adm[200-deviceFile-inlineB-mixedCaseId-myhub.azure-devices.net-None-None-None]" file="azext_iot\tests\iothub\configurations\test_iot_config_unit.py" line="361" time="0.047" /><testcase classname="azext_iot.tests.iothub.configurations.test_iot_config_unit.TestConfigCreate" name="test_config_create_adm[200-deviceFile-None-UPPERCASEID-myhub.azure-devices.net-tags.building=43 and tags.environment='test'-29-{&quot;key1&quot;:&quot;value1&quot;}]" file="azext_iot\tests\iothub\configurations\test_iot_config_unit.py" line="361" time="0.062" /><testcase classname="azext_iot.tests.iothub.configurations.test_iot_config_unit.TestConfigCreate" name="test_config_create_adm[200-deviceFile-None-lowercaseid-myhub.azure-devices.net-tags.building=43 and tags.environment='test'-69-None]" file="azext_iot\tests\iothub\configurations\test_iot_config_unit.py" line="361" time="0.054" /><testcase classname="azext_iot.tests.iothub.configurations.test_iot_config_unit.TestConfigCreate" name="test_config_create_adm[200-deviceFile-None-mixedCaseId-myhub.azure-devices.net-None-None-None]" file="azext_iot\tests\iothub\configurations\test_iot_config_unit.py" line="361" time="0.040" /><testcase classname="azext_iot.tests.iothub.configurations.test_iot_config_unit.TestConfigCreate" name="test_config_create_adm[200-deviceInline-file-UPPERCASEID-myhub.azure-devices.net-tags.building=43 and tags.environment='test'-29-{&quot;key1&quot;:&quot;value1&quot;}]" file="azext_iot\tests\iothub\configurations\test_iot_config_unit.py" line="361" time="0.042" /><testcase classname="azext_iot.tests.iothub.configurations.test_iot_config_unit.TestConfigCreate" name="test_config_create_adm[200-deviceInline-file-lowercaseid-myhub.azure-devices.net-tags.building=43 and tags.environment='test'-69-None]" file="azext_iot\tests\iothub\configurations\test_iot_config_unit.py" line="361" time="0.057" /><testcase classname="azext_iot.tests.iothub.configurations.test_iot_config_unit.TestConfigCreate" name="test_config_create_adm[200-deviceInline-file-mixedCaseId-myhub.azure-devices.net-None-None-None]" file="azext_iot\tests\iothub\configurations\test_iot_config_unit.py" line="361" time="0.064" /><testcase classname="azext_iot.tests.iothub.configurations.test_iot_config_unit.TestConfigCreate" name="test_config_create_adm[200-deviceInline-inlineA-UPPERCASEID-myhub.azure-devices.net-tags.building=43 and tags.environment='test'-29-{&quot;key1&quot;:&quot;value1&quot;}]" file="azext_iot\tests\iothub\configurations\test_iot_config_unit.py" line="361" time="0.063" /><testcase classname="azext_iot.tests.iothub.configurations.test_iot_config_unit.TestConfigCreate" name="test_config_create_adm[200-deviceInline-inlineA-lowercaseid-myhub.azure-devices.net-tags.building=43 and tags.environment='test'-69-None]" file="azext_iot\tests\iothub\configurations\test_iot_config_unit.py" line="361" time="0.063" /><testcase classname="azext_iot.tests.iothub.configurations.test_iot_config_unit.TestConfigCreate" name="test_config_create_adm[200-deviceInline-inlineA-mixedCaseId-myhub.azure-devices.net-None-None-None]" file="azext_iot\tests\iothub\configurations\test_iot_config_unit.py" line="361" time="0.058" /><testcase classname="azext_iot.tests.iothub.configurations.test_iot_config_unit.TestConfigCreate" name="test_config_create_adm[200-deviceInline-inlineB-UPPERCASEID-myhub.azure-devices.net-tags.building=43 and tags.environment='test'-29-{&quot;key1&quot;:&quot;value1&quot;}]" file="azext_iot\tests\iothub\configurations\test_iot_config_unit.py" line="361" time="0.152" /><testcase classname="azext_iot.tests.iothub.configurations.test_iot_config_unit.TestConfigCreate" name="test_config_create_adm[200-deviceInline-inlineB-lowercaseid-myhub.azure-devices.net-tags.building=43 and tags.environment='test'-69-None]" file="azext_iot\tests\iothub\configurations\test_iot_config_unit.py" line="361" time="0.056" /><testcase classname="azext_iot.tests.iothub.configurations.test_iot_config_unit.TestConfigCreate" name="test_config_create_adm[200-deviceInline-inlineB-mixedCaseId-myhub.azure-devices.net-None-None-None]" file="azext_iot\tests\iothub\configurations\test_iot_config_unit.py" line="361" time="0.063" /><testcase classname="azext_iot.tests.iothub.configurations.test_iot_config_unit.TestConfigCreate" name="test_config_create_adm[200-deviceInline-None-UPPERCASEID-myhub.azure-devices.net-tags.building=43 and tags.environment='test'-29-{&quot;key1&quot;:&quot;value1&quot;}]" file="azext_iot\tests\iothub\configurations\test_iot_config_unit.py" line="361" time="0.059" /><testcase classname="azext_iot.tests.iothub.configurations.test_iot_config_unit.TestConfigCreate" name="test_config_create_adm[200-deviceInline-None-lowercaseid-myhub.azure-devices.net-tags.building=43 and tags.environment='test'-69-None]" file="azext_iot\tests\iothub\configurations\test_iot_config_unit.py" line="361" time="0.062" /><testcase classname="azext_iot.tests.iothub.configurations.test_iot_config_unit.TestConfigCreate" name="test_config_create_adm[200-deviceInline-None-mixedCaseId-myhub.azure-devices.net-None-None-None]" file="azext_iot\tests\iothub\configurations\test_iot_config_unit.py" line="361" time="0.064" /><testcase classname="azext_iot.tests.iothub.configurations.test_iot_config_unit.TestConfigCreate" name="test_config_create_adm_invalid[200-lowercaseid-myhub.azure-devices.net-tags.building=43 and tags.environment='test'-15-None]" file="azext_iot\tests\iothub\configurations\test_iot_config_unit.py" line="460" time="0.109" /><testcase classname="azext_iot.tests.iothub.configurations.test_iot_config_unit.TestConfigCreate" name="test_config_create_error[400-file-lowercaseid-myhub.azure-devices.net-tags.building=43 and tags.environment='test'-38-None]" file="azext_iot\tests\iothub\configurations\test_iot_config_unit.py" line="530" time="0.073" /><testcase classname="azext_iot.tests.iothub.configurations.test_iot_config_unit.TestConfigCreate" name="test_config_create_error[400-inlineA-lowercaseid-myhub.azure-devices.net-tags.building=43 and tags.environment='test'-38-None]" file="azext_iot\tests\iothub\configurations\test_iot_config_unit.py" line="530" time="0.073" /><testcase classname="azext_iot.tests.iothub.configurations.test_iot_config_unit.TestConfigCreate" name="test_config_create_error[400-inlineB-lowercaseid-myhub.azure-devices.net-tags.building=43 and tags.environment='test'-38-None]" file="azext_iot\tests\iothub\configurations\test_iot_config_unit.py" line="530" time="0.069" /><testcase classname="azext_iot.tests.iothub.configurations.test_iot_config_unit.TestConfigCreate" name="test_config_create_error[400-layered-lowercaseid-myhub.azure-devices.net-tags.building=43 and tags.environment='test'-38-None]" file="azext_iot\tests\iothub\configurations\test_iot_config_unit.py" line="530" time="0.122" /><testcase classname="azext_iot.tests.iothub.configurations.test_iot_config_unit.TestConfigCreate" name="test_config_create_error[400-v1-lowercaseid-myhub.azure-devices.net-tags.building=43 and tags.environment='test'-38-None]" file="azext_iot\tests\iothub\configurations\test_iot_config_unit.py" line="530" time="0.080" /><testcase classname="azext_iot.tests.iothub.configurations.test_iot_config_unit.TestConfigCreate" name="test_config_create_error[400-v11-lowercaseid-myhub.azure-devices.net-tags.building=43 and tags.environment='test'-38-None]" file="azext_iot\tests\iothub\configurations\test_iot_config_unit.py" line="530" time="0.059" /><testcase classname="azext_iot.tests.iothub.configurations.test_iot_config_unit.TestConfigCreate" name="test_config_create_error[401-file-lowercaseid-myhub.azure-devices.net-tags.building=43 and tags.environment='test'-38-None]" file="azext_iot\tests\iothub\configurations\test_iot_config_unit.py" line="530" time="0.101" /><testcase classname="azext_iot.tests.iothub.configurations.test_iot_config_unit.TestConfigCreate" name="test_config_create_error[401-inlineA-lowercaseid-myhub.azure-devices.net-tags.building=43 and tags.environment='test'-38-None]" file="azext_iot\tests\iothub\configurations\test_iot_config_unit.py" line="530" time="0.072" /><testcase classname="azext_iot.tests.iothub.configurations.test_iot_config_unit.TestConfigCreate" name="test_config_create_error[401-inlineB-lowercaseid-myhub.azure-devices.net-tags.building=43 and tags.environment='test'-38-None]" file="azext_iot\tests\iothub\configurations\test_iot_config_unit.py" line="530" time="0.065" /><testcase classname="azext_iot.tests.iothub.configurations.test_iot_config_unit.TestConfigCreate" name="test_config_create_error[401-layered-lowercaseid-myhub.azure-devices.net-tags.building=43 and tags.environment='test'-38-None]" file="azext_iot\tests\iothub\configurations\test_iot_config_unit.py" line="530" time="0.109" /><testcase classname="azext_iot.tests.iothub.configurations.test_iot_config_unit.TestConfigCreate" name="test_config_create_error[401-v1-lowercaseid-myhub.azure-devices.net-tags.building=43 and tags.environment='test'-38-None]" file="azext_iot\tests\iothub\configurations\test_iot_config_unit.py" line="530" time="0.077" /><testcase classname="azext_iot.tests.iothub.configurations.test_iot_config_unit.TestConfigCreate" name="test_config_create_error[401-v11-lowercaseid-myhub.azure-devices.net-tags.building=43 and tags.environment='test'-38-None]" file="azext_iot\tests\iothub\configurations\test_iot_config_unit.py" line="530" time="0.048" /><testcase classname="azext_iot.tests.iothub.configurations.test_iot_config_unit.TestConfigCreate" name="test_config_create_error[500-file-lowercaseid-myhub.azure-devices.net-tags.building=43 and tags.environment='test'-38-None]" file="azext_iot\tests\iothub\configurations\test_iot_config_unit.py" line="530" time="0.049" /><testcase classname="azext_iot.tests.iothub.configurations.test_iot_config_unit.TestConfigCreate" name="test_config_create_error[500-inlineA-lowercaseid-myhub.azure-devices.net-tags.building=43 and tags.environment='test'-38-None]" file="azext_iot\tests\iothub\configurations\test_iot_config_unit.py" line="530" time="0.077" /><testcase classname="azext_iot.tests.iothub.configurations.test_iot_config_unit.TestConfigCreate" name="test_config_create_error[500-inlineB-lowercaseid-myhub.azure-devices.net-tags.building=43 and tags.environment='test'-38-None]" file="azext_iot\tests\iothub\configurations\test_iot_config_unit.py" line="530" time="0.082" /><testcase classname="azext_iot.tests.iothub.configurations.test_iot_config_unit.TestConfigCreate" name="test_config_create_error[500-layered-lowercaseid-myhub.azure-devices.net-tags.building=43 and tags.environment='test'-38-None]" file="azext_iot\tests\iothub\configurations\test_iot_config_unit.py" line="530" time="0.111" /><testcase classname="azext_iot.tests.iothub.configurations.test_iot_config_unit.TestConfigCreate" name="test_config_create_error[500-v1-lowercaseid-myhub.azure-devices.net-tags.building=43 and tags.environment='test'-38-None]" file="azext_iot\tests\iothub\configurations\test_iot_config_unit.py" line="530" time="0.067" /><testcase classname="azext_iot.tests.iothub.configurations.test_iot_config_unit.TestConfigCreate" name="test_config_create_error[500-v11-lowercaseid-myhub.azure-devices.net-tags.building=43 and tags.environment='test'-38-None]" file="azext_iot\tests\iothub\configurations\test_iot_config_unit.py" line="530" time="0.082" /><testcase classname="azext_iot.tests.iothub.configurations.test_iot_config_unit.TestConfigDelete" name="test_config_delete[204-334bbf4611464fc899c936dad2da9f41]" file="azext_iot\tests\iothub\configurations\test_iot_config_unit.py" line="575" time="0.057" /><testcase classname="azext_iot.tests.iothub.configurations.test_iot_config_unit.TestConfigDelete" name="test_config_delete[204-None]" file="azext_iot\tests\iothub\configurations\test_iot_config_unit.py" line="575" time="0.064" /><testcase classname="azext_iot.tests.iothub.configurations.test_iot_config_unit.TestConfigDelete" name="test_config_delete_error[400]" file="azext_iot\tests\iothub\configurations\test_iot_config_unit.py" line="591" time="0.097" /><testcase classname="azext_iot.tests.iothub.configurations.test_iot_config_unit.TestConfigDelete" name="test_config_delete_error[401]" file="azext_iot\tests\iothub\configurations\test_iot_config_unit.py" line="591" time="0.080" /><testcase classname="azext_iot.tests.iothub.configurations.test_iot_config_unit.TestConfigDelete" name="test_config_delete_error[500]" file="azext_iot\tests\iothub\configurations\test_iot_config_unit.py" line="591" time="0.076" /><testcase classname="azext_iot.tests.iothub.configurations.test_iot_config_unit.TestConfigUpdate" name="test_config_update[200-9e250bb6545e4c79b0f141773dcff9ae]" file="azext_iot\tests\iothub\configurations\test_iot_config_unit.py" line="605" time="0.056" /><testcase classname="azext_iot.tests.iothub.configurations.test_iot_config_unit.TestConfigUpdate" name="test_config_update[200-None]" file="azext_iot\tests\iothub\configurations\test_iot_config_unit.py" line="605" time="0.069" /><testcase classname="azext_iot.tests.iothub.configurations.test_iot_config_unit.TestConfigUpdate" name="test_config_update_invalid_args[200]" file="azext_iot\tests\iothub\configurations\test_iot_config_unit.py" line="634" time="0.118" /><testcase classname="azext_iot.tests.iothub.configurations.test_iot_config_unit.TestConfigUpdate" name="test_config_update_error[400]" file="azext_iot\tests\iothub\configurations\test_iot_config_unit.py" line="655" time="0.038" /><testcase classname="azext_iot.tests.iothub.configurations.test_iot_config_unit.TestConfigUpdate" name="test_config_update_error[401]" file="azext_iot\tests\iothub\configurations\test_iot_config_unit.py" line="655" time="0.035" /><testcase classname="azext_iot.tests.iothub.configurations.test_iot_config_unit.TestConfigUpdate" name="test_config_update_error[500]" file="azext_iot\tests\iothub\configurations\test_iot_config_unit.py" line="655" time="0.036" /><testcase classname="azext_iot.tests.iothub.configurations.test_iot_config_unit.TestConfigList" name="test_config_list[10-1]" file="azext_iot\tests\iothub\configurations\test_iot_config_unit.py" line="699" time="0.038" /><testcase classname="azext_iot.tests.iothub.configurations.test_iot_config_unit.TestConfigList" name="test_config_list[10-100]" file="azext_iot\tests\iothub\configurations\test_iot_config_unit.py" line="699" time="0.039" /><testcase classname="azext_iot.tests.iothub.configurations.test_iot_config_unit.TestConfigList" name="test_config_list[10-1000]" file="azext_iot\tests\iothub\configurations\test_iot_config_unit.py" line="699" time="0.045" /><testcase classname="azext_iot.tests.iothub.configurations.test_iot_config_unit.TestConfigList" name="test_config_list[10-None]" file="azext_iot\tests\iothub\configurations\test_iot_config_unit.py" line="699" time="0.036" /><testcase classname="azext_iot.tests.iothub.configurations.test_iot_config_unit.TestConfigList" name="test_config_list[0-1]" file="azext_iot\tests\iothub\configurations\test_iot_config_unit.py" line="699" time="0.033" /><testcase classname="azext_iot.tests.iothub.configurations.test_iot_config_unit.TestConfigList" name="test_config_list[0-100]" file="azext_iot\tests\iothub\configurations\test_iot_config_unit.py" line="699" time="0.035" /><testcase classname="azext_iot.tests.iothub.configurations.test_iot_config_unit.TestConfigList" name="test_config_list[0-1000]" file="azext_iot\tests\iothub\configurations\test_iot_config_unit.py" line="699" time="0.039" /><testcase classname="azext_iot.tests.iothub.configurations.test_iot_config_unit.TestConfigList" name="test_config_list[0-None]" file="azext_iot\tests\iothub\configurations\test_iot_config_unit.py" line="699" time="0.035" /><testcase classname="azext_iot.tests.iothub.configurations.test_iot_config_unit.TestConfigList" name="test_config_list[1000-1]" file="azext_iot\tests\iothub\configurations\test_iot_config_unit.py" line="699" time="0.465" /><testcase classname="azext_iot.tests.iothub.configurations.test_iot_config_unit.TestConfigList" name="test_config_list[1000-100]" file="azext_iot\tests\iothub\configurations\test_iot_config_unit.py" line="699" time="0.484" /><testcase classname="azext_iot.tests.iothub.configurations.test_iot_config_unit.TestConfigList" name="test_config_list[1000-1000]" file="azext_iot\tests\iothub\configurations\test_iot_config_unit.py" line="699" time="0.537" /><testcase classname="azext_iot.tests.iothub.configurations.test_iot_config_unit.TestConfigList" name="test_config_list[1000-None]" file="azext_iot\tests\iothub\configurations\test_iot_config_unit.py" line="699" time="0.439" /><testcase classname="azext_iot.tests.iothub.configurations.test_iot_config_unit.TestConfigList" name="test_deployment_list[10-1]" file="azext_iot\tests\iothub\configurations\test_iot_config_unit.py" line="712" time="0.045" /><testcase classname="azext_iot.tests.iothub.configurations.test_iot_config_unit.TestConfigList" name="test_deployment_list[10-100]" file="azext_iot\tests\iothub\configurations\test_iot_config_unit.py" line="712" time="0.039" /><testcase classname="azext_iot.tests.iothub.configurations.test_iot_config_unit.TestConfigList" name="test_deployment_list[10-1000]" file="azext_iot\tests\iothub\configurations\test_iot_config_unit.py" line="712" time="0.045" /><testcase classname="azext_iot.tests.iothub.configurations.test_iot_config_unit.TestConfigList" name="test_deployment_list[10-None]" file="azext_iot\tests\iothub\configurations\test_iot_config_unit.py" line="712" time="0.084" /><testcase classname="azext_iot.tests.iothub.configurations.test_iot_config_unit.TestConfigList" name="test_deployment_list[0-1]" file="azext_iot\tests\iothub\configurations\test_iot_config_unit.py" line="712" time="0.033" /><testcase classname="azext_iot.tests.iothub.configurations.test_iot_config_unit.TestConfigList" name="test_deployment_list[0-100]" file="azext_iot\tests\iothub\configurations\test_iot_config_unit.py" line="712" time="0.037" /><testcase classname="azext_iot.tests.iothub.configurations.test_iot_config_unit.TestConfigList" name="test_deployment_list[0-1000]" file="azext_iot\tests\iothub\configurations\test_iot_config_unit.py" line="712" time="0.050" /><testcase classname="azext_iot.tests.iothub.configurations.test_iot_config_unit.TestConfigList" name="test_deployment_list[0-None]" file="azext_iot\tests\iothub\configurations\test_iot_config_unit.py" line="712" time="0.046" /><testcase classname="azext_iot.tests.iothub.configurations.test_iot_config_unit.TestConfigList" name="test_deployment_list[1000-1]" file="azext_iot\tests\iothub\configurations\test_iot_config_unit.py" line="712" time="0.425" /><testcase classname="azext_iot.tests.iothub.configurations.test_iot_config_unit.TestConfigList" name="test_deployment_list[1000-100]" file="azext_iot\tests\iothub\configurations\test_iot_config_unit.py" line="712" time="0.473" /><testcase classname="azext_iot.tests.iothub.configurations.test_iot_config_unit.TestConfigList" name="test_deployment_list[1000-1000]" file="azext_iot\tests\iothub\configurations\test_iot_config_unit.py" line="712" time="0.489" /><testcase classname="azext_iot.tests.iothub.configurations.test_iot_config_unit.TestConfigList" name="test_deployment_list[1000-None]" file="azext_iot\tests\iothub\configurations\test_iot_config_unit.py" line="712" time="0.440" /><testcase classname="azext_iot.tests.iothub.configurations.test_iot_config_unit.TestConfigList" name="test_config_list_invalid_args[-1]" file="azext_iot\tests\iothub\configurations\test_iot_config_unit.py" line="724" time="8.913" /><testcase classname="azext_iot.tests.iothub.configurations.test_iot_config_unit.TestConfigList" name="test_config_list_invalid_args[0]" file="azext_iot\tests\iothub\configurations\test_iot_config_unit.py" line="724" time="6.494" /><testcase classname="azext_iot.tests.iothub.configurations.test_iot_config_unit.TestConfigList" name="test_config_list_invalid_args[101]" file="azext_iot\tests\iothub\configurations\test_iot_config_unit.py" line="724" time="6.838" /><testcase classname="azext_iot.tests.iothub.configurations.test_iot_config_unit.TestConfigList" name="test_config_list_error[400]" file="azext_iot\tests\iothub\configurations\test_iot_config_unit.py" line="731" time="0.042" /><testcase classname="azext_iot.tests.iothub.configurations.test_iot_config_unit.TestConfigList" name="test_config_list_error[401]" file="azext_iot\tests\iothub\configurations\test_iot_config_unit.py" line="731" time="0.108" /><testcase classname="azext_iot.tests.iothub.configurations.test_iot_config_unit.TestConfigList" name="test_config_list_error[500]" file="azext_iot\tests\iothub\configurations\test_iot_config_unit.py" line="731" time="0.039" /><testcase classname="azext_iot.tests.iothub.configurations.test_iot_config_unit.TestConfigApply" name="test_config_apply_edge[200-file-test-device-01-myhub.azure-devices.net]" file="azext_iot\tests\iothub\configurations\test_iot_config_unit.py" line="749" time="0.083" /><testcase classname="azext_iot.tests.iothub.configurations.test_iot_config_unit.TestConfigApply" name="test_config_apply_edge[200-inlineA-test-device-01-myhub.azure-devices.net]" file="azext_iot\tests\iothub\configurations\test_iot_config_unit.py" line="749" time="0.069" /><testcase classname="azext_iot.tests.iothub.configurations.test_iot_config_unit.TestConfigApply" name="test_config_apply_edge[200-inlineB-test-device-01-myhub.azure-devices.net]" file="azext_iot\tests\iothub\configurations\test_iot_config_unit.py" line="749" time="0.068" /><testcase classname="azext_iot.tests.iothub.configurations.test_iot_config_unit.TestConfigApply" name="test_config_apply_edge[200-layered-test-device-01-myhub.azure-devices.net]" file="azext_iot\tests\iothub\configurations\test_iot_config_unit.py" line="749" time="0.035" /><testcase classname="azext_iot.tests.iothub.configurations.test_iot_config_unit.TestConfigApply" name="test_config_apply_edge[200-v1-test-device-01-myhub.azure-devices.net]" file="azext_iot\tests\iothub\configurations\test_iot_config_unit.py" line="749" time="0.055" /><testcase classname="azext_iot.tests.iothub.configurations.test_iot_config_unit.TestConfigApply" name="test_config_apply_edge[200-v11-test-device-01-myhub.azure-devices.net]" file="azext_iot\tests\iothub\configurations\test_iot_config_unit.py" line="749" time="0.055" /><testcase classname="azext_iot.tests.iothub.configurations.test_iot_config_unit.TestConfigApply" name="test_config_apply_edge_malformed[200-test-device-01-myhub.azure-devices.net]" file="azext_iot\tests\iothub\configurations\test_iot_config_unit.py" line="812" time="0.061" /><testcase classname="azext_iot.tests.iothub.configurations.test_iot_config_unit.TestConfigApply" name="test_config_apply_edge_error[400-test-device-01-myhub.azure-devices.net]" file="azext_iot\tests\iothub\configurations\test_iot_config_unit.py" line="838" time="0.058" /><testcase classname="azext_iot.tests.iothub.configurations.test_iot_config_unit.TestConfigApply" name="test_config_apply_edge_error[401-test-device-01-myhub.azure-devices.net]" file="azext_iot\tests\iothub\configurations\test_iot_config_unit.py" line="838" time="0.062" /><testcase classname="azext_iot.tests.iothub.configurations.test_iot_config_unit.TestConfigApply" name="test_config_apply_edge_error[500-test-device-01-myhub.azure-devices.net]" file="azext_iot\tests\iothub\configurations\test_iot_config_unit.py" line="838" time="0.059" /><testcase classname="azext_iot.tests.iothub.jobs.test_iothub_jobs_unit.TestJobCreate" name="test_job_create[200-myjob-f007dc95e15440088f5ebb158669f441-scheduleUpdateTwin-myhub.azure-devices.net-2020-01-06T23:55:11.538201Z-*-{&quot;key1&quot;:&quot;value1&quot;}-830-None-None-None]" file="azext_iot\tests\iothub\jobs\test_iothub_jobs_unit.py" line="185" time="0.052" /><testcase classname="azext_iot.tests.iothub.jobs.test_iothub_jobs_unit.TestJobCreate" name="test_job_create[200-myjob-a20356726d1741a5b520e6984427b2d9-scheduleDeviceMethod-myhub.azure-devices.net-2020-01-06T23:55:11.538201Z-*-{&quot;key1&quot;:&quot;value1&quot;}-405-mymethod-76-40]" file="azext_iot\tests\iothub\jobs\test_iothub_jobs_unit.py" line="185" time="0.076" /><testcase classname="azext_iot.tests.iothub.jobs.test_iothub_jobs_unit.TestJobCreate" name="test_job_create_wait[serviceclient_test_wait0-myjob-879d5b56747f4dd3847e2d08f99b3901-scheduleUpdateTwin-myhub.azure-devices.net-2020-01-06T23:55:11.538201Z-*-{&quot;key1&quot;:&quot;value1&quot;}-304-True-1-5]" file="azext_iot\tests\iothub\jobs\test_iothub_jobs_unit.py" line="274" time="1.087" /><testcase classname="azext_iot.tests.iothub.jobs.test_iothub_jobs_unit.TestJobCreate" name="test_job_create_wait[serviceclient_test_wait0-myjob-96165df93fd14e27a143bbd6da4b44ad-scheduleUpdateTwin-myhub.azure-devices.net-2020-01-06T23:55:11.538201Z-*-{&quot;key1&quot;:&quot;value1&quot;}-303-None-10-5]" file="azext_iot\tests\iothub\jobs\test_iothub_jobs_unit.py" line="274" time="0.059" /><testcase classname="azext_iot.tests.iothub.jobs.test_iothub_jobs_unit.TestJobCreate" name="test_job_create_wait[serviceclient_test_wait1-myjob-879d5b56747f4dd3847e2d08f99b3901-scheduleUpdateTwin-myhub.azure-devices.net-2020-01-06T23:55:11.538201Z-*-{&quot;key1&quot;:&quot;value1&quot;}-304-True-1-5]" file="azext_iot\tests\iothub\jobs\test_iothub_jobs_unit.py" line="274" time="1.076" /><testcase classname="azext_iot.tests.iothub.jobs.test_iothub_jobs_unit.TestJobCreate" name="test_job_create_wait[serviceclient_test_wait1-myjob-96165df93fd14e27a143bbd6da4b44ad-scheduleUpdateTwin-myhub.azure-devices.net-2020-01-06T23:55:11.538201Z-*-{&quot;key1&quot;:&quot;value1&quot;}-303-None-10-5]" file="azext_iot\tests\iothub\jobs\test_iothub_jobs_unit.py" line="274" time="0.062" /><testcase classname="azext_iot.tests.iothub.jobs.test_iothub_jobs_unit.TestJobCreate" name="test_job_create_wait[serviceclient_test_wait2-myjob-879d5b56747f4dd3847e2d08f99b3901-scheduleUpdateTwin-myhub.azure-devices.net-2020-01-06T23:55:11.538201Z-*-{&quot;key1&quot;:&quot;value1&quot;}-304-True-1-5]" file="azext_iot\tests\iothub\jobs\test_iothub_jobs_unit.py" line="274" time="1.155" /><testcase classname="azext_iot.tests.iothub.jobs.test_iothub_jobs_unit.TestJobCreate" name="test_job_create_wait[serviceclient_test_wait2-myjob-96165df93fd14e27a143bbd6da4b44ad-scheduleUpdateTwin-myhub.azure-devices.net-2020-01-06T23:55:11.538201Z-*-{&quot;key1&quot;:&quot;value1&quot;}-303-None-10-5]" file="azext_iot\tests\iothub\jobs\test_iothub_jobs_unit.py" line="274" time="0.113" /><testcase classname="azext_iot.tests.iothub.jobs.test_iothub_jobs_unit.TestJobCreate" name="test_job_create_malformed[200-myjob-beb8da4f075f45e2b3a71a867661369a-scheduleUpdateTwin-myhub.azure-devices.net-2020-01-06T23:55:11.538201Z-None-{&quot;key1&quot;:&quot;value1&quot;}-441-None-None-None-5-10-The query condition is required]" file="azext_iot\tests\iothub\jobs\test_iothub_jobs_unit.py" line="341" time="0.108" /><testcase classname="azext_iot.tests.iothub.jobs.test_iothub_jobs_unit.TestJobCreate" name="test_job_create_malformed[200-myjob-8926092c347f49f696f799e8603c1040-scheduleDeviceMethod-myhub.azure-devices.net-2020-01-06T23:55:11.538201Z-None-{&quot;key1&quot;:&quot;value1&quot;}-858-mymethod-68-58-5-10-The query condition is required]" file="azext_iot\tests\iothub\jobs\test_iothub_jobs_unit.py" line="341" time="0.094" /><testcase classname="azext_iot.tests.iothub.jobs.test_iothub_jobs_unit.TestJobCreate" name="test_job_create_malformed[200-myjob-9d39f4aaf47a44468967b46022046708-scheduleUpdateTwin-myhub.azure-devices.net-2020-01-06T23:55:11.538201Z-*-None-448-None-None-None-5-10-job type requires --twin-patch]" file="azext_iot\tests\iothub\jobs\test_iothub_jobs_unit.py" line="341" time="0.060" /><testcase classname="azext_iot.tests.iothub.jobs.test_iothub_jobs_unit.TestJobCreate" name="test_job_create_malformed[200-myjob-b85fd1a9edbb4f248b7a06341e38563c-scheduleDeviceMethod-myhub.azure-devices.net-2020-01-06T23:55:11.538201Z-*-{&quot;key1&quot;:&quot;value1&quot;}-747-None-77-60-5-10-job type requires --method-name]" file="azext_iot\tests\iothub\jobs\test_iothub_jobs_unit.py" line="341" time="0.056" /><testcase classname="azext_iot.tests.iothub.jobs.test_iothub_jobs_unit.TestJobCreate" name="test_job_create_malformed[200-myjob-9794929112b04d1ea6238f8fd4963c2e-scheduleDeviceMethod-myhub.azure-devices.net-2020-01-06T23:55:11.538201Z-*-{&quot;key1&quot;:&quot;value1&quot;}-608-mymethod-37-50-0-1---poll-interval must be greater than 0!]" file="azext_iot\tests\iothub\jobs\test_iothub_jobs_unit.py" line="341" time="0.064" /><testcase classname="azext_iot.tests.iothub.jobs.test_iothub_jobs_unit.TestJobCreate" name="test_job_create_malformed[200-myjob-a368b4caa9ca417ab282695dc2596ea6-scheduleDeviceMethod-myhub.azure-devices.net-2020-01-06T23:55:11.538201Z-*-{&quot;key1&quot;:&quot;value1&quot;}-652-mymethod-32-51-1-0---poll-duration must be greater than 0!]" file="azext_iot\tests\iothub\jobs\test_iothub_jobs_unit.py" line="341" time="0.067" /><testcase classname="azext_iot.tests.iothub.jobs.test_iothub_jobs_unit.TestJobCreate" name="test_job_create_malformed[200-myjob-8900157bf70343be9512bede53aa2dad-scheduleUpdateTwin-myhub.azure-devices.net-2020-01-06T23:55:11.538201Z-*-100-326-None-67-84-1-5-Twin patches must be objects. Received type:]" file="azext_iot\tests\iothub\jobs\test_iothub_jobs_unit.py" line="341" time="0.071" /><testcase classname="azext_iot.tests.iothub.jobs.test_iothub_jobs_unit.TestJobCreate" name="test_job_create_error[400-myjob-fdef6cae53fc4db38d7b171d900cfefe-scheduleUpdateTwin-myhub.azure-devices.net-2020-01-06T23:55:11.538201Z-*-{&quot;key1&quot;:&quot;value1&quot;}-874-None-None-None]" file="azext_iot\tests\iothub\jobs\test_iothub_jobs_unit.py" line="498" time="0.086" /><testcase classname="azext_iot.tests.iothub.jobs.test_iothub_jobs_unit.TestJobCreate" name="test_job_create_error[400-myjob-a0e1acaa37d141f1b8d9e41f0974549a-scheduleDeviceMethod-myhub.azure-devices.net-2020-01-06T23:55:11.538201Z-*-{&quot;key1&quot;:&quot;value1&quot;}-374-mymethod-54-74]" file="azext_iot\tests\iothub\jobs\test_iothub_jobs_unit.py" line="498" time="0.198" /><testcase classname="azext_iot.tests.iothub.jobs.test_iothub_jobs_unit.TestJobCreate" name="test_job_create_error[401-myjob-fdef6cae53fc4db38d7b171d900cfefe-scheduleUpdateTwin-myhub.azure-devices.net-2020-01-06T23:55:11.538201Z-*-{&quot;key1&quot;:&quot;value1&quot;}-874-None-None-None]" file="azext_iot\tests\iothub\jobs\test_iothub_jobs_unit.py" line="498" time="0.119" /><testcase classname="azext_iot.tests.iothub.jobs.test_iothub_jobs_unit.TestJobCreate" name="test_job_create_error[401-myjob-a0e1acaa37d141f1b8d9e41f0974549a-scheduleDeviceMethod-myhub.azure-devices.net-2020-01-06T23:55:11.538201Z-*-{&quot;key1&quot;:&quot;value1&quot;}-374-mymethod-54-74]" file="azext_iot\tests\iothub\jobs\test_iothub_jobs_unit.py" line="498" time="0.082" /><testcase classname="azext_iot.tests.iothub.jobs.test_iothub_jobs_unit.TestJobCreate" name="test_job_create_error[500-myjob-fdef6cae53fc4db38d7b171d900cfefe-scheduleUpdateTwin-myhub.azure-devices.net-2020-01-06T23:55:11.538201Z-*-{&quot;key1&quot;:&quot;value1&quot;}-874-None-None-None]" file="azext_iot\tests\iothub\jobs\test_iothub_jobs_unit.py" line="498" time="0.072" /><testcase classname="azext_iot.tests.iothub.jobs.test_iothub_jobs_unit.TestJobCreate" name="test_job_create_error[500-myjob-a0e1acaa37d141f1b8d9e41f0974549a-scheduleDeviceMethod-myhub.azure-devices.net-2020-01-06T23:55:11.538201Z-*-{&quot;key1&quot;:&quot;value1&quot;}-374-mymethod-54-74]" file="azext_iot\tests\iothub\jobs\test_iothub_jobs_unit.py" line="498" time="0.077" /><testcase classname="azext_iot.tests.iothub.jobs.test_iothub_jobs_unit.TestJobShow" name="test_job_show[v2]" file="azext_iot\tests\iothub\jobs\test_iothub_jobs_unit.py" line="602" time="0.059" /><testcase classname="azext_iot.tests.iothub.jobs.test_iothub_jobs_unit.TestJobShow" name="test_job_show[v1]" file="azext_iot\tests\iothub\jobs\test_iothub_jobs_unit.py" line="602" time="0.084" /><testcase classname="azext_iot.tests.iothub.jobs.test_iothub_jobs_unit.TestJobShow" name="test_job_show_error[400]" file="azext_iot\tests\iothub\jobs\test_iothub_jobs_unit.py" line="631" time="0.063" /><testcase classname="azext_iot.tests.iothub.jobs.test_iothub_jobs_unit.TestJobShow" name="test_job_show_error[401]" file="azext_iot\tests\iothub\jobs\test_iothub_jobs_unit.py" line="631" time="0.045" /><testcase classname="azext_iot.tests.iothub.jobs.test_iothub_jobs_unit.TestJobShow" name="test_job_show_error[500]" file="azext_iot\tests\iothub\jobs\test_iothub_jobs_unit.py" line="631" time="0.040" /><testcase classname="azext_iot.tests.iothub.jobs.test_iothub_jobs_unit.TestJobCancel" name="test_job_cancel[v2]" file="azext_iot\tests\iothub\jobs\test_iothub_jobs_unit.py" line="687" time="0.049" /><testcase classname="azext_iot.tests.iothub.jobs.test_iothub_jobs_unit.TestJobCancel" name="test_job_cancel[v1]" file="azext_iot\tests\iothub\jobs\test_iothub_jobs_unit.py" line="687" time="0.066" /><testcase classname="azext_iot.tests.iothub.jobs.test_iothub_jobs_unit.TestJobCancel" name="test_job_cancel_error[400]" file="azext_iot\tests\iothub\jobs\test_iothub_jobs_unit.py" line="728" time="0.032" /><testcase classname="azext_iot.tests.iothub.jobs.test_iothub_jobs_unit.TestJobCancel" name="test_job_cancel_error[401]" file="azext_iot\tests\iothub\jobs\test_iothub_jobs_unit.py" line="728" time="0.039" /><testcase classname="azext_iot.tests.iothub.jobs.test_iothub_jobs_unit.TestJobCancel" name="test_job_cancel_error[500]" file="azext_iot\tests\iothub\jobs\test_iothub_jobs_unit.py" line="728" time="0.045" /><testcase classname="azext_iot.tests.iothub.jobs.test_iothub_jobs_unit.TestJobList" name="test_job_list[serviceclient0-scheduleUpdateTwin-None-None]" file="azext_iot\tests\iothub\jobs\test_iothub_jobs_unit.py" line="860" time="0.046" /><testcase classname="azext_iot.tests.iothub.jobs.test_iothub_jobs_unit.TestJobList" name="test_job_list[serviceclient0-scheduleDeviceMethod-completed-None]" file="azext_iot\tests\iothub\jobs\test_iothub_jobs_unit.py" line="860" time="0.040" /><testcase classname="azext_iot.tests.iothub.jobs.test_iothub_jobs_unit.TestJobList" name="test_job_list[serviceclient0-export-failed-1]" file="azext_iot\tests\iothub\jobs\test_iothub_jobs_unit.py" line="860" time="0.042" /><testcase classname="azext_iot.tests.iothub.jobs.test_iothub_jobs_unit.TestJobList" name="test_job_list[serviceclient0-None-None-None]" file="azext_iot\tests\iothub\jobs\test_iothub_jobs_unit.py" line="860" time="0.052" /><testcase classname="azext_iot.tests.iothub.jobs.test_iothub_jobs_unit.TestJobList" name="test_job_list[serviceclient0-None-None-2]" file="azext_iot\tests\iothub\jobs\test_iothub_jobs_unit.py" line="860" time="0.041" /><testcase classname="azext_iot.tests.iothub.jobs.test_iothub_jobs_unit.TestJobList" name="test_job_list[serviceclient0-None-None-5]" file="azext_iot\tests\iothub\jobs\test_iothub_jobs_unit.py" line="860" time="0.050" /><testcase classname="azext_iot.tests.iothub.jobs.test_iothub_jobs_unit.TestJobList" name="test_job_list[serviceclient1-scheduleUpdateTwin-None-None]" file="azext_iot\tests\iothub\jobs\test_iothub_jobs_unit.py" line="860" time="0.042" /><testcase classname="azext_iot.tests.iothub.jobs.test_iothub_jobs_unit.TestJobList" name="test_job_list[serviceclient1-scheduleDeviceMethod-completed-None]" file="azext_iot\tests\iothub\jobs\test_iothub_jobs_unit.py" line="860" time="0.041" /><testcase classname="azext_iot.tests.iothub.jobs.test_iothub_jobs_unit.TestJobList" name="test_job_list[serviceclient1-export-failed-1]" file="azext_iot\tests\iothub\jobs\test_iothub_jobs_unit.py" line="860" time="0.049" /><testcase classname="azext_iot.tests.iothub.jobs.test_iothub_jobs_unit.TestJobList" name="test_job_list[serviceclient1-None-None-None]" file="azext_iot\tests\iothub\jobs\test_iothub_jobs_unit.py" line="860" time="0.066" /><testcase classname="azext_iot.tests.iothub.jobs.test_iothub_jobs_unit.TestJobList" name="test_job_list[serviceclient1-None-None-2]" file="azext_iot\tests\iothub\jobs\test_iothub_jobs_unit.py" line="860" time="0.042" /><testcase classname="azext_iot.tests.iothub.jobs.test_iothub_jobs_unit.TestJobList" name="test_job_list[serviceclient1-None-None-5]" file="azext_iot\tests\iothub\jobs\test_iothub_jobs_unit.py" line="860" time="0.051" /><testcase classname="azext_iot.tests.iothub.jobs.test_iothub_jobs_unit.TestJobList" name="test_job_list[serviceclient2-scheduleUpdateTwin-None-None]" file="azext_iot\tests\iothub\jobs\test_iothub_jobs_unit.py" line="860" time="0.037" /><testcase classname="azext_iot.tests.iothub.jobs.test_iothub_jobs_unit.TestJobList" name="test_job_list[serviceclient2-scheduleDeviceMethod-completed-None]" file="azext_iot\tests\iothub\jobs\test_iothub_jobs_unit.py" line="860" time="0.040" /><testcase classname="azext_iot.tests.iothub.jobs.test_iothub_jobs_unit.TestJobList" name="test_job_list[serviceclient2-export-failed-1]" file="azext_iot\tests\iothub\jobs\test_iothub_jobs_unit.py" line="860" time="0.043" /><testcase classname="azext_iot.tests.iothub.jobs.test_iothub_jobs_unit.TestJobList" name="test_job_list[serviceclient2-None-None-None]" file="azext_iot\tests\iothub\jobs\test_iothub_jobs_unit.py" line="860" time="0.055" /><testcase classname="azext_iot.tests.iothub.jobs.test_iothub_jobs_unit.TestJobList" name="test_job_list[serviceclient2-None-None-2]" file="azext_iot\tests\iothub\jobs\test_iothub_jobs_unit.py" line="860" time="0.065" /><testcase classname="azext_iot.tests.iothub.jobs.test_iothub_jobs_unit.TestJobList" name="test_job_list[serviceclient2-None-None-5]" file="azext_iot\tests\iothub\jobs\test_iothub_jobs_unit.py" line="860" time="0.050" /><testcase classname="azext_iot.tests.iothub.jobs.test_iothub_jobs_unit.TestJobList" name="test_job_list[serviceclient3-scheduleUpdateTwin-None-None]" file="azext_iot\tests\iothub\jobs\test_iothub_jobs_unit.py" line="860" time="0.046" /><testcase classname="azext_iot.tests.iothub.jobs.test_iothub_jobs_unit.TestJobList" name="test_job_list[serviceclient3-scheduleDeviceMethod-completed-None]" file="azext_iot\tests\iothub\jobs\test_iothub_jobs_unit.py" line="860" time="0.040" /><testcase classname="azext_iot.tests.iothub.jobs.test_iothub_jobs_unit.TestJobList" name="test_job_list[serviceclient3-export-failed-1]" file="azext_iot\tests\iothub\jobs\test_iothub_jobs_unit.py" line="860" time="0.086" /><testcase classname="azext_iot.tests.iothub.jobs.test_iothub_jobs_unit.TestJobList" name="test_job_list[serviceclient3-None-None-None]" file="azext_iot\tests\iothub\jobs\test_iothub_jobs_unit.py" line="860" time="0.049" /><testcase classname="azext_iot.tests.iothub.jobs.test_iothub_jobs_unit.TestJobList" name="test_job_list[serviceclient3-None-None-2]" file="azext_iot\tests\iothub\jobs\test_iothub_jobs_unit.py" line="860" time="0.054" /><testcase classname="azext_iot.tests.iothub.jobs.test_iothub_jobs_unit.TestJobList" name="test_job_list[serviceclient3-None-None-5]" file="azext_iot\tests\iothub\jobs\test_iothub_jobs_unit.py" line="860" time="0.054" /><testcase classname="azext_iot.tests.iothub.jobs.test_iothub_jobs_unit.TestJobList" name="test_job_list_error[400]" file="azext_iot\tests\iothub\jobs\test_iothub_jobs_unit.py" line="956" time="0.069" /><testcase classname="azext_iot.tests.iothub.jobs.test_iothub_jobs_unit.TestJobList" name="test_job_list_error[401]" file="azext_iot\tests\iothub\jobs\test_iothub_jobs_unit.py" line="956" time="0.072" /><testcase classname="azext_iot.tests.iothub.jobs.test_iothub_jobs_unit.TestJobList" name="test_job_list_error[500]" file="azext_iot\tests\iothub\jobs\test_iothub_jobs_unit.py" line="956" time="0.078" /><testcase classname="azext_iot.tests.iothub.pnp_runtime.test_iot_pnp_runtime_unit.TestPnPRuntimeInvokeCommand" name="test_pnp_runtime_invoke_root_command[201-{}-24]" file="azext_iot\tests\iothub\pnp_runtime\test_iot_pnp_runtime_unit.py" line="60" time="0.093" /><testcase classname="azext_iot.tests.iothub.pnp_runtime.test_iot_pnp_runtime_unit.TestPnPRuntimeInvokeCommand" name="test_pnp_runtime_invoke_root_command[201-{&quot;key&quot;: &quot;3b768f8b4c1f4dfba70d84180753c0b8&quot;}-None]" file="azext_iot\tests\iothub\pnp_runtime\test_iot_pnp_runtime_unit.py" line="60" time="0.034" /><testcase classname="azext_iot.tests.iothub.pnp_runtime.test_iot_pnp_runtime_unit.TestPnPRuntimeInvokeCommand" name="test_pnp_runtime_invoke_component_command[201-{}-25]" file="azext_iot\tests\iothub\pnp_runtime\test_iot_pnp_runtime_unit.py" line="88" time="0.037" /><testcase classname="azext_iot.tests.iothub.pnp_runtime.test_iot_pnp_runtime_unit.TestPnPRuntimeInvokeCommand" name="test_pnp_runtime_invoke_component_command[201-{&quot;key&quot;: &quot;6166477d6ed54f8eb1b9964f77ab84a7&quot;}-None]" file="azext_iot\tests\iothub\pnp_runtime\test_iot_pnp_runtime_unit.py" line="88" time="0.040" /><testcase classname="azext_iot.tests.iothub.pnp_runtime.test_iot_pnp_runtime_unit.TestPnPRuntimeInvokeCommand" name="test_pnp_runtime_invoke_command_error[400]" file="azext_iot\tests\iothub\pnp_runtime\test_iot_pnp_runtime_unit.py" line="117" time="0.047" /><testcase classname="azext_iot.tests.iothub.pnp_runtime.test_iot_pnp_runtime_unit.TestPnPRuntimeInvokeCommand" name="test_pnp_runtime_invoke_command_error[401]" file="azext_iot\tests\iothub\pnp_runtime\test_iot_pnp_runtime_unit.py" line="117" time="0.067" /><testcase classname="azext_iot.tests.iothub.pnp_runtime.test_iot_pnp_runtime_unit.TestPnPRuntimeInvokeCommand" name="test_pnp_runtime_invoke_command_error[500]" file="azext_iot\tests\iothub\pnp_runtime\test_iot_pnp_runtime_unit.py" line="117" time="0.102" /><testcase classname="azext_iot.tests.iothub.pnp_runtime.test_iot_pnp_runtime_unit.TestPnPRuntimeShowDigitalTwin" name="test_pnp_runtime_show_digital_twin" file="azext_iot\tests\iothub\pnp_runtime\test_iot_pnp_runtime_unit.py" line="188" time="0.076" /><testcase classname="azext_iot.tests.iothub.pnp_runtime.test_iot_pnp_runtime_unit.TestPnPRuntimeUpdateDigitalTwin" name="test_pnp_runtime_update_digital_twin[[{&quot;op&quot;:&quot;remove&quot;, &quot;path&quot;:&quot;/thermostat1/targetTemperature&quot;}, {&quot;op&quot;:&quot;add&quot;, &quot;path&quot;:&quot;/thermostat2/targetTemperature&quot;, &quot;value&quot;: 22}]-69ce35d129364c9e8d6708740b9fe718]" file="azext_iot\tests\iothub\pnp_runtime\test_iot_pnp_runtime_unit.py" line="231" time="0.052" /><testcase classname="azext_iot.tests.iothub.pnp_runtime.test_iot_pnp_runtime_unit.TestPnPRuntimeUpdateDigitalTwin" name="test_pnp_runtime_update_digital_twin[{&quot;op&quot;:&quot;add&quot;, &quot;path&quot;:&quot;/thermostat1/targetTemperature&quot;, &quot;value&quot;: 54}-None]" file="azext_iot\tests\iothub\pnp_runtime\test_iot_pnp_runtime_unit.py" line="231" time="0.045" /><testcase classname="azext_iot.tests.product.test_command_test_case_update_unit.TestTestCaseUpdate" name="test_update" file="azext_iot\tests\product\test_command_test_case_update_unit.py" line="35" time="0.015" /><testcase classname="azext_iot.tests.product.test_command_test_case_update_unit.TestTestCaseUpdate" name="test_update_with_missing_file" file="azext_iot\tests\product\test_command_test_case_update_unit.py" line="17" time="0.003" /><testcase classname="azext_iot.tests.product.test_command_test_create_unit.TestTestCreateUnit" name="test_connection_string_for_iot_device_fails" file="azext_iot\tests\product\test_command_test_create_unit.py" line="66" time="0.003" /><testcase classname="azext_iot.tests.product.test_command_test_create_unit.TestTestCreateUnit" name="test_connection_string_for_pnp_fails" file="azext_iot\tests\product\test_command_test_create_unit.py" line="52" time="0.002" /><testcase classname="azext_iot.tests.product.test_command_test_create_unit.TestTestCreateUnit" name="test_create_certification_with_missing_product_id_fails" file="azext_iot\tests\product\test_command_test_create_unit.py" line="97" time="0.002" /><testcase classname="azext_iot.tests.product.test_command_test_create_unit.TestTestCreateUnit" name="test_create_with_cert_auth_reads_cert_file" file="azext_iot\tests\product\test_command_test_create_unit.py" line="181" time="0.019" /><testcase classname="azext_iot.tests.product.test_command_test_create_unit.TestTestCreateUnit" name="test_create_with_configuration_file" file="azext_iot\tests\product\test_command_test_create_unit.py" line="277" time="0.017" /><testcase classname="azext_iot.tests.product.test_command_test_create_unit.TestTestCreateUnit" name="test_create_with_default_badge_type_doesnt_check_models" file="azext_iot\tests\product\test_command_test_create_unit.py" line="112" time="0.020" /><testcase classname="azext_iot.tests.product.test_command_test_create_unit.TestTestCreateUnit" name="test_create_with_missing_device_type_fails" file="azext_iot\tests\product\test_command_test_create_unit.py" line="83" time="0.006" /><testcase classname="azext_iot.tests.product.test_command_test_create_unit.TestTestCreateUnit" name="test_create_with_no_parameters_fails" file="azext_iot\tests\product\test_command_test_create_unit.py" line="17" time="0.006" /><testcase classname="azext_iot.tests.product.test_command_test_create_unit.TestTestCreateUnit" name="test_create_with_pnp_and_no_models_fails" file="azext_iot\tests\product\test_command_test_create_unit.py" line="75" time="0.004" /><testcase classname="azext_iot.tests.product.test_command_test_create_unit.TestTestCreateUnit" name="test_create_with_pnp_badge_type_checks_models" file="azext_iot\tests\product\test_command_test_create_unit.py" line="139" time="0.034" /><testcase classname="azext_iot.tests.product.test_command_test_create_unit.TestTestCreateUnit" name="test_create_with_tpm" file="azext_iot\tests\product\test_command_test_create_unit.py" line="231" time="0.023" /><testcase classname="azext_iot.tests.product.test_command_test_create_unit.TestTestCreateUnit" name="test_create_with_tpm_and_no_endorsement_key_fails" file="azext_iot\tests\product\test_command_test_create_unit.py" line="30" time="0.003" /><testcase classname="azext_iot.tests.product.test_command_test_create_unit.TestTestCreateUnit" name="test_create_with_x509_and_no_certificate_fails" file="azext_iot\tests\product\test_command_test_create_unit.py" line="21" time="0.004" /><testcase classname="azext_iot.tests.product.test_command_test_create_unit.TestTestCreateUnit" name="test_edge_module_without_connection_string_fails" file="azext_iot\tests\product\test_command_test_create_unit.py" line="39" time="0.003" /><testcase classname="azext_iot.tests.product.test_command_test_create_unit.TestTestCreateUnit" name="test_process_models_directory_as_file" file="azext_iot\tests\product\test_command_test_create_unit.py" line="286" time="0.008" /><testcase classname="azext_iot.tests.product.test_command_test_run_unit.TestRunShow" name="test_run_show" file="azext_iot\tests\product\test_command_test_run_unit.py" line="74" time="0.015" /><testcase classname="azext_iot.tests.product.test_command_test_run_unit.TestRunShow" name="test_run_show_latest" file="azext_iot\tests\product\test_command_test_run_unit.py" line="65" time="0.013" /><testcase classname="azext_iot.tests.product.test_command_test_run_unit.TestRunShow" name="test_run_show_latest_wait" file="azext_iot\tests\product\test_command_test_run_unit.py" line="87" time="3.023" /><testcase classname="azext_iot.tests.product.test_command_test_run_unit.TestRunShow" name="test_sdk_run_show_error" file="azext_iot\tests\product\test_command_test_run_unit.py" line="105" time="0.016" /><testcase classname="azext_iot.tests.product.test_command_test_run_unit.TestRunSubmit" name="test_run_submit" file="azext_iot\tests\product\test_command_test_run_unit.py" line="119" time="0.037" /><testcase classname="azext_iot.tests.product.test_command_test_run_unit.TestRunSDK" name="test_sdk_run_show[200]" file="azext_iot\tests\product\test_command_test_run_unit.py" line="189" time="0.080" /><testcase classname="azext_iot.tests.product.test_command_test_run_unit.TestRunSDK" name="test_sdk_run_show_wait[200]" file="azext_iot\tests\product\test_command_test_run_unit.py" line="210" time="1.059" /><testcase classname="azext_iot.tests.product.test_command_test_run_unit.TestRunSDK" name="test_sdk_task_submit[204]" file="azext_iot\tests\product\test_command_test_run_unit.py" line="227" time="0.033" /><testcase classname="azext_iot.tests.product.test_command_test_search_unit.SearchClass" name="test_search_called_with_certificate_name" file="azext_iot\tests\product\test_command_test_search_unit.py" line="41" time="0.012" /><testcase classname="azext_iot.tests.product.test_command_test_search_unit.SearchClass" name="test_search_called_with_product_id" file="azext_iot\tests\product\test_command_test_search_unit.py" line="19" time="0.018" /><testcase classname="azext_iot.tests.product.test_command_test_search_unit.SearchClass" name="test_search_called_with_registration_id" file="azext_iot\tests\product\test_command_test_search_unit.py" line="30" time="0.015" /><testcase classname="azext_iot.tests.product.test_command_test_search_unit.SearchClass" name="test_search_not_called_when_no_criteria" file="azext_iot\tests\product\test_command_test_search_unit.py" line="14" time="0.007" /><testcase classname="azext_iot.tests.product.test_command_test_update_unit.TestTestUpdateUnit" name="test_connection_string_for_pnp_fails" file="azext_iot\tests\product\test_command_test_update_unit.py" line="62" time="0.003" /><testcase classname="azext_iot.tests.product.test_command_test_update_unit.TestTestUpdateUnit" name="test_edge_module_without_connection_string_fails" file="azext_iot\tests\product\test_command_test_update_unit.py" line="48" time="0.003" /><testcase classname="azext_iot.tests.product.test_command_test_update_unit.TestTestUpdateUnit" name="test_update_from_file" file="azext_iot\tests\product\test_command_test_update_unit.py" line="77" time="0.016" /><testcase classname="azext_iot.tests.product.test_command_test_update_unit.TestTestUpdateUnit" name="test_update_iotdevice_to_pnp" file="azext_iot\tests\product\test_command_test_update_unit.py" line="258" time="0.043" /><testcase classname="azext_iot.tests.product.test_command_test_update_unit.TestTestUpdateUnit" name="test_update_pnp_to_iotdevice" file="azext_iot\tests\product\test_command_test_update_unit.py" line="339" time="0.066" /><testcase classname="azext_iot.tests.product.test_command_test_update_unit.TestTestUpdateUnit" name="test_update_symmetric_key_to_cert" file="azext_iot\tests\product\test_command_test_update_unit.py" line="91" time="0.041" /><testcase classname="azext_iot.tests.product.test_command_test_update_unit.TestTestUpdateUnit" name="test_update_symmetric_key_to_symmetric_key" file="azext_iot\tests\product\test_command_test_update_unit.py" line="204" time="0.021" /><testcase classname="azext_iot.tests.product.test_command_test_update_unit.TestTestUpdateUnit" name="test_update_symmetric_key_to_tpm" file="azext_iot\tests\product\test_command_test_update_unit.py" line="151" time="0.061" /><testcase classname="azext_iot.tests.product.test_command_test_update_unit.TestTestUpdateUnit" name="test_update_with_pnp_and_no_models_fails" file="azext_iot\tests\product\test_command_test_update_unit.py" line="40" time="0.006" /><testcase classname="azext_iot.tests.product.test_command_test_update_unit.TestTestUpdateUnit" name="test_update_with_tpm_and_no_endorsement_key_fails" file="azext_iot\tests\product\test_command_test_update_unit.py" line="29" time="0.007" /><testcase classname="azext_iot.tests.product.test_command_test_update_unit.TestTestUpdateUnit" name="test_update_with_x509_and_no_certificate_fails" file="azext_iot\tests\product\test_command_test_update_unit.py" line="18" time="0.013" /><testcase classname="azext_iot.tests.product.test_device_test_tasks_unit.TestTaskCreate" name="test_task_create" file="azext_iot\tests\product\test_device_test_tasks_unit.py" line="57" time="0.039" /><testcase classname="azext_iot.tests.product.test_device_test_tasks_unit.TestTaskCreate" name="test_task_create_empty_response" file="azext_iot\tests\product\test_device_test_tasks_unit.py" line="123" time="0.033" /><testcase classname="azext_iot.tests.product.test_device_test_tasks_unit.TestTaskCreate" name="test_task_create_failure" file="azext_iot\tests\product\test_device_test_tasks_unit.py" line="114" time="0.022" /><testcase classname="azext_iot.tests.product.test_device_test_tasks_unit.TestTaskCreate" name="test_task_create_no_wait" file="azext_iot\tests\product\test_device_test_tasks_unit.py" line="91" time="0.032" /><testcase classname="azext_iot.tests.product.test_device_test_tasks_unit.TestTaskCreate" name="test_task_create_wait" file="azext_iot\tests\product\test_device_test_tasks_unit.py" line="64" time="3.073" /><testcase classname="azext_iot.tests.product.test_device_test_tasks_unit.TestTaskShow" name="test_task_show_incorrect_params" file="azext_iot\tests\product\test_device_test_tasks_unit.py" line="155" time="0.021" /><testcase classname="azext_iot.tests.product.test_device_test_tasks_unit.TestTaskShow" name="test_task_show_running" file="azext_iot\tests\product\test_device_test_tasks_unit.py" line="147" time="0.022" /><testcase classname="azext_iot.tests.product.test_device_test_tasks_unit.TestTaskShow" name="test_task_show_task" file="azext_iot\tests\product\test_device_test_tasks_unit.py" line="139" time="0.032" /><testcase classname="azext_iot.tests.product.test_device_test_tasks_unit.TestTaskDelete" name="test_task_delete" file="azext_iot\tests\product\test_device_test_tasks_unit.py" line="165" time="0.022" /><testcase classname="azext_iot.tests.product.test_device_test_tasks_unit.TestTasksSDK" name="test_sdk_task_create[202]" file="azext_iot\tests\product\test_device_test_tasks_unit.py" line="274" time="0.077" /><testcase classname="azext_iot.tests.product.test_device_test_tasks_unit.TestTasksSDK" name="test_sdk_task_create_wait[200-202]" file="azext_iot\tests\product\test_device_test_tasks_unit.py" line="283" time="1.082" /><testcase classname="azext_iot.tests.product.test_device_test_tasks_unit.TestTasksSDK" name="test_sdk_task_delete[202]" file="azext_iot\tests\product\test_device_test_tasks_unit.py" line="313" time="0.078" /><testcase classname="azext_iot.tests.product.test_device_test_tasks_unit.TestTasksSDK" name="test_sdk_task_show_task[200]" file="azext_iot\tests\product\test_device_test_tasks_unit.py" line="326" time="0.049" /><testcase classname="azext_iot.tests.product.test_device_test_tasks_unit.TestTasksSDK" name="test_sdk_task_show_running[200]" file="azext_iot\tests\product\test_device_test_tasks_unit.py" line="337" time="0.061" /><testcase classname="azext_iot.tests.utility.test_iot_utility_unit.TestMinPython" name="test_min_python[3-6]" file="azext_iot\tests\utility\test_iot_utility_unit.py" line="27" time="0.006" /><testcase classname="azext_iot.tests.utility.test_iot_utility_unit.TestMinPython" name="test_min_python[3-4]" file="azext_iot\tests\utility\test_iot_utility_unit.py" line="27" time="0.003" /><testcase classname="azext_iot.tests.utility.test_iot_utility_unit.TestMinPython" name="test_min_python[2-7]" file="azext_iot\tests\utility\test_iot_utility_unit.py" line="27" time="0.006" /><testcase classname="azext_iot.tests.utility.test_iot_utility_unit.TestMinPython" name="test_min_python_error[3-6-SystemExit]" file="azext_iot\tests\utility\test_iot_utility_unit.py" line="35" time="0.004" /><testcase classname="azext_iot.tests.utility.test_iot_utility_unit.TestMinPython" name="test_min_python_error[3-4-SystemExit]" file="azext_iot\tests\utility\test_iot_utility_unit.py" line="35" time="0.005" /><testcase classname="azext_iot.tests.utility.test_iot_utility_unit.TestMinPython" name="test_min_python_error[2-7-SystemExit]" file="azext_iot\tests\utility\test_iot_utility_unit.py" line="35" time="0.006" /><testcase classname="azext_iot.tests.utility.test_iot_utility_unit.TestMode2Handler" name="test_mode2_login[mode2_scenario0]" file="azext_iot\tests\utility\test_iot_utility_unit.py" line="77" time="0.006" /><testcase classname="azext_iot.tests.utility.test_iot_utility_unit.TestMode2Handler" name="test_mode2_login[mode2_scenario1]" file="azext_iot\tests\utility\test_iot_utility_unit.py" line="77" time="0.009" /><testcase classname="azext_iot.tests.utility.test_iot_utility_unit.TestMode2Handler" name="test_mode2_login[mode2_scenario2]" file="azext_iot\tests\utility\test_iot_utility_unit.py" line="77" time="0.003" /><testcase classname="azext_iot.tests.utility.test_iot_utility_unit.TestMode2Handler" name="test_mode2_login[mode2_scenario3]" file="azext_iot\tests\utility\test_iot_utility_unit.py" line="77" time="0.006" /><testcase classname="azext_iot.tests.utility.test_iot_utility_unit.TestMode2Handler" name="test_mode2_login[mode2_scenario4]" file="azext_iot\tests\utility\test_iot_utility_unit.py" line="77" time="0.004" /><testcase classname="azext_iot.tests.utility.test_iot_utility_unit.TestMode2Handler" name="test_mode2_login[mode2_scenario5]" file="azext_iot\tests\utility\test_iot_utility_unit.py" line="77" time="0.004" /><testcase classname="azext_iot.tests.utility.test_iot_utility_unit.TestMode2Handler" name="test_mode2_login[mode2_scenario6]" file="azext_iot\tests\utility\test_iot_utility_unit.py" line="77" time="0.003" /><testcase classname="azext_iot.tests.utility.test_iot_utility_unit.TestMode2Handler" name="test_mode2_login[mode2_scenario7]" file="azext_iot\tests\utility\test_iot_utility_unit.py" line="77" time="0.007" /><testcase classname="azext_iot.tests.utility.test_iot_utility_unit.TestMode2Handler" name="test_mode2_login[mode2_scenario8]" file="azext_iot\tests\utility\test_iot_utility_unit.py" line="77" time="0.002" /><testcase classname="azext_iot.tests.utility.test_iot_utility_unit.TestEnsureUamqp" name="test_ensure_uamqp_version[importerror-None-y]" file="azext_iot\tests\utility\test_iot_utility_unit.py" line="114" time="0.012" /><testcase classname="azext_iot.tests.utility.test_iot_utility_unit.TestEnsureUamqp" name="test_ensure_uamqp_version[importerror-None-n]" file="azext_iot\tests\utility\test_iot_utility_unit.py" line="114" time="0.017" /><testcase classname="azext_iot.tests.utility.test_iot_utility_unit.TestEnsureUamqp" name="test_ensure_uamqp_version[importerror-yes;-None]" file="azext_iot\tests\utility\test_iot_utility_unit.py" line="114" time="0.009" /><testcase classname="azext_iot.tests.utility.test_iot_utility_unit.TestEnsureUamqp" name="test_ensure_uamqp_version[compatibility-None-y]" file="azext_iot\tests\utility\test_iot_utility_unit.py" line="114" time="0.017" /><testcase classname="azext_iot.tests.utility.test_iot_utility_unit.TestEnsureUamqp" name="test_ensure_uamqp_version[compatibility-None-n]" file="azext_iot\tests\utility\test_iot_utility_unit.py" line="114" time="0.017" /><testcase classname="azext_iot.tests.utility.test_iot_utility_unit.TestEnsureUamqp" name="test_ensure_uamqp_version[compatibility-yes;-None]" file="azext_iot\tests\utility\test_iot_utility_unit.py" line="114" time="0.016" /><testcase classname="azext_iot.tests.utility.test_iot_utility_unit.TestEnsureUamqp" name="test_ensure_uamqp_version[repair-repair;-y]" file="azext_iot\tests\utility\test_iot_utility_unit.py" line="114" time="0.015" /><testcase classname="azext_iot.tests.utility.test_iot_utility_unit.TestEnsureUamqp" name="test_ensure_uamqp_version[repair-repair;yes;-None]" file="azext_iot\tests\utility\test_iot_utility_unit.py" line="114" time="0.012" /><testcase classname="azext_iot.tests.utility.test_iot_utility_unit.TestEnsureUamqp" name="test_ensure_uamqp_version[repair-repair;-n]" file="azext_iot\tests\utility\test_iot_utility_unit.py" line="114" time="0.019" /><testcase classname="azext_iot.tests.utility.test_iot_utility_unit.TestInstallPipPackage" name="test_pip_install[install_type0-uamqp-uamqp==1.2]" file="azext_iot\tests\utility\test_iot_utility_unit.py" line="179" time="0.018" /><testcase classname="azext_iot.tests.utility.test_iot_utility_unit.TestInstallPipPackage" name="test_pip_install[install_type1-uamqp-uamqp~=1.2]" file="azext_iot\tests\utility\test_iot_utility_unit.py" line="179" time="0.016" /><testcase classname="azext_iot.tests.utility.test_iot_utility_unit.TestInstallPipPackage" name="test_pip_install[install_type2-uamqp-uamqp&gt;=1.2,&lt;1.3]" file="azext_iot\tests\utility\test_iot_utility_unit.py" line="179" time="0.020" /><testcase classname="azext_iot.tests.utility.test_iot_utility_unit.TestInstallPipPackage" name="test_pip_error" file="azext_iot\tests\utility\test_iot_utility_unit.py" line="212" time="0.010" /><testcase classname="azext_iot.tests.utility.test_iot_utility_unit.TestProcessJsonArg" name="test_inline_json[{&quot;authenticationType&quot;: &quot;sas&quot;}-myarg0]" file="azext_iot\tests\utility\test_iot_utility_unit.py" line="220" time="0.005" /><testcase classname="azext_iot.tests.utility.test_iot_utility_unit.TestProcessJsonArg" name="test_inline_json_fail[}&quot;authenticationType&quot;: &quot;sas&quot;{-myarg0]" file="azext_iot\tests\utility\test_iot_utility_unit.py" line="227" time="0.002" /><testcase classname="azext_iot.tests.utility.test_iot_utility_unit.TestProcessJsonArg" name="test_inline_json_fail[{&quot;authenticationType&quot;: }-myarg1]" file="azext_iot\tests\utility\test_iot_utility_unit.py" line="227" time="0.004" /><testcase classname="azext_iot.tests.utility.test_iot_utility_unit.TestProcessJsonArg" name="test_file_json[../iothub/configurations/test_adm_device_content.json-myarg0]" file="azext_iot\tests\utility\test_iot_utility_unit.py" line="242" time="0.004" /><testcase classname="azext_iot.tests.utility.test_iot_utility_unit.TestProcessJsonArg" name="test_file_json_fail_invalidpath[test_config_device_content_nothere.json-myarg0]" file="azext_iot\tests\utility\test_iot_utility_unit.py" line="250" time="0.008" /><testcase classname="azext_iot.tests.utility.test_iot_utility_unit.TestProcessJsonArg" name="test_file_json_fail_invalidcontent[../generators.py-myarg0]" file="azext_iot\tests\utility\test_iot_utility_unit.py" line="269" time="0.005" /><testcase classname="azext_iot.tests.utility.test_iot_utility_unit.TestVersionComparison" name="test_ensure_min_version[1.0-2.0-False]" file="azext_iot\tests\utility\test_iot_utility_unit.py" line="285" time="0.003" /><testcase classname="azext_iot.tests.utility.test_iot_utility_unit.TestVersionComparison" name="test_ensure_min_version[1.8.7-1.8.6.4-True]" file="azext_iot\tests\utility\test_iot_utility_unit.py" line="285" time="0.002" /><testcase classname="azext_iot.tests.utility.test_iot_utility_unit.TestVersionComparison" name="test_ensure_min_version[1.0+a-1.0-True]" file="azext_iot\tests\utility\test_iot_utility_unit.py" line="285" time="0.003" /><testcase classname="azext_iot.tests.utility.test_iot_utility_unit.TestVersionComparison" name="test_ensure_min_version[1.0+a-1.0+b-False]" file="azext_iot\tests\utility\test_iot_utility_unit.py" line="285" time="0.003" /><testcase classname="azext_iot.tests.utility.test_iot_utility_unit.TestVersionComparison" name="test_ensure_min_version[1.0-1.0-True]" file="azext_iot\tests\utility\test_iot_utility_unit.py" line="285" time="0.003" /><testcase classname="azext_iot.tests.utility.test_iot_utility_unit.TestVersionComparison" name="test_ensure_min_version[2.0.1.9-2.0.6-False]" file="azext_iot\tests\utility\test_iot_utility_unit.py" line="285" time="0.004" /><testcase classname="azext_iot.tests.utility.test_iot_utility_unit.TestEmbeddedCli" name="test_embedded_cli[0-iot hub device-identity create -n abcd -d dcba-None]" file="azext_iot\tests\utility\test_iot_utility_unit.py" line="312" time="0.008" /><testcase classname="azext_iot.tests.utility.test_iot_utility_unit.TestEmbeddedCli" name="test_embedded_cli[0-iot hub device-twin show -n 'abcd' -d 'dcba'-20a300e5-a444-4130-bb5a-1abd08ad930a]" file="azext_iot\tests\utility\test_iot_utility_unit.py" line="312" time="0.011" /><testcase classname="azext_iot.tests.utility.test_iot_utility_unit.TestEmbeddedCli" name="test_embedded_cli[1-iot hub device-identity create -n abcd -d dcba-None]" file="azext_iot\tests\utility\test_iot_utility_unit.py" line="312" time="0.012" /><testcase classname="azext_iot.tests.utility.test_iot_utility_unit.TestEmbeddedCli" name="test_embedded_cli[1-iot hub device-twin show -n 'abcd' -d 'dcba'-20a300e5-a444-4130-bb5a-1abd08ad930a]" file="azext_iot\tests\utility\test_iot_utility_unit.py" line="312" time="0.014" /><testcase classname="azext_iot.tests.utility.test_iot_utility_unit.TestCliInit" name="test_package_init" file="azext_iot\tests\utility\test_iot_utility_unit.py" line="350" time="0.031" /><testcase classname="azext_iot.tests.utility.test_monitor_parsers_unit.TestCommonParser" name="test_parse_message_should_succeed[iothub-interface-name-device-id-utf-8-application/json-interface_name-component_name-module-id-payload0-properties0-app_properties0]" file="azext_iot\tests\utility\test_monitor_parsers_unit.py" line="66" time="0.020" /><testcase classname="azext_iot.tests.utility.test_monitor_parsers_unit.TestCommonParser" name="test_parse_message_should_succeed[iothub-interface-name-device-id-utf-8-application/json-interface_name-component_name--payload1-properties1-app_properties1]" file="azext_iot\tests\utility\test_monitor_parsers_unit.py" line="66" time="0.010" /><testcase classname="azext_iot.tests.utility.test_monitor_parsers_unit.TestCommonParser" name="test_parse_message_should_succeed[iothub-interface-name-device-id-utf-8-application/json-interface_name---payload2-properties2-app_properties2]" file="azext_iot\tests\utility\test_monitor_parsers_unit.py" line="66" time="0.031" /><testcase classname="azext_iot.tests.utility.test_monitor_parsers_unit.TestCommonParser" name="test_parse_message_should_succeed[iothub-interface-name-device-id-utf-8-application/json----payload3-properties3-app_properties3]" file="azext_iot\tests\utility\test_monitor_parsers_unit.py" line="66" time="0.009" /><testcase classname="azext_iot.tests.utility.test_monitor_parsers_unit.TestCommonParser" name="test_parse_message_should_succeed[iothub-interface-name-device-id-utf-8-application/json----payload4-properties4-app_properties4]" file="azext_iot\tests\utility\test_monitor_parsers_unit.py" line="66" time="0.010" /><testcase classname="azext_iot.tests.utility.test_monitor_parsers_unit.TestCommonParser" name="test_parse_message_should_succeed[iothub-interface-name-device-id-utf-8-application/json----payload5-properties5-app_properties5]" file="azext_iot\tests\utility\test_monitor_parsers_unit.py" line="66" time="0.005" /><testcase classname="azext_iot.tests.utility.test_monitor_parsers_unit.TestCommonParser" name="test_parse_message_should_succeed[iothub-interface-name-device-id-utf-8-application/json----payload6-properties6-app_properties6]" file="azext_iot\tests\utility\test_monitor_parsers_unit.py" line="66" time="0.009" /><testcase classname="azext_iot.tests.utility.test_monitor_parsers_unit.TestCommonParser" name="test_parse_message_should_succeed[dt-dataschema-device-id-utf-8-application/json-interface_name-component_name-module-id-payload0-properties0-app_properties0]" file="azext_iot\tests\utility\test_monitor_parsers_unit.py" line="66" time="0.009" /><testcase classname="azext_iot.tests.utility.test_monitor_parsers_unit.TestCommonParser" name="test_parse_message_should_succeed[dt-dataschema-device-id-utf-8-application/json-interface_name-component_name--payload1-properties1-app_properties1]" file="azext_iot\tests\utility\test_monitor_parsers_unit.py" line="66" time="0.008" /><testcase classname="azext_iot.tests.utility.test_monitor_parsers_unit.TestCommonParser" name="test_parse_message_should_succeed[dt-dataschema-device-id-utf-8-application/json-interface_name---payload2-properties2-app_properties2]" file="azext_iot\tests\utility\test_monitor_parsers_unit.py" line="66" time="0.006" /><testcase classname="azext_iot.tests.utility.test_monitor_parsers_unit.TestCommonParser" name="test_parse_message_should_succeed[dt-dataschema-device-id-utf-8-application/json----payload3-properties3-app_properties3]" file="azext_iot\tests\utility\test_monitor_parsers_unit.py" line="66" time="0.004" /><testcase classname="azext_iot.tests.utility.test_monitor_parsers_unit.TestCommonParser" name="test_parse_message_should_succeed[dt-dataschema-device-id-utf-8-application/json----payload4-properties4-app_properties4]" file="azext_iot\tests\utility\test_monitor_parsers_unit.py" line="66" time="0.007" /><testcase classname="azext_iot.tests.utility.test_monitor_parsers_unit.TestCommonParser" name="test_parse_message_should_succeed[dt-dataschema-device-id-utf-8-application/json----payload5-properties5-app_properties5]" file="azext_iot\tests\utility\test_monitor_parsers_unit.py" line="66" time="0.018" /><testcase classname="azext_iot.tests.utility.test_monitor_parsers_unit.TestCommonParser" name="test_parse_message_should_succeed[dt-dataschema-device-id-utf-8-application/json----payload6-properties6-app_properties6]" file="azext_iot\tests\utility\test_monitor_parsers_unit.py" line="66" time="0.005" /><testcase classname="azext_iot.tests.utility.test_monitor_parsers_unit.TestCommonParser" name="test_parse_message_bad_content_type_should_warn" file="azext_iot\tests\utility\test_monitor_parsers_unit.py" line="207" time="0.010" /><testcase classname="azext_iot.tests.utility.test_monitor_parsers_unit.TestCommonParser" name="test_parse_bad_type_and_bad_payload_should_error" file="azext_iot\tests\utility\test_monitor_parsers_unit.py" line="233" time="0.004" /><testcase classname="azext_iot.tests.utility.test_monitor_parsers_unit.TestCommonParser" name="test_parse_message_bad_encoding_should_warn" file="azext_iot\tests\utility\test_monitor_parsers_unit.py" line="263" time="0.009" /><testcase classname="azext_iot.tests.utility.test_monitor_parsers_unit.TestCommonParser" name="test_parse_message_bad_json_should_fail" file="azext_iot\tests\utility\test_monitor_parsers_unit.py" line="282" time="0.004" /><testcase classname="azext_iot.tests.utility.test_monitor_parsers_unit.TestCentralParser" name="test_parse_message_bad_field_name_should_fail" file="azext_iot\tests\utility\test_monitor_parsers_unit.py" line="322" time="0.014" /><testcase classname="azext_iot.tests.utility.test_monitor_parsers_unit.TestCentralParser" name="test_validate_against_template_should_fail" file="azext_iot\tests\utility\test_monitor_parsers_unit.py" line="359" time="0.014" /><testcase classname="azext_iot.tests.utility.test_monitor_parsers_unit.TestCentralParser" name="test_validate_against_no_component_template_should_fail" file="azext_iot\tests\utility\test_monitor_parsers_unit.py" line="397" time="0.021" /><testcase classname="azext_iot.tests.utility.test_monitor_parsers_unit.TestCentralParser" name="test_validate_against_invalid_component_template_should_fail" file="azext_iot\tests\utility\test_monitor_parsers_unit.py" line="440" time="0.013" /><testcase classname="azext_iot.tests.utility.test_monitor_parsers_unit.TestCentralParser" name="test_validate_invalid_telmetry_component_template_should_fail" file="azext_iot\tests\utility\test_monitor_parsers_unit.py" line="487" time="0.014" /><testcase classname="azext_iot.tests.utility.test_monitor_parsers_unit.TestCentralParser" name="test_validate_against_bad_template_should_not_throw" file="azext_iot\tests\utility\test_monitor_parsers_unit.py" line="536" time="0.008" /><testcase classname="azext_iot.tests.utility.test_monitor_parsers_unit.TestCentralParser" name="test_type_mismatch_should_error" file="azext_iot\tests\utility\test_monitor_parsers_unit.py" line="572" time="0.120" /></testsuite></testsuites>